#
# There is insufficient memory for the Java Runtime Environment to continue.
# Native memory allocation (mmap) failed to map 65536 bytes. Error detail: Failed to commit metaspace.
# Possible reasons:
#   The system is out of physical RAM or swap space
#   This process is running with CompressedOops enabled, and the Java Heap may be blocking the growth of the native heap
# Possible solutions:
#   Reduce memory load on the system
#   Increase physical memory or swap space
#   Check if swap backing store is full
#   Decrease Java heap size (-Xmx/-Xms)
#   Decrease number of Java threads
#   Decrease Java thread stack sizes (-Xss)
#   Set larger code cache with -XX:ReservedCodeCacheSize=
#   JVM is running with Zero Based Compressed Oops mode in which the Java heap is
#     placed in the first 32GB address space. The Java Heap base address is the
#     maximum limit for the native heap growth. Please use -XX:HeapBaseMinAddress
#     to set the Java Heap base and to place the Java Heap above 32GB virtual address.
# This output file may be truncated or incomplete.
#
#  Out of Memory Error (virtualSpaceNode.cpp:112), pid=29236, tid=23140
#
# JRE version: Java(TM) SE Runtime Environment Oracle GraalVM 22.0.2+9.1 (22.0.2+9) (build 22.0.2+9-jvmci-b01)
# Java VM: Java HotSpot(TM) 64-Bit Server VM Oracle GraalVM 22.0.2+9.1 (22.0.2+9-jvmci-b01, mixed mode, sharing, tiered, jvmci, jvmci compiler, compressed oops, compressed class ptrs, g1 gc, windows-amd64)
# No core dump will be written. Minidumps are not enabled by default on client versions of Windows
#

---------------  S U M M A R Y ------------

Command Line: -XX:ThreadPriorityPolicy=1 -XX:+UnlockExperimentalVMOptions -XX:+EnableJVMCIProduct -XX:-UnlockExperimentalVMOptions org.itson.battleshippresentation.view.StrategyView

Host: AMD Ryzen 5 2600 Six-Core Processor            , 12 cores, 15G,  Windows 11 , 64 bit Build 22621 (10.0.22621.3958)
Time: Wed Oct 30 10:45:42 2024 Pacific Daylight Time elapsed time: 0.508783 seconds (0d 0h 0m 0s)

---------------  T H R E A D  ---------------

Current thread (0x000001b9d411f1a0):  JavaThread "AWT-EventQueue-0"        [_thread_in_vm, id=23140, stack(0x00000096d8400000,0x00000096d8500000) (1024K)]

Stack: [0x00000096d8400000,0x00000096d8500000]
Native frames: (J=compiled Java code, j=interpreted, Vv=VM code, C=native code)
V  [jvm.dll+0x6e26e9]  (no source info available)
V  [jvm.dll+0x875753]  (no source info available)
V  [jvm.dll+0x877b7e]  (no source info available)
V  [jvm.dll+0x878253]  (no source info available)
V  [jvm.dll+0x27fc86]  (no source info available)
V  [jvm.dll+0x87139e]  (no source info available)
V  [jvm.dll+0x685755]  (no source info available)
V  [jvm.dll+0x6857ba]  (no source info available)
V  [jvm.dll+0x687ffa]  (no source info available)
V  [jvm.dll+0x224f6c]  (no source info available)
V  [jvm.dll+0x68616e]  (no source info available)
V  [jvm.dll+0x6c315e]  (no source info available)
V  [jvm.dll+0x3c3ce5]  (no source info available)
V  [jvm.dll+0x6c3016]  (no source info available)
V  [jvm.dll+0x3c3ce5]  (no source info available)
V  [jvm.dll+0x6c2fef]  (no source info available)
V  [jvm.dll+0x3c3ce5]  (no source info available)
V  [jvm.dll+0x6c2fc2]  (no source info available)
V  [jvm.dll+0x3c3ce5]  (no source info available)
V  [jvm.dll+0x3c3c05]  (no source info available)
V  [jvm.dll+0x3da4d7]  (no source info available)
C  0x000001b9874baea7  (no source info available)

The last pc belongs to anewarray (printed below).
Java frames: (J=compiled Java code, j=interpreted, Vv=VM code)
j  java.awt.SystemColor.<clinit>()V+461 java.desktop@22.0.2
v  ~StubRoutines::call_stub 0x000001b9874a100d
j  sun.awt.windows.WPanelPeer.initialize()V+69 java.desktop@22.0.2
j  sun.awt.windows.WWindowPeer.initialize()V+1 java.desktop@22.0.2
j  sun.awt.windows.WFramePeer.initialize()V+1 java.desktop@22.0.2
j  sun.awt.windows.WComponentPeer.<init>(Ljava/awt/Component;)V+83 java.desktop@22.0.2
j  sun.awt.windows.WCanvasPeer.<init>(Ljava/awt/Component;)V+2 java.desktop@22.0.2
j  sun.awt.windows.WPanelPeer.<init>(Ljava/awt/Component;)V+2 java.desktop@22.0.2
j  sun.awt.windows.WWindowPeer.<init>(Ljava/awt/Window;)V+2 java.desktop@22.0.2
j  sun.awt.windows.WFramePeer.<init>(Ljava/awt/Frame;)V+2 java.desktop@22.0.2
j  sun.awt.windows.WToolkit.createFrame(Ljava/awt/Frame;)Ljava/awt/peer/FramePeer;+5 java.desktop@22.0.2
j  java.awt.Frame.addNotify()V+20 java.desktop@22.0.2
j  java.awt.Window.pack()V+28 java.desktop@22.0.2
j  org.itson.battleshippresentation.view.StrategyView.initComponents()V+49
j  org.itson.battleshippresentation.view.StrategyView.<init>()V+5
j  org.itson.battleshippresentation.view.StrategyView.getInstance()Lorg/itson/battleshippresentation/view/StrategyView;+10
j  org.itson.battleshippresentation.view.StrategyView$3.run()V+0
j  java.awt.event.InvocationEvent.dispatch()V+47 java.desktop@22.0.2
j  java.awt.EventQueue.dispatchEventImpl(Ljava/awt/AWTEvent;Ljava/lang/Object;)V+21 java.desktop@22.0.2
j  java.awt.EventQueue$4.run()Ljava/lang/Void;+32 java.desktop@22.0.2
j  java.awt.EventQueue$4.run()Ljava/lang/Object;+1 java.desktop@22.0.2
j  java.security.AccessController.executePrivileged(Ljava/security/PrivilegedAction;Ljava/security/AccessControlContext;Ljava/lang/Class;)Ljava/lang/Object;+29 java.base@22.0.2
j  java.security.AccessController.doPrivileged(Ljava/security/PrivilegedAction;Ljava/security/AccessControlContext;)Ljava/lang/Object;+13 java.base@22.0.2
j  java.security.ProtectionDomain$JavaSecurityAccessImpl.doIntersectionPrivilege(Ljava/security/PrivilegedAction;Ljava/security/AccessControlContext;Ljava/security/AccessControlContext;)Ljava/lang/Object;+18 java.base@22.0.2
j  java.awt.EventQueue.dispatchEvent(Ljava/awt/AWTEvent;)V+46 java.desktop@22.0.2
j  java.awt.EventDispatchThread.pumpOneEventForFilters(I)V+81 java.desktop@22.0.2
j  java.awt.EventDispatchThread.pumpEventsForFilter(ILjava/awt/Conditional;Ljava/awt/EventFilter;)V+35 java.desktop@22.0.2
j  java.awt.EventDispatchThread.pumpEventsForHierarchy(ILjava/awt/Conditional;Ljava/awt/Component;)V+11 java.desktop@22.0.2
j  java.awt.EventDispatchThread.pumpEvents(ILjava/awt/Conditional;)V+4 java.desktop@22.0.2
j  java.awt.EventDispatchThread.pumpEvents(Ljava/awt/Conditional;)V+3 java.desktop@22.0.2
j  java.awt.EventDispatchThread.run()V+9 java.desktop@22.0.2
v  ~StubRoutines::call_stub 0x000001b9874a100d
anewarray  189 anewarray  [0x000001b9874bae40, 0x000001b9874baf30]  240 bytes
[MachCode]
  0x000001b9874bae40: 8b04 2448 | 83c4 0845 | 0fb7 4501 | 410f c841 | c1e8 1048 | 8b55 e848 | 8b52 0848 | 8b52 08e8 
  0x000001b9874bae60: 0500 0000 | e9ab 0000 | 004c 8bc8 | 488d 4424 | 084c 896d | c049 8bcf | c5f8 7749 | 89af b003 
  0x000001b9874bae80: 0000 4989 | 87a0 0300 | 0048 83ec | 2040 f6c4 | 0f0f 8419 | 0000 0048 | 83ec 0848 | b860 a496 
  0x000001b9874baea0: 7efa 7f00 | 00ff d048 | 83c4 08e9 | 0c00 0000 | 48b8 60a4 | 967e fa7f | 0000 ffd0 | 4883 c420 
  0x000001b9874baec0: 49c7 87a0 | 0300 0000 | 0000 0049 | c787 b003 | 0000 0000 | 0000 49c7 | 87a8 0300 | 0000 0000 
  0x000001b9874baee0: 00c5 f877 | 4983 7f08 | 000f 8405 | 0000 00e9 | 0c60 feff | 498b 87f8 | 0300 0049 | c787 f803 
  0x000001b9874baf00: 0000 0000 | 0000 4c8b | 6dc0 4c8b | 75c8 4e8d | 74f5 00c3 | 410f b65d | 0349 83c5 | 0349 ba30 
  0x000001b9874baf20: 0921 7ffa | 7f00 0041 | ff24 da0f | 1f44 0000 
[/MachCode]

---------------  P R O C E S S  ---------------

Threads class SMR info:
_java_thread_list=0x000001b9d61377d0, length=16, elements={
0x000001b9d4114090, 0x000001b9fc84d200, 0x000001b9fc84dff0, 0x000001b9d4117fe0,
0x000001b9d411a660, 0x000001b9d4120be0, 0x000001b9d412ecd0, 0x000001b9d412f4c0,
0x000001b9d411e480, 0x000001b9d41d1680, 0x000001b9d4121270, 0x000001b9d411fec0,
0x000001b9d4121900, 0x000001b9d411eb10, 0x000001b9d411f1a0, 0x000001b9d411f830
}

Java Threads: ( => current thread )
  0x000001b9d4114090 JavaThread "Reference Handler"          daemon [_thread_blocked, id=27364, stack(0x00000096d7600000,0x00000096d7700000) (1024K)]
  0x000001b9fc84d200 JavaThread "Finalizer"                  daemon [_thread_blocked, id=25184, stack(0x00000096d7700000,0x00000096d7800000) (1024K)]
  0x000001b9fc84dff0 JavaThread "Signal Dispatcher"          daemon [_thread_blocked, id=26816, stack(0x00000096d7800000,0x00000096d7900000) (1024K)]
  0x000001b9d4117fe0 JavaThread "Attach Listener"            daemon [_thread_blocked, id=6628, stack(0x00000096d7900000,0x00000096d7a00000) (1024K)]
  0x000001b9d411a660 JavaThread "Service Thread"             daemon [_thread_blocked, id=25028, stack(0x00000096d7a00000,0x00000096d7b00000) (1024K)]
  0x000001b9d4120be0 JavaThread "Monitor Deflation Thread"   daemon [_thread_blocked, id=19876, stack(0x00000096d7b00000,0x00000096d7c00000) (1024K)]
  0x000001b9d412ecd0 JavaThread "JVMCI-native CompilerThread0" daemon [_thread_blocked, id=19952, stack(0x00000096d7c00000,0x00000096d7d00000) (1024K)]
  0x000001b9d412f4c0 JavaThread "C1 CompilerThread0"         daemon [_thread_blocked, id=29108, stack(0x00000096d7d00000,0x00000096d7e00000) (1024K)]
  0x000001b9d411e480 JavaThread "Common-Cleaner"             daemon [_thread_blocked, id=15396, stack(0x00000096d7e00000,0x00000096d7f00000) (1024K)]
  0x000001b9d41d1680 JavaThread "C1 CompilerThread1"         daemon [_thread_blocked, id=13556, stack(0x00000096d7f00000,0x00000096d8000000) (1024K)]
  0x000001b9d4121270 JavaThread "Notification Thread"        daemon [_thread_blocked, id=28972, stack(0x00000096d8000000,0x00000096d8100000) (1024K)]
  0x000001b9d411fec0 JavaThread "Java2D Disposer"            daemon [_thread_blocked, id=3404, stack(0x00000096d8100000,0x00000096d8200000) (1024K)]
  0x000001b9d4121900 JavaThread "AWT-Shutdown"                      [_thread_blocked, id=28912, stack(0x00000096d8200000,0x00000096d8300000) (1024K)]
  0x000001b9d411eb10 JavaThread "AWT-Windows"                daemon [_thread_in_native, id=23672, stack(0x00000096d8300000,0x00000096d8400000) (1024K)]
=>0x000001b9d411f1a0 JavaThread "AWT-EventQueue-0"                  [_thread_in_vm, id=23140, stack(0x00000096d8400000,0x00000096d8500000) (1024K)]
  0x000001b9d411f830 JavaThread "DestroyJavaVM"                     [_thread_blocked, id=24068, stack(0x00000096d6e00000,0x00000096d6f00000) (1024K)]
Total: 16

Other Threads:
  0x000001b9fc830300 VMThread "VM Thread"                           [id=7440, stack(0x00000096d7500000,0x00000096d7600000) (1024K)]
  0x000001b9fc8164c0 WatcherThread "VM Periodic Task Thread"        [id=23844, stack(0x00000096d7400000,0x00000096d7500000) (1024K)]
  0x000001b9eb0e8530 WorkerThread "GC Thread#0"                     [id=20200, stack(0x00000096d6f00000,0x00000096d7000000) (1024K)]
  0x000001b9eb0f95d0 ConcurrentGCThread "G1 Main Marker"            [id=29092, stack(0x00000096d7000000,0x00000096d7100000) (1024K)]
  0x000001b9eb0fa880 WorkerThread "G1 Conc#0"                       [id=24840, stack(0x00000096d7100000,0x00000096d7200000) (1024K)]
  0x000001b9eb13e820 ConcurrentGCThread "G1 Refine#0"               [id=7428, stack(0x00000096d7200000,0x00000096d7300000) (1024K)]
  0x000001b9fc6d64a0 ConcurrentGCThread "G1 Service"                [id=5156, stack(0x00000096d7300000,0x00000096d7400000) (1024K)]
Total: 7

Threads with active compile tasks:
Total: 0

VM state: not at safepoint (normal execution)

VM Mutex/Monitor currently owned by a thread:  ([mutex/lock_event])
[0x00007ffa7f1fab00] Metaspace_lock - owner thread: 0x000001b9d411f1a0
[0x00007ffa7f1fb880] MultiArray_lock - owner thread: 0x000001b9d411f1a0

Heap address: 0x0000000701000000, size: 4080 MB, Compressed Oops mode: Zero based, Oop shift amount: 3

CDS archive(s) mapped at: [0x000001b98f000000-0x000001b98fc60000-0x000001b98fc60000), size 12976128, SharedBaseAddress: 0x000001b98f000000, ArchiveRelocationMode: 1.
Compressed class space mapped at: 0x000001b990000000-0x000001b9d0000000, reserved size: 1073741824
Narrow klass base: 0x000001b98f000000, Narrow klass shift: 0, Narrow klass range: 0x41000000

GC Precious Log:
 CardTable entry size: 512
 Card Set container configuration: InlinePtr #cards 4 size 8 Array Of Cards #cards 16 size 48 Howl #buckets 8 coarsen threshold 3686 Howl Bitmap #cards 512 size 80 coarsen threshold 460 Card regions per heap region 1 cards per card region 4096
 CPUs: 12 total, 12 available
 Memory: 16315M
 Large Page Support: Disabled
 NUMA Support: Disabled
 Compressed Oops: Enabled (Zero based)
 Heap Region Size: 2M
 Heap Min Capacity: 8M
 Heap Initial Capacity: 256M
 Heap Max Capacity: 4080M
 Pre-touch: Disabled
 Parallel Workers: 10
 Concurrent Workers: 3
 Concurrent Refinement Workers: 10
 Periodic GC: Disabled

Heap:
 garbage-first heap   total reserved 4177920K, committed 262144K, used 8192K [0x0000000701000000, 0x0000000800000000)
  region size 2048K, 5 young (10240K), 0 survivors (0K)
 Metaspace       used 6958K, committed 7104K, reserved 1114112K
  class space    used 800K, committed 896K, reserved 1048576K

Heap Regions: E=young(eden), S=young(survivor), O=old, HS=humongous(starts), HC=humongous(continues), CS=collection set, F=free, TAMS=top-at-mark-start, PB=parsable bottom
|   0|0x0000000701000000, 0x0000000701000000, 0x0000000701200000|  0%| F|  |TAMS 0x0000000701000000| PB 0x0000000701000000| Untracked |  0
|   1|0x0000000701200000, 0x0000000701200000, 0x0000000701400000|  0%| F|  |TAMS 0x0000000701200000| PB 0x0000000701200000| Untracked |  0
|   2|0x0000000701400000, 0x0000000701400000, 0x0000000701600000|  0%| F|  |TAMS 0x0000000701400000| PB 0x0000000701400000| Untracked |  0
|   3|0x0000000701600000, 0x0000000701600000, 0x0000000701800000|  0%| F|  |TAMS 0x0000000701600000| PB 0x0000000701600000| Untracked |  0
|   4|0x0000000701800000, 0x0000000701800000, 0x0000000701a00000|  0%| F|  |TAMS 0x0000000701800000| PB 0x0000000701800000| Untracked |  0
|   5|0x0000000701a00000, 0x0000000701a00000, 0x0000000701c00000|  0%| F|  |TAMS 0x0000000701a00000| PB 0x0000000701a00000| Untracked |  0
|   6|0x0000000701c00000, 0x0000000701c00000, 0x0000000701e00000|  0%| F|  |TAMS 0x0000000701c00000| PB 0x0000000701c00000| Untracked |  0
|   7|0x0000000701e00000, 0x0000000701e00000, 0x0000000702000000|  0%| F|  |TAMS 0x0000000701e00000| PB 0x0000000701e00000| Untracked |  0
|   8|0x0000000702000000, 0x0000000702000000, 0x0000000702200000|  0%| F|  |TAMS 0x0000000702000000| PB 0x0000000702000000| Untracked |  0
|   9|0x0000000702200000, 0x0000000702200000, 0x0000000702400000|  0%| F|  |TAMS 0x0000000702200000| PB 0x0000000702200000| Untracked |  0
|  10|0x0000000702400000, 0x0000000702400000, 0x0000000702600000|  0%| F|  |TAMS 0x0000000702400000| PB 0x0000000702400000| Untracked |  0
|  11|0x0000000702600000, 0x0000000702600000, 0x0000000702800000|  0%| F|  |TAMS 0x0000000702600000| PB 0x0000000702600000| Untracked |  0
|  12|0x0000000702800000, 0x0000000702800000, 0x0000000702a00000|  0%| F|  |TAMS 0x0000000702800000| PB 0x0000000702800000| Untracked |  0
|  13|0x0000000702a00000, 0x0000000702a00000, 0x0000000702c00000|  0%| F|  |TAMS 0x0000000702a00000| PB 0x0000000702a00000| Untracked |  0
|  14|0x0000000702c00000, 0x0000000702c00000, 0x0000000702e00000|  0%| F|  |TAMS 0x0000000702c00000| PB 0x0000000702c00000| Untracked |  0
|  15|0x0000000702e00000, 0x0000000702e00000, 0x0000000703000000|  0%| F|  |TAMS 0x0000000702e00000| PB 0x0000000702e00000| Untracked |  0
|  16|0x0000000703000000, 0x0000000703000000, 0x0000000703200000|  0%| F|  |TAMS 0x0000000703000000| PB 0x0000000703000000| Untracked |  0
|  17|0x0000000703200000, 0x0000000703200000, 0x0000000703400000|  0%| F|  |TAMS 0x0000000703200000| PB 0x0000000703200000| Untracked |  0
|  18|0x0000000703400000, 0x0000000703400000, 0x0000000703600000|  0%| F|  |TAMS 0x0000000703400000| PB 0x0000000703400000| Untracked |  0
|  19|0x0000000703600000, 0x0000000703600000, 0x0000000703800000|  0%| F|  |TAMS 0x0000000703600000| PB 0x0000000703600000| Untracked |  0
|  20|0x0000000703800000, 0x0000000703800000, 0x0000000703a00000|  0%| F|  |TAMS 0x0000000703800000| PB 0x0000000703800000| Untracked |  0
|  21|0x0000000703a00000, 0x0000000703a00000, 0x0000000703c00000|  0%| F|  |TAMS 0x0000000703a00000| PB 0x0000000703a00000| Untracked |  0
|  22|0x0000000703c00000, 0x0000000703c00000, 0x0000000703e00000|  0%| F|  |TAMS 0x0000000703c00000| PB 0x0000000703c00000| Untracked |  0
|  23|0x0000000703e00000, 0x0000000703e00000, 0x0000000704000000|  0%| F|  |TAMS 0x0000000703e00000| PB 0x0000000703e00000| Untracked |  0
|  24|0x0000000704000000, 0x0000000704000000, 0x0000000704200000|  0%| F|  |TAMS 0x0000000704000000| PB 0x0000000704000000| Untracked |  0
|  25|0x0000000704200000, 0x0000000704200000, 0x0000000704400000|  0%| F|  |TAMS 0x0000000704200000| PB 0x0000000704200000| Untracked |  0
|  26|0x0000000704400000, 0x0000000704400000, 0x0000000704600000|  0%| F|  |TAMS 0x0000000704400000| PB 0x0000000704400000| Untracked |  0
|  27|0x0000000704600000, 0x0000000704600000, 0x0000000704800000|  0%| F|  |TAMS 0x0000000704600000| PB 0x0000000704600000| Untracked |  0
|  28|0x0000000704800000, 0x0000000704800000, 0x0000000704a00000|  0%| F|  |TAMS 0x0000000704800000| PB 0x0000000704800000| Untracked |  0
|  29|0x0000000704a00000, 0x0000000704a00000, 0x0000000704c00000|  0%| F|  |TAMS 0x0000000704a00000| PB 0x0000000704a00000| Untracked |  0
|  30|0x0000000704c00000, 0x0000000704c00000, 0x0000000704e00000|  0%| F|  |TAMS 0x0000000704c00000| PB 0x0000000704c00000| Untracked |  0
|  31|0x0000000704e00000, 0x0000000704e00000, 0x0000000705000000|  0%| F|  |TAMS 0x0000000704e00000| PB 0x0000000704e00000| Untracked |  0
|  32|0x0000000705000000, 0x0000000705000000, 0x0000000705200000|  0%| F|  |TAMS 0x0000000705000000| PB 0x0000000705000000| Untracked |  0
|  33|0x0000000705200000, 0x0000000705200000, 0x0000000705400000|  0%| F|  |TAMS 0x0000000705200000| PB 0x0000000705200000| Untracked |  0
|  34|0x0000000705400000, 0x0000000705400000, 0x0000000705600000|  0%| F|  |TAMS 0x0000000705400000| PB 0x0000000705400000| Untracked |  0
|  35|0x0000000705600000, 0x0000000705600000, 0x0000000705800000|  0%| F|  |TAMS 0x0000000705600000| PB 0x0000000705600000| Untracked |  0
|  36|0x0000000705800000, 0x0000000705800000, 0x0000000705a00000|  0%| F|  |TAMS 0x0000000705800000| PB 0x0000000705800000| Untracked |  0
|  37|0x0000000705a00000, 0x0000000705a00000, 0x0000000705c00000|  0%| F|  |TAMS 0x0000000705a00000| PB 0x0000000705a00000| Untracked |  0
|  38|0x0000000705c00000, 0x0000000705c00000, 0x0000000705e00000|  0%| F|  |TAMS 0x0000000705c00000| PB 0x0000000705c00000| Untracked |  0
|  39|0x0000000705e00000, 0x0000000705e00000, 0x0000000706000000|  0%| F|  |TAMS 0x0000000705e00000| PB 0x0000000705e00000| Untracked |  0
|  40|0x0000000706000000, 0x0000000706000000, 0x0000000706200000|  0%| F|  |TAMS 0x0000000706000000| PB 0x0000000706000000| Untracked |  0
|  41|0x0000000706200000, 0x0000000706200000, 0x0000000706400000|  0%| F|  |TAMS 0x0000000706200000| PB 0x0000000706200000| Untracked |  0
|  42|0x0000000706400000, 0x0000000706400000, 0x0000000706600000|  0%| F|  |TAMS 0x0000000706400000| PB 0x0000000706400000| Untracked |  0
|  43|0x0000000706600000, 0x0000000706600000, 0x0000000706800000|  0%| F|  |TAMS 0x0000000706600000| PB 0x0000000706600000| Untracked |  0
|  44|0x0000000706800000, 0x0000000706800000, 0x0000000706a00000|  0%| F|  |TAMS 0x0000000706800000| PB 0x0000000706800000| Untracked |  0
|  45|0x0000000706a00000, 0x0000000706a00000, 0x0000000706c00000|  0%| F|  |TAMS 0x0000000706a00000| PB 0x0000000706a00000| Untracked |  0
|  46|0x0000000706c00000, 0x0000000706c00000, 0x0000000706e00000|  0%| F|  |TAMS 0x0000000706c00000| PB 0x0000000706c00000| Untracked |  0
|  47|0x0000000706e00000, 0x0000000706e00000, 0x0000000707000000|  0%| F|  |TAMS 0x0000000706e00000| PB 0x0000000706e00000| Untracked |  0
|  48|0x0000000707000000, 0x0000000707000000, 0x0000000707200000|  0%| F|  |TAMS 0x0000000707000000| PB 0x0000000707000000| Untracked |  0
|  49|0x0000000707200000, 0x0000000707200000, 0x0000000707400000|  0%| F|  |TAMS 0x0000000707200000| PB 0x0000000707200000| Untracked |  0
|  50|0x0000000707400000, 0x0000000707400000, 0x0000000707600000|  0%| F|  |TAMS 0x0000000707400000| PB 0x0000000707400000| Untracked |  0
|  51|0x0000000707600000, 0x0000000707600000, 0x0000000707800000|  0%| F|  |TAMS 0x0000000707600000| PB 0x0000000707600000| Untracked |  0
|  52|0x0000000707800000, 0x0000000707800000, 0x0000000707a00000|  0%| F|  |TAMS 0x0000000707800000| PB 0x0000000707800000| Untracked |  0
|  53|0x0000000707a00000, 0x0000000707a00000, 0x0000000707c00000|  0%| F|  |TAMS 0x0000000707a00000| PB 0x0000000707a00000| Untracked |  0
|  54|0x0000000707c00000, 0x0000000707c00000, 0x0000000707e00000|  0%| F|  |TAMS 0x0000000707c00000| PB 0x0000000707c00000| Untracked |  0
|  55|0x0000000707e00000, 0x0000000707e00000, 0x0000000708000000|  0%| F|  |TAMS 0x0000000707e00000| PB 0x0000000707e00000| Untracked |  0
|  56|0x0000000708000000, 0x0000000708000000, 0x0000000708200000|  0%| F|  |TAMS 0x0000000708000000| PB 0x0000000708000000| Untracked |  0
|  57|0x0000000708200000, 0x0000000708200000, 0x0000000708400000|  0%| F|  |TAMS 0x0000000708200000| PB 0x0000000708200000| Untracked |  0
|  58|0x0000000708400000, 0x0000000708400000, 0x0000000708600000|  0%| F|  |TAMS 0x0000000708400000| PB 0x0000000708400000| Untracked |  0
|  59|0x0000000708600000, 0x0000000708600000, 0x0000000708800000|  0%| F|  |TAMS 0x0000000708600000| PB 0x0000000708600000| Untracked |  0
|  60|0x0000000708800000, 0x0000000708800000, 0x0000000708a00000|  0%| F|  |TAMS 0x0000000708800000| PB 0x0000000708800000| Untracked |  0
|  61|0x0000000708a00000, 0x0000000708a00000, 0x0000000708c00000|  0%| F|  |TAMS 0x0000000708a00000| PB 0x0000000708a00000| Untracked |  0
|  62|0x0000000708c00000, 0x0000000708c00000, 0x0000000708e00000|  0%| F|  |TAMS 0x0000000708c00000| PB 0x0000000708c00000| Untracked |  0
|  63|0x0000000708e00000, 0x0000000708e00000, 0x0000000709000000|  0%| F|  |TAMS 0x0000000708e00000| PB 0x0000000708e00000| Untracked |  0
|  64|0x0000000709000000, 0x0000000709000000, 0x0000000709200000|  0%| F|  |TAMS 0x0000000709000000| PB 0x0000000709000000| Untracked |  0
|  65|0x0000000709200000, 0x0000000709200000, 0x0000000709400000|  0%| F|  |TAMS 0x0000000709200000| PB 0x0000000709200000| Untracked |  0
|  66|0x0000000709400000, 0x0000000709400000, 0x0000000709600000|  0%| F|  |TAMS 0x0000000709400000| PB 0x0000000709400000| Untracked |  0
|  67|0x0000000709600000, 0x0000000709600000, 0x0000000709800000|  0%| F|  |TAMS 0x0000000709600000| PB 0x0000000709600000| Untracked |  0
|  68|0x0000000709800000, 0x0000000709800000, 0x0000000709a00000|  0%| F|  |TAMS 0x0000000709800000| PB 0x0000000709800000| Untracked |  0
|  69|0x0000000709a00000, 0x0000000709a00000, 0x0000000709c00000|  0%| F|  |TAMS 0x0000000709a00000| PB 0x0000000709a00000| Untracked |  0
|  70|0x0000000709c00000, 0x0000000709c00000, 0x0000000709e00000|  0%| F|  |TAMS 0x0000000709c00000| PB 0x0000000709c00000| Untracked |  0
|  71|0x0000000709e00000, 0x0000000709e00000, 0x000000070a000000|  0%| F|  |TAMS 0x0000000709e00000| PB 0x0000000709e00000| Untracked |  0
|  72|0x000000070a000000, 0x000000070a000000, 0x000000070a200000|  0%| F|  |TAMS 0x000000070a000000| PB 0x000000070a000000| Untracked |  0
|  73|0x000000070a200000, 0x000000070a200000, 0x000000070a400000|  0%| F|  |TAMS 0x000000070a200000| PB 0x000000070a200000| Untracked |  0
|  74|0x000000070a400000, 0x000000070a400000, 0x000000070a600000|  0%| F|  |TAMS 0x000000070a400000| PB 0x000000070a400000| Untracked |  0
|  75|0x000000070a600000, 0x000000070a600000, 0x000000070a800000|  0%| F|  |TAMS 0x000000070a600000| PB 0x000000070a600000| Untracked |  0
|  76|0x000000070a800000, 0x000000070a800000, 0x000000070aa00000|  0%| F|  |TAMS 0x000000070a800000| PB 0x000000070a800000| Untracked |  0
|  77|0x000000070aa00000, 0x000000070aa00000, 0x000000070ac00000|  0%| F|  |TAMS 0x000000070aa00000| PB 0x000000070aa00000| Untracked |  0
|  78|0x000000070ac00000, 0x000000070ac00000, 0x000000070ae00000|  0%| F|  |TAMS 0x000000070ac00000| PB 0x000000070ac00000| Untracked |  0
|  79|0x000000070ae00000, 0x000000070ae00000, 0x000000070b000000|  0%| F|  |TAMS 0x000000070ae00000| PB 0x000000070ae00000| Untracked |  0
|  80|0x000000070b000000, 0x000000070b000000, 0x000000070b200000|  0%| F|  |TAMS 0x000000070b000000| PB 0x000000070b000000| Untracked |  0
|  81|0x000000070b200000, 0x000000070b200000, 0x000000070b400000|  0%| F|  |TAMS 0x000000070b200000| PB 0x000000070b200000| Untracked |  0
|  82|0x000000070b400000, 0x000000070b400000, 0x000000070b600000|  0%| F|  |TAMS 0x000000070b400000| PB 0x000000070b400000| Untracked |  0
|  83|0x000000070b600000, 0x000000070b600000, 0x000000070b800000|  0%| F|  |TAMS 0x000000070b600000| PB 0x000000070b600000| Untracked |  0
|  84|0x000000070b800000, 0x000000070b800000, 0x000000070ba00000|  0%| F|  |TAMS 0x000000070b800000| PB 0x000000070b800000| Untracked |  0
|  85|0x000000070ba00000, 0x000000070ba00000, 0x000000070bc00000|  0%| F|  |TAMS 0x000000070ba00000| PB 0x000000070ba00000| Untracked |  0
|  86|0x000000070bc00000, 0x000000070bc00000, 0x000000070be00000|  0%| F|  |TAMS 0x000000070bc00000| PB 0x000000070bc00000| Untracked |  0
|  87|0x000000070be00000, 0x000000070be00000, 0x000000070c000000|  0%| F|  |TAMS 0x000000070be00000| PB 0x000000070be00000| Untracked |  0
|  88|0x000000070c000000, 0x000000070c000000, 0x000000070c200000|  0%| F|  |TAMS 0x000000070c000000| PB 0x000000070c000000| Untracked |  0
|  89|0x000000070c200000, 0x000000070c200000, 0x000000070c400000|  0%| F|  |TAMS 0x000000070c200000| PB 0x000000070c200000| Untracked |  0
|  90|0x000000070c400000, 0x000000070c400000, 0x000000070c600000|  0%| F|  |TAMS 0x000000070c400000| PB 0x000000070c400000| Untracked |  0
|  91|0x000000070c600000, 0x000000070c600000, 0x000000070c800000|  0%| F|  |TAMS 0x000000070c600000| PB 0x000000070c600000| Untracked |  0
|  92|0x000000070c800000, 0x000000070c800000, 0x000000070ca00000|  0%| F|  |TAMS 0x000000070c800000| PB 0x000000070c800000| Untracked |  0
|  93|0x000000070ca00000, 0x000000070ca00000, 0x000000070cc00000|  0%| F|  |TAMS 0x000000070ca00000| PB 0x000000070ca00000| Untracked |  0
|  94|0x000000070cc00000, 0x000000070cc00000, 0x000000070ce00000|  0%| F|  |TAMS 0x000000070cc00000| PB 0x000000070cc00000| Untracked |  0
|  95|0x000000070ce00000, 0x000000070ce00000, 0x000000070d000000|  0%| F|  |TAMS 0x000000070ce00000| PB 0x000000070ce00000| Untracked |  0
|  96|0x000000070d000000, 0x000000070d000000, 0x000000070d200000|  0%| F|  |TAMS 0x000000070d000000| PB 0x000000070d000000| Untracked |  0
|  97|0x000000070d200000, 0x000000070d200000, 0x000000070d400000|  0%| F|  |TAMS 0x000000070d200000| PB 0x000000070d200000| Untracked |  0
|  98|0x000000070d400000, 0x000000070d400000, 0x000000070d600000|  0%| F|  |TAMS 0x000000070d400000| PB 0x000000070d400000| Untracked |  0
|  99|0x000000070d600000, 0x000000070d600000, 0x000000070d800000|  0%| F|  |TAMS 0x000000070d600000| PB 0x000000070d600000| Untracked |  0
| 100|0x000000070d800000, 0x000000070d800000, 0x000000070da00000|  0%| F|  |TAMS 0x000000070d800000| PB 0x000000070d800000| Untracked |  0
| 101|0x000000070da00000, 0x000000070da00000, 0x000000070dc00000|  0%| F|  |TAMS 0x000000070da00000| PB 0x000000070da00000| Untracked |  0
| 102|0x000000070dc00000, 0x000000070dc00000, 0x000000070de00000|  0%| F|  |TAMS 0x000000070dc00000| PB 0x000000070dc00000| Untracked |  0
| 103|0x000000070de00000, 0x000000070de00000, 0x000000070e000000|  0%| F|  |TAMS 0x000000070de00000| PB 0x000000070de00000| Untracked |  0
| 104|0x000000070e000000, 0x000000070e000000, 0x000000070e200000|  0%| F|  |TAMS 0x000000070e000000| PB 0x000000070e000000| Untracked |  0
| 105|0x000000070e200000, 0x000000070e200000, 0x000000070e400000|  0%| F|  |TAMS 0x000000070e200000| PB 0x000000070e200000| Untracked |  0
| 106|0x000000070e400000, 0x000000070e400000, 0x000000070e600000|  0%| F|  |TAMS 0x000000070e400000| PB 0x000000070e400000| Untracked |  0
| 107|0x000000070e600000, 0x000000070e600000, 0x000000070e800000|  0%| F|  |TAMS 0x000000070e600000| PB 0x000000070e600000| Untracked |  0
| 108|0x000000070e800000, 0x000000070e800000, 0x000000070ea00000|  0%| F|  |TAMS 0x000000070e800000| PB 0x000000070e800000| Untracked |  0
| 109|0x000000070ea00000, 0x000000070ea00000, 0x000000070ec00000|  0%| F|  |TAMS 0x000000070ea00000| PB 0x000000070ea00000| Untracked |  0
| 110|0x000000070ec00000, 0x000000070ec00000, 0x000000070ee00000|  0%| F|  |TAMS 0x000000070ec00000| PB 0x000000070ec00000| Untracked |  0
| 111|0x000000070ee00000, 0x000000070ee00000, 0x000000070f000000|  0%| F|  |TAMS 0x000000070ee00000| PB 0x000000070ee00000| Untracked |  0
| 112|0x000000070f000000, 0x000000070f000000, 0x000000070f200000|  0%| F|  |TAMS 0x000000070f000000| PB 0x000000070f000000| Untracked |  0
| 113|0x000000070f200000, 0x000000070f200000, 0x000000070f400000|  0%| F|  |TAMS 0x000000070f200000| PB 0x000000070f200000| Untracked |  0
| 114|0x000000070f400000, 0x000000070f400000, 0x000000070f600000|  0%| F|  |TAMS 0x000000070f400000| PB 0x000000070f400000| Untracked |  0
| 115|0x000000070f600000, 0x000000070f600000, 0x000000070f800000|  0%| F|  |TAMS 0x000000070f600000| PB 0x000000070f600000| Untracked |  0
| 116|0x000000070f800000, 0x000000070f800000, 0x000000070fa00000|  0%| F|  |TAMS 0x000000070f800000| PB 0x000000070f800000| Untracked |  0
| 117|0x000000070fa00000, 0x000000070fa00000, 0x000000070fc00000|  0%| F|  |TAMS 0x000000070fa00000| PB 0x000000070fa00000| Untracked |  0
| 118|0x000000070fc00000, 0x000000070fc00000, 0x000000070fe00000|  0%| F|  |TAMS 0x000000070fc00000| PB 0x000000070fc00000| Untracked |  0
| 119|0x000000070fe00000, 0x000000070fe00000, 0x0000000710000000|  0%| F|  |TAMS 0x000000070fe00000| PB 0x000000070fe00000| Untracked |  0
| 120|0x0000000710000000, 0x0000000710000000, 0x0000000710200000|  0%| F|  |TAMS 0x0000000710000000| PB 0x0000000710000000| Untracked |  0
| 121|0x0000000710200000, 0x0000000710200000, 0x0000000710400000|  0%| F|  |TAMS 0x0000000710200000| PB 0x0000000710200000| Untracked |  0
| 122|0x0000000710400000, 0x0000000710400000, 0x0000000710600000|  0%| F|  |TAMS 0x0000000710400000| PB 0x0000000710400000| Untracked |  0
| 123|0x0000000710600000, 0x0000000710770b40, 0x0000000710800000| 72%| E|  |TAMS 0x0000000710600000| PB 0x0000000710600000| Complete |  0
| 124|0x0000000710800000, 0x0000000710a00000, 0x0000000710a00000|100%| E|CS|TAMS 0x0000000710800000| PB 0x0000000710800000| Complete |  0
| 125|0x0000000710a00000, 0x0000000710c00000, 0x0000000710c00000|100%| E|CS|TAMS 0x0000000710a00000| PB 0x0000000710a00000| Complete |  0
| 126|0x0000000710c00000, 0x0000000710e00000, 0x0000000710e00000|100%| E|CS|TAMS 0x0000000710c00000| PB 0x0000000710c00000| Complete |  0
| 127|0x0000000710e00000, 0x0000000711000000, 0x0000000711000000|100%| E|CS|TAMS 0x0000000710e00000| PB 0x0000000710e00000| Complete |  0

Card table byte_map: [0x000001b9f5a50000,0x000001b9f6250000] _byte_map_base: 0x000001b9f2248000

Marking Bits: (CMBitMap*) 0x000001b9eb0e8c40
 Bits: [0x000001b9f6250000, 0x000001b9fa210000)

Polling page: 0x000001b9e8fa0000

Metaspace:

Usage:
  Non-class:      6.01 MB used.
      Class:    800.41 KB used.
       Both:      6.80 MB used.

Virtual space:
  Non-class space:       64.00 MB reserved,       6.06 MB (  9%) committed,  1 nodes.
      Class space:        1.00 GB reserved,     896.00 KB ( <1%) committed,  1 nodes.
             Both:        1.06 GB reserved,       6.94 MB ( <1%) committed. 

Chunk freelists:
   Non-Class:  9.00 MB
       Class:  15.00 MB
        Both:  24.00 MB

MaxMetaspaceSize: unlimited
CompressedClassSpaceSize: 1.00 GB
Initial GC threshold: 21.00 MB
Current GC threshold: 21.00 MB
CDS: on
 - commit_granule_bytes: 65536.
 - commit_granule_words: 8192.
 - virtual_space_node_default_size: 8388608.
 - enlarge_chunks_in_place: 1.
 - use_allocation_guard: 0.


Internal statistics:

num_allocs_failed_limit: 0.
num_arena_births: 116.
num_arena_deaths: 0.
num_vsnodes_births: 2.
num_vsnodes_deaths: 0.
num_space_committed: 111.
num_space_uncommitted: 0.
num_chunks_returned_to_freelist: 0.
num_chunks_taken_from_freelist: 139.
num_chunk_merges: 0.
num_chunk_splits: 87.
num_chunks_enlarged: 42.
num_inconsistent_stats: 0.

CodeHeap 'non-profiled nmethods': size=119488Kb used=218Kb max_used=218Kb free=119270Kb
 bounds [0x000001b987b50000, 0x000001b987dc0000, 0x000001b98f000000]
CodeHeap 'profiled nmethods': size=119424Kb used=1175Kb max_used=1175Kb free=118248Kb
 bounds [0x000001b980000000, 0x000001b980270000, 0x000001b9874a0000]
CodeHeap 'non-nmethods': size=6848Kb used=2071Kb max_used=2072Kb free=4776Kb
 bounds [0x000001b9874a0000, 0x000001b987710000, 0x000001b987b50000]
 total_blobs=1266 nmethods=714 adapters=466
 compilation: enabled
              stopped_count=0, restarted_count=0
 full_count=0

JVMCI Events (9 events):
Event: 0.025 Thread 0x000001b9eb07f940 created new Java JVMCI runtime -1 (0x000001b9fc82b180)
Event: 0.040 Thread 0x000001b9d412ecd0 created new CompileBroker JVMCI runtime 0 (0x000001b9fc82ac40)
Event: 0.040 Thread 0x000001b9d412ecd0 attached to JVMCI runtime 0
Event: 0.042 Thread 0x000001b9d412ecd0 loaded JVMCI shared library from C:\Users\cotiz\Documents\graalvm-jdk-22.0.2_windows-x64_bin\graalvm-jdk-22.0.2+9.1\bin\jvmcicompiler.dll
Event: 0.046 Thread 0x000001b9d412ecd0 created JavaVM[1]@0x000001b9fd8a4280 for JVMCI runtime 0
Event: 0.046 Thread 0x000001b9d412ecd0 initializing JVMCI runtime 0
Event: 0.046 Thread 0x000001b9d412ecd0 initializing JavaVM references in JVMCI runtime 0
Event: 0.046 Thread 0x000001b9d412ecd0 initialized JavaVM references in JVMCI runtime 0
Event: 0.046 Thread 0x000001b9d412ecd0 initialized JVMCI runtime 0

Compilation events (20 events):
Event: 0.504 Thread 0x000001b9d412f4c0 nmethod 705 0x000001b980122790 code [0x000001b980122940, 0x000001b980122bc8]
Event: 0.504 Thread 0x000001b9d41d1680  706       3       java.lang.Integer::compare (20 bytes)
Event: 0.504 Thread 0x000001b9d41d1680 nmethod 706 0x000001b980122d10 code [0x000001b980122ec0, 0x000001b980123090]
Event: 0.504 Thread 0x000001b9d412ecd0 nmethod 699 0x000001b987b85810 code [0x000001b987b85980, 0x000001b987b85a40]
Event: 0.505 Thread 0x000001b9d412ecd0  707       4       sun.java2d.loops.GraphicsPrimitiveMgr$1::compare (13 bytes)
Event: 0.505 Thread 0x000001b9d412f4c0  708       3       sun.java2d.loops.GraphicsPrimitiveMgr$2::compare (24 bytes)
Event: 0.505 Thread 0x000001b9d412f4c0 nmethod 708 0x000001b980123110 code [0x000001b9801232e0, 0x000001b980123990]
Event: 0.505 Thread 0x000001b9d412f4c0  710       1       sun.java2d.loops.CompositeType::getSuperType (5 bytes)
Event: 0.505 Thread 0x000001b9d412f4c0 nmethod 710 0x000001b987b85b10 code [0x000001b987b85ca0, 0x000001b987b85d70]
Event: 0.505 Thread 0x000001b9d41d1680  711       3       java.util.Arrays::binarySearch0 (95 bytes)
Event: 0.505 Thread 0x000001b9d412f4c0  712       3       sun.java2d.loops.GraphicsPrimitiveMgr::locate (104 bytes)
Event: 0.505 Thread 0x000001b9d41d1680 nmethod 711 0x000001b980123b10 code [0x000001b980123d00, 0x000001b980124260]
Event: 0.505 Thread 0x000001b9d41d1680  713       3       java.util.Arrays::binarySearch (10 bytes)
Event: 0.505 Thread 0x000001b9d41d1680 nmethod 713 0x000001b980124410 code [0x000001b9801245c0, 0x000001b9801246f0]
Event: 0.505 Thread 0x000001b9d41d1680  714       1       sun.java2d.loops.SurfaceType::getSuperType (5 bytes)
Event: 0.506 Thread 0x000001b9d41d1680 nmethod 714 0x000001b987b85e10 code [0x000001b987b85fa0, 0x000001b987b86070]
Event: 0.506 Thread 0x000001b9d412f4c0 nmethod 712 0x000001b980124810 code [0x000001b980124a60, 0x000001b980125ab8]
Event: 0.506 Thread 0x000001b9d412ecd0 nmethod 707 0x000001b987b86110 code [0x000001b987b86280, 0x000001b987b863d0]
Event: 0.506 Thread 0x000001b9d412ecd0  709       4       java.lang.Integer::compare (20 bytes)
Event: 0.507 Thread 0x000001b9d412ecd0 nmethod 709 0x000001b987b86510 code [0x000001b987b86680, 0x000001b987b866f0]

GC Heap History (0 events):
No events

Dll operation events (7 events):
Event: 0.009 Loaded shared library C:\Users\cotiz\Documents\graalvm-jdk-22.0.2_windows-x64_bin\graalvm-jdk-22.0.2+9.1\bin\java.dll
Event: 0.037 Loaded shared library C:\Users\cotiz\Documents\graalvm-jdk-22.0.2_windows-x64_bin\graalvm-jdk-22.0.2+9.1\bin\jsvml.dll
Event: 0.042 Loaded shared library C:\Users\cotiz\Documents\graalvm-jdk-22.0.2_windows-x64_bin\graalvm-jdk-22.0.2+9.1\bin\jvmcicompiler.dll
Event: 0.089 Loaded shared library C:\Users\cotiz\Documents\graalvm-jdk-22.0.2_windows-x64_bin\graalvm-jdk-22.0.2+9.1\bin\jimage.dll
Event: 0.105 Loaded shared library C:\Users\cotiz\Documents\graalvm-jdk-22.0.2_windows-x64_bin\graalvm-jdk-22.0.2+9.1\bin\awt.dll
Event: 0.221 Loaded shared library C:\Users\cotiz\Documents\graalvm-jdk-22.0.2_windows-x64_bin\graalvm-jdk-22.0.2+9.1\bin\freetype.dll
Event: 0.222 Loaded shared library C:\Users\cotiz\Documents\graalvm-jdk-22.0.2_windows-x64_bin\graalvm-jdk-22.0.2+9.1\bin\fontmanager.dll

Deoptimization events (12 events):
Event: 0.182 Thread 0x000001b9eb07f940 Uncommon trap: trap_request=0xffffffed fr.pc=0x000001b987b68531 relative=0x0000000000002111
Event: 0.182 Thread 0x000001b9eb07f940 Uncommon trap: reason=null_assert_or_unreached0 action=reinterpret pc=0x000001b987b68531 method=java.util.HashMap.putVal(ILjava/lang/Object;Ljava/lang/Object;ZZ)Ljava/lang/Object; @ 29 jvmci
Event: 0.182 Thread 0x000001b9eb07f940 DEOPT PACKING pc=0x000001b987b68531 sp=0x00000096d6efe6c0
Event: 0.182 Thread 0x000001b9eb07f940 DEOPT UNPACKING pc=0x000001b9874f4c43 sp=0x00000096d6efdb60 mode 3
Event: 0.267 Thread 0x000001b9eb07f940 Uncommon trap: trap_request=0xffffffed fr.pc=0x000001b987b7b5e2 relative=0x00000000000005a2
Event: 0.267 Thread 0x000001b9eb07f940 Uncommon trap: reason=null_assert_or_unreached0 action=reinterpret pc=0x000001b987b7b5e2 method=java.util.HashMap.getNode(Ljava/lang/Object;)Ljava/util/HashMap$Node; @ 0 jvmci
Event: 0.267 Thread 0x000001b9eb07f940 DEOPT PACKING pc=0x000001b987b7b5e2 sp=0x00000096d6eff0d0
Event: 0.267 Thread 0x000001b9eb07f940 DEOPT UNPACKING pc=0x000001b9874f4c43 sp=0x00000096d6efe558 mode 3
Event: 0.267 Thread 0x000001b9eb07f940 Uncommon trap: trap_request=0xffffffed fr.pc=0x000001b987b758be relative=0x000000000000019e
Event: 0.267 Thread 0x000001b9eb07f940 Uncommon trap: reason=null_assert_or_unreached0 action=reinterpret pc=0x000001b987b758be method=java.util.HashMap.hash(Ljava/lang/Object;)I @ 0 jvmci
Event: 0.267 Thread 0x000001b9eb07f940 DEOPT PACKING pc=0x000001b987b758be sp=0x00000096d6eff040
Event: 0.267 Thread 0x000001b9eb07f940 DEOPT UNPACKING pc=0x000001b9874f4c43 sp=0x00000096d6efe4e0 mode 3

Classes loaded (20 events):
Event: 0.506 Loading class sun/java2d/DefaultDisposerRecord
Event: 0.506 Loading class sun/java2d/DefaultDisposerRecord done
Event: 0.506 Loading class sun/java2d/SurfaceDataProxy
Event: 0.506 Loading class sun/awt/image/SurfaceManager$FlushableCacheData
Event: 0.506 Loading class sun/awt/image/SurfaceManager$FlushableCacheData done
Event: 0.506 Loading class sun/java2d/SurfaceDataProxy done
Event: 0.506 Loading class sun/java2d/SurfaceDataProxy$1
Event: 0.506 Loading class sun/java2d/SurfaceDataProxy$1 done
Event: 0.506 Loading class sun/java2d/StateTracker
Event: 0.506 Loading class sun/java2d/StateTracker done
Event: 0.506 Loading class sun/java2d/StateTracker$1
Event: 0.506 Loading class sun/java2d/StateTracker$1 done
Event: 0.506 Loading class sun/java2d/StateTracker$2
Event: 0.506 Loading class sun/java2d/StateTracker$2 done
Event: 0.507 Loading class sun/awt/event/IgnorePaintEvent
Event: 0.507 Loading class java/awt/event/PaintEvent
Event: 0.507 Loading class java/awt/event/PaintEvent done
Event: 0.507 Loading class sun/awt/event/IgnorePaintEvent done
Event: 0.507 Loading class java/awt/SystemColor
Event: 0.507 Loading class java/awt/SystemColor done

Classes unloaded (0 events):
No events

Classes redefined (0 events):
No events

Internal exceptions (20 events):
Event: 0.256 Thread 0x000001b9eb07f940 Exception <a 'java/lang/ClassNotFoundException'{0x000000071093e198}: ToolBar> (0x000000071093e198) 
thrown [s\open\src\hotspot\share\classfile\systemDictionary.cpp, line 313]
Event: 0.256 Thread 0x000001b9eb07f940 Exception <a 'java/lang/ClassNotFoundException'{0x000000071093e690}: ToolBar> (0x000000071093e690) 
thrown [s\open\src\hotspot\share\classfile\systemDictionary.cpp, line 313]
Event: 0.256 Thread 0x000001b9eb07f940 Exception <a 'java/lang/ClassNotFoundException'{0x000000071093e9f0}: Button> (0x000000071093e9f0) 
thrown [s\open\src\hotspot\share\classfile\systemDictionary.cpp, line 313]
Event: 0.256 Thread 0x000001b9eb07f940 Exception <a 'java/lang/ClassNotFoundException'{0x000000071093eeb8}: ToolBar> (0x000000071093eeb8) 
thrown [s\open\src\hotspot\share\classfile\systemDictionary.cpp, line 313]
Event: 0.256 Thread 0x000001b9eb07f940 Exception <a 'java/lang/ClassNotFoundException'{0x000000071093f228}: ToggleButton> (0x000000071093f228) 
thrown [s\open\src\hotspot\share\classfile\systemDictionary.cpp, line 313]
Event: 0.256 Thread 0x000001b9eb07f940 Exception <a 'java/lang/ClassNotFoundException'{0x000000071093f668}: javax/swing/JToolBarSeparator> (0x000000071093f668) 
thrown [s\open\src\hotspot\share\classfile\systemDictionary.cpp, line 313]
Event: 0.256 Thread 0x000001b9eb07f940 Exception <a 'java/lang/ClassNotFoundException'{0x000000071093f978}: ToolBarSeparator> (0x000000071093f978) 
thrown [s\open\src\hotspot\share\classfile\systemDictionary.cpp, line 313]
Event: 0.256 Thread 0x000001b9eb07f940 Exception <a 'java/lang/ClassNotFoundException'{0x000000071093fe80}: ToolTip> (0x000000071093fe80) 
thrown [s\open\src\hotspot\share\classfile\systemDictionary.cpp, line 313]
Event: 0.257 Thread 0x000001b9eb07f940 Exception <a 'java/lang/ClassNotFoundException'{0x00000007109407c0}: Tree> (0x00000007109407c0) 
thrown [s\open\src\hotspot\share\classfile\systemDictionary.cpp, line 313]
Event: 0.257 Thread 0x000001b9eb07f940 Exception <a 'java/lang/ClassNotFoundException'{0x0000000710940cb8}: Tree> (0x0000000710940cb8) 
thrown [s\open\src\hotspot\share\classfile\systemDictionary.cpp, line 313]
Event: 0.257 Thread 0x000001b9eb07f940 Exception <a 'java/lang/ClassNotFoundException'{0x0000000710941028}: javax/swing/JTreeCell> (0x0000000710941028) 
thrown [s\open\src\hotspot\share\classfile\systemDictionary.cpp, line 313]
Event: 0.257 Thread 0x000001b9eb07f940 Exception <a 'java/lang/ClassNotFoundException'{0x0000000710941330}: TreeCell> (0x0000000710941330) 
thrown [s\open\src\hotspot\share\classfile\systemDictionary.cpp, line 313]
Event: 0.257 Thread 0x000001b9eb07f940 Exception <a 'java/lang/ClassNotFoundException'{0x0000000710941ad8}: RootPane> (0x0000000710941ad8) 
thrown [s\open\src\hotspot\share\classfile\systemDictionary.cpp, line 313]
Event: 0.259 Thread 0x000001b9eb07f940 Exception <a 'java/lang/ClassNotFoundException'{0x0000000710944868}: com/sun/swing/internal/plaf/metal/resources/spi/metalProvider> (0x0000000710944868) 
thrown [s\open\src\hotspot\share\classfile\systemDictionary.cpp, line 313]
Event: 0.259 Thread 0x000001b9eb07f940 Exception <a 'java/lang/ClassNotFoundException'{0x0000000710948568}: com/sun/swing/internal/plaf/basic/resources/spi/basicProvider> (0x0000000710948568) 
thrown [s\open\src\hotspot\share\classfile\systemDictionary.cpp, line 313]
Event: 0.267 Thread 0x000001b9eb07f940 Implicit null exception at 0x000001b987b7b09b to 0x000001b987b7b5c7
Event: 0.267 Thread 0x000001b9eb07f940 Implicit null exception at 0x000001b987b75742 to 0x000001b987b758a3
Event: 0.470 Thread 0x000001b9d411f1a0 Exception <a 'java/lang/ClassNotFoundException'{0x000000071067c228}: com/sun/swing/internal/plaf/synth/resources/spi/synthProvider> (0x000000071067c228) 
thrown [s\open\src\hotspot\share\classfile\systemDictionary.cpp, line 313]
Event: 0.483 Thread 0x000001b9d411f1a0 Exception <a 'java/lang/NoSuchMethodError'{0x00000007106bf868}: 'int java.lang.invoke.Invokers$Holder.invokeExact_MT(java.lang.Object, java.lang.Object)'> (0x00000007106bf868) 
thrown [s\open\src\hotspot\share\interpreter\linkResolver.cpp, line 774]
Event: 0.494 Thread 0x000001b9d411eb10 Exception <a 'java/lang/NoSuchMethodError'{0x0000000710bfa1d0}: 'void java.lang.invoke.DirectMethodHandle$Holder.invokeVirtual(java.lang.Object, java.lang.Object)'> (0x0000000710bfa1d0) 
thrown [s\open\src\hotspot\share\interpreter\linkResolver.cpp, line 774]

ZGC Phase Switch (0 events):
No events

VM Operations (6 events):
Event: 0.064 Executing VM operation: HandshakeAllThreads (Deoptimize)
Event: 0.064 Executing VM operation: HandshakeAllThreads (Deoptimize) done
Event: 0.128 Executing VM operation: HandshakeAllThreads (Deoptimize)
Event: 0.128 Executing VM operation: HandshakeAllThreads (Deoptimize) done
Event: 0.499 Executing VM operation: HandshakeAllThreads (Deoptimize)
Event: 0.499 Executing VM operation: HandshakeAllThreads (Deoptimize) done

Memory protections (0 events):
No events

Nmethod flushes (0 events):
No events

Events (18 events):
Event: 0.023 Thread 0x000001b9eb07f940 Thread added: 0x000001b9eb07f940
Event: 0.035 Thread 0x000001b9eb07f940 Thread added: 0x000001b9d4114090
Event: 0.035 Thread 0x000001b9eb07f940 Thread added: 0x000001b9fc84d200
Event: 0.035 Thread 0x000001b9eb07f940 Thread added: 0x000001b9fc84dff0
Event: 0.035 Thread 0x000001b9eb07f940 Thread added: 0x000001b9d4117fe0
Event: 0.036 Thread 0x000001b9eb07f940 Thread added: 0x000001b9d411a660
Event: 0.036 Thread 0x000001b9eb07f940 Thread added: 0x000001b9d4120be0
Event: 0.036 Thread 0x000001b9eb07f940 Thread added: 0x000001b9d412ecd0
Event: 0.036 Thread 0x000001b9eb07f940 Thread added: 0x000001b9d412f4c0
Event: 0.057 Thread 0x000001b9eb07f940 Thread added: 0x000001b9d411e480
Event: 0.063 Thread 0x000001b9d412f4c0 Thread added: 0x000001b9d41d1680
Event: 0.076 Thread 0x000001b9eb07f940 Thread added: 0x000001b9d4121270
Event: 0.156 Thread 0x000001b9eb07f940 Thread added: 0x000001b9d411fec0
Event: 0.158 Thread 0x000001b9eb07f940 Thread added: 0x000001b9d4121900
Event: 0.159 Thread 0x000001b9eb07f940 Thread added: 0x000001b9d411eb10
Event: 0.268 Thread 0x000001b9eb07f940 Thread added: 0x000001b9d411f1a0
Event: 0.268 Thread 0x000001b9eb07f940 Thread exited: 0x000001b9eb07f940
Event: 0.269 Thread 0x000001b9d411f830 Thread added: 0x000001b9d411f830


Dynamic libraries:
0x00007ff68cf80000 - 0x00007ff68cf90000 	C:\Users\cotiz\Documents\graalvm-jdk-22.0.2_windows-x64_bin\graalvm-jdk-22.0.2+9.1\bin\java.exe
0x00007ffb5ac50000 - 0x00007ffb5ae67000 	C:\Windows\SYSTEM32\ntdll.dll
0x00007ffb59600000 - 0x00007ffb596c4000 	C:\Windows\System32\KERNEL32.DLL
0x00007ffb58030000 - 0x00007ffb583e7000 	C:\Windows\System32\KERNELBASE.dll
0x00007ffb583f0000 - 0x00007ffb58501000 	C:\Windows\System32\ucrtbase.dll
0x00007ffb34f20000 - 0x00007ffb34f37000 	C:\Users\cotiz\Documents\graalvm-jdk-22.0.2_windows-x64_bin\graalvm-jdk-22.0.2+9.1\bin\jli.dll
0x00007ffb238f0000 - 0x00007ffb2390b000 	C:\Users\cotiz\Documents\graalvm-jdk-22.0.2_windows-x64_bin\graalvm-jdk-22.0.2+9.1\bin\VCRUNTIME140.dll
0x00007ffb58980000 - 0x00007ffb58b2f000 	C:\Windows\System32\USER32.dll
0x00007ffb58590000 - 0x00007ffb585b6000 	C:\Windows\System32\win32u.dll
0x00007ffb42480000 - 0x00007ffb42713000 	C:\Windows\WinSxS\amd64_microsoft.windows.common-controls_6595b64144ccf1df_6.0.22621.3672_none_2713b9d173822955\COMCTL32.dll
0x00007ffb597d0000 - 0x00007ffb597f9000 	C:\Windows\System32\GDI32.dll
0x00007ffb59c90000 - 0x00007ffb59d37000 	C:\Windows\System32\msvcrt.dll
0x00007ffb58730000 - 0x00007ffb58848000 	C:\Windows\System32\gdi32full.dll
0x00007ffb57f90000 - 0x00007ffb5802a000 	C:\Windows\System32\msvcp_win.dll
0x00007ffb58b40000 - 0x00007ffb58b71000 	C:\Windows\System32\IMM32.DLL
0x00007ffb55070000 - 0x00007ffb5507c000 	C:\Users\cotiz\Documents\graalvm-jdk-22.0.2_windows-x64_bin\graalvm-jdk-22.0.2+9.1\bin\vcruntime140_1.dll
0x00007ffac8370000 - 0x00007ffac83fe000 	C:\Users\cotiz\Documents\graalvm-jdk-22.0.2_windows-x64_bin\graalvm-jdk-22.0.2+9.1\bin\msvcp140.dll
0x00007ffa7e590000 - 0x00007ffa7f2d9000 	C:\Users\cotiz\Documents\graalvm-jdk-22.0.2_windows-x64_bin\graalvm-jdk-22.0.2+9.1\bin\server\jvm.dll
0x00007ffb5a910000 - 0x00007ffb5a9c2000 	C:\Windows\System32\ADVAPI32.dll
0x00007ffb5aae0000 - 0x00007ffb5ab88000 	C:\Windows\System32\sechost.dll
0x00007ffb57f60000 - 0x00007ffb57f88000 	C:\Windows\System32\bcrypt.dll
0x00007ffb59d40000 - 0x00007ffb59e54000 	C:\Windows\System32\RPCRT4.dll
0x00007ffb5ab90000 - 0x00007ffb5ac01000 	C:\Windows\System32\WS2_32.dll
0x00007ffb56e10000 - 0x00007ffb56e5d000 	C:\Windows\SYSTEM32\POWRPROF.dll
0x00007ffb4f180000 - 0x00007ffb4f1b4000 	C:\Windows\SYSTEM32\WINMM.dll
0x00007ffb52070000 - 0x00007ffb5207a000 	C:\Windows\SYSTEM32\VERSION.dll
0x00007ffb56df0000 - 0x00007ffb56e03000 	C:\Windows\SYSTEM32\UMPDC.dll
0x00007ffb570a0000 - 0x00007ffb570b8000 	C:\Windows\SYSTEM32\kernel.appcore.dll
0x00007ffb474a0000 - 0x00007ffb474aa000 	C:\Users\cotiz\Documents\graalvm-jdk-22.0.2_windows-x64_bin\graalvm-jdk-22.0.2+9.1\bin\jimage.dll
0x00007ffb4e200000 - 0x00007ffb4e432000 	C:\Windows\SYSTEM32\DBGHELP.DLL
0x00007ffb5a580000 - 0x00007ffb5a90e000 	C:\Windows\System32\combase.dll
0x00007ffb5a0e0000 - 0x00007ffb5a1b7000 	C:\Windows\System32\OLEAUT32.dll
0x00007ffb379c0000 - 0x00007ffb379f2000 	C:\Windows\SYSTEM32\dbgcore.DLL
0x00007ffb58510000 - 0x00007ffb5858b000 	C:\Windows\System32\bcryptPrimitives.dll
0x00007ffb211b0000 - 0x00007ffb211ce000 	C:\Users\cotiz\Documents\graalvm-jdk-22.0.2_windows-x64_bin\graalvm-jdk-22.0.2+9.1\bin\java.dll
0x00007ffb58d90000 - 0x00007ffb595f9000 	C:\Windows\System32\SHELL32.dll
0x00007ffb58be0000 - 0x00007ffb58d85000 	C:\Windows\System32\ole32.dll
0x00007ffb55ed0000 - 0x00007ffb567cf000 	C:\Windows\SYSTEM32\windows.storage.dll
0x00007ffb55d90000 - 0x00007ffb55ecf000 	C:\Windows\SYSTEM32\wintypes.dll
0x00007ffb5a9e0000 - 0x00007ffb5aad9000 	C:\Windows\System32\SHCORE.dll
0x00007ffb59770000 - 0x00007ffb597ce000 	C:\Windows\System32\shlwapi.dll
0x00007ffb57e90000 - 0x00007ffb57eb7000 	C:\Windows\SYSTEM32\profapi.dll
0x00007ffac8290000 - 0x00007ffac8367000 	C:\Users\cotiz\Documents\graalvm-jdk-22.0.2_windows-x64_bin\graalvm-jdk-22.0.2+9.1\bin\jsvml.dll
0x00007ffa7b5b0000 - 0x00007ffa7e588000 	C:\Users\cotiz\Documents\graalvm-jdk-22.0.2_windows-x64_bin\graalvm-jdk-22.0.2+9.1\bin\jvmcicompiler.dll
0x00007ffb58b30000 - 0x00007ffb58b38000 	C:\Windows\System32\PSAPI.DLL
0x00007ffb585c0000 - 0x00007ffb58726000 	C:\Windows\System32\CRYPT32.dll
0x00007ffb57600000 - 0x00007ffb57628000 	C:\Windows\SYSTEM32\USERENV.dll
0x00007ffb57900000 - 0x00007ffb5792d000 	C:\Windows\SYSTEM32\ncrypt.dll
0x00007ffb56a30000 - 0x00007ffb56a5d000 	C:\Windows\SYSTEM32\IPHLPAPI.DLL
0x00007ffb57510000 - 0x00007ffb57579000 	C:\Windows\SYSTEM32\MSWSOCK.dll
0x00007ffb578c0000 - 0x00007ffb578f7000 	C:\Windows\SYSTEM32\NTASN1.dll
0x00007ffa7b420000 - 0x00007ffa7b5ae000 	C:\Users\cotiz\Documents\graalvm-jdk-22.0.2_windows-x64_bin\graalvm-jdk-22.0.2+9.1\bin\awt.dll
0x00007ffb54a90000 - 0x00007ffb54b27000 	C:\Windows\SYSTEM32\apphelp.dll
0x00007ffb55470000 - 0x00007ffb55521000 	C:\Windows\system32\uxtheme.dll
0x00007ffb5a1e0000 - 0x00007ffb5a340000 	C:\Windows\System32\MSCTF.dll
0x00007ffb55900000 - 0x00007ffb5592b000 	C:\Windows\system32\DWMAPI.DLL
0x00007ffac8200000 - 0x00007ffac8287000 	C:\Users\cotiz\Documents\graalvm-jdk-22.0.2_windows-x64_bin\graalvm-jdk-22.0.2+9.1\bin\freetype.dll
0x00007ffa7b340000 - 0x00007ffa7b417000 	C:\Users\cotiz\Documents\graalvm-jdk-22.0.2_windows-x64_bin\graalvm-jdk-22.0.2+9.1\bin\fontmanager.dll
0x00007ffae9dd0000 - 0x00007ffae9ed0000 	C:\Windows\system32\opengl32.dll
0x00007ffb551b0000 - 0x00007ffb551dd000 	C:\Windows\SYSTEM32\GLU32.dll
0x00007ffb555c0000 - 0x00007ffb555f7000 	C:\Windows\SYSTEM32\dxcore.dll
0x00007ffb4c080000 - 0x00007ffb4c228000 	C:\Windows\system32\d3d9.dll
0x00007ffb47000000 - 0x00007ffb470c1000 	C:\Windows\System32\DriverStore\FileRepository\nv_dispig.inf_amd64_0afec3f2050014a0\nvldumdx.dll
0x00007ffb57c00000 - 0x00007ffb57c12000 	C:\Windows\SYSTEM32\msasn1.dll
0x00007ffb51e10000 - 0x00007ffb51e42000 	C:\Windows\SYSTEM32\cryptnet.dll
0x00007ffb57760000 - 0x00007ffb5776c000 	C:\Windows\SYSTEM32\cryptbase.dll
0x00007ffb57810000 - 0x00007ffb57859000 	C:\Windows\SYSTEM32\wldp.dll
0x00007ffb51b10000 - 0x00007ffb51c72000 	C:\Windows\SYSTEM32\drvstore.dll
0x00007ffb57c20000 - 0x00007ffb57c4c000 	C:\Windows\SYSTEM32\devobj.dll
0x00007ffb57c50000 - 0x00007ffb57c9e000 	C:\Windows\SYSTEM32\CFGMGR32.dll
0x00007ffb58910000 - 0x00007ffb5897c000 	C:\Windows\System32\wintrust.dll
0x00007ffb5a1c0000 - 0x00007ffb5a1df000 	C:\Windows\System32\imagehlp.dll
0x00007ffb57770000 - 0x00007ffb5778b000 	C:\Windows\SYSTEM32\CRYPTSP.dll
0x00007ffb57000000 - 0x00007ffb57035000 	C:\Windows\system32\rsaenh.dll
0x00007ffb43b80000 - 0x00007ffb45b6e000 	C:\Windows\System32\DriverStore\FileRepository\nv_dispig.inf_amd64_0afec3f2050014a0\nvgpucomp64.dll
0x00007ffb021e0000 - 0x00007ffb03c74000 	C:\Windows\System32\DriverStore\FileRepository\nv_dispig.inf_amd64_0afec3f2050014a0\nvd3dumx.dll
0x00007ffb50fb0000 - 0x00007ffb50ff9000 	C:\Windows\SYSTEM32\directxdatabasehelper.dll
0x00007ffb1a150000 - 0x00007ffb1a420000 	C:\Windows\system32\nvspcap64.dll
0x00007ffb571b0000 - 0x00007ffb571e4000 	C:\Windows\SYSTEM32\ntmarta.dll
0x00007ffb575a0000 - 0x00007ffb575c6000 	C:\Windows\SYSTEM32\gpapi.dll
0x00007ffb1a470000 - 0x00007ffb1a5c5000 	C:\Windows\System32\DriverStore\FileRepository\nv_dispig.inf_amd64_0afec3f2050014a0\nvppex.dll

dbghelp: loaded successfully - version: 4.0.5 - missing functions: none
symbol engine: initialized successfully - sym options: 0x614 - pdb path: .;C:\Users\cotiz\Documents\graalvm-jdk-22.0.2_windows-x64_bin\graalvm-jdk-22.0.2+9.1\bin;C:\Windows\SYSTEM32;C:\Windows\WinSxS\amd64_microsoft.windows.common-controls_6595b64144ccf1df_6.0.22621.3672_none_2713b9d173822955;C:\Users\cotiz\Documents\graalvm-jdk-22.0.2_windows-x64_bin\graalvm-jdk-22.0.2+9.1\bin\server;C:\Windows\System32\DriverStore\FileRepository\nv_dispig.inf_amd64_0afec3f2050014a0

VM Arguments:
jvm_args: -XX:ThreadPriorityPolicy=1 -XX:+UnlockExperimentalVMOptions -XX:+EnableJVMCIProduct -XX:-UnlockExperimentalVMOptions 
java_command: org.itson.battleshippresentation.view.StrategyView
java_class_path (initial): C:\Users\cotiz\Documents\battleship-java\BattleshipPresentation\target\classes;C:\Users\cotiz\Documents\battleship-java\BattleshipDomain\target\classes
Launcher Type: SUN_STANDARD

[Global flags]
     intx CICompilerCount                          = 4                                         {product} {ergonomic}
     uint ConcGCThreads                            = 3                                         {product} {ergonomic}
     bool EnableJVMCIProduct                       = true                                {JVMCI product} {jimage}
     uint G1ConcRefinementThreads                  = 10                                        {product} {ergonomic}
   size_t G1HeapRegionSize                         = 2097152                                   {product} {ergonomic}
   size_t InitialHeapSize                          = 268435456                                 {product} {ergonomic}
   size_t MarkStackSize                            = 4194304                                   {product} {ergonomic}
   size_t MaxHeapSize                              = 4278190080                                {product} {ergonomic}
   size_t MaxNewSize                               = 2566914048                                {product} {ergonomic}
   size_t MinHeapDeltaBytes                        = 2097152                                   {product} {ergonomic}
   size_t MinHeapSize                              = 8388608                                   {product} {ergonomic}
    uintx NonNMethodCodeHeapSize                   = 6979620                                {pd product} {ergonomic}
    uintx NonProfiledCodeHeapSize                  = 122339310                              {pd product} {ergonomic}
    uintx ProfiledCodeHeapSize                     = 122339310                              {pd product} {ergonomic}
    uintx ReservedCodeCacheSize                    = 251658240                              {pd product} {ergonomic}
     bool SegmentedCodeCache                       = true                                      {product} {ergonomic}
   size_t SoftMaxHeapSize                          = 4278190080                             {manageable} {ergonomic}
      int ThreadPriorityPolicy                     = 1                                         {product} {jimage}
     bool UseCompressedOops                        = true                           {product lp64_product} {ergonomic}
     bool UseG1GC                                  = true                                      {product} {ergonomic}
     bool UseLargePagesIndividualAllocation        = false                                  {pd product} {ergonomic}

Logging:
Log output configuration:
 #0: stdout all=warning uptime,level,tags foldmultilines=false
 #1: stderr all=off uptime,level,tags foldmultilines=false

Environment Variables:
JAVA_HOME=C:\Users\cotiz\Documents\graalvm-jdk-22.0.2_windows-x64_bin\graalvm-jdk-22.0.2+9.1
PATH=C:\Program Files\Common Files\Oracle\Java\javapath;C:\Program Files (x86)\Common Files\Oracle\Java\java8path;C:\Program Files (x86)\Common Files\Oracle\Java\javapath;C:\Windows\system32;C:\Windows;C:\Windows\System32\Wbem;C:\Windows\System32\WindowsPowerShell\v1.0\;C:\Windows\System32\OpenSSH\;C:\Program Files\NVIDIA Corporation\NVIDIA NvDLISR;C:\Program Files (x86)\NVIDIA Corporation\PhysX\Common;C:\Program Files\Git\cmd;C:\Users\cotiz\AppData\Local\Programs\Python\Launcher\;C:\Users\cotiz\AppData\Local\Microsoft\WindowsApps;D:\Curso de programacion java;C:\Users\cotiz\AppData\Local\Programs\Microsoft VS Code\bin
USERNAME=cotiz
OS=Windows_NT
PROCESSOR_IDENTIFIER=AMD64 Family 23 Model 8 Stepping 2, AuthenticAMD
TMP=C:\Users\cotiz\AppData\Local\Temp
TEMP=C:\Users\cotiz\AppData\Local\Temp




Periodic native trim disabled

---------------  S Y S T E M  ---------------

OS:
 Windows 11 , 64 bit Build 22621 (10.0.22621.3958)
OS uptime: 1 days 2:42 hours

CPU: total 12 (initial active 12) (12 cores per cpu, 2 threads per core) family 23 model 8 stepping 2 microcode 0x0, cx8, cmov, fxsr, ht, mmx, 3dnowpref, sse, sse2, sse3, ssse3, sse4a, sse4.1, sse4.2, popcnt, lzcnt, tsc, tscinvbit, avx, avx2, aes, clmul, bmi1, bmi2, adx, sha, fma, vzeroupper, clflush, clflushopt, rdtscp, f16c
Processor Information for all 12 processors :
  Max Mhz: 3400, Current Mhz: 3400, Mhz Limit: 3400

Memory: 4k page, system-wide physical 16315M (4431M free)
TotalPageFile size 25566M (AvailPageFile size 5M)
current process WorkingSet (physical memory assigned to process): 123M, peak: 123M
current process commit charge ("private bytes"): 412M, peak: 412M

vm_info: Java HotSpot(TM) 64-Bit Server VM (22.0.2+9-jvmci-b01) for windows-amd64 JRE (22.0.2+9-jvmci-b01), built on 2024-06-05T21:30:56Z by "OCIWIN18Buildbot" with MS VC++ 17.6 (VS2022)

END.
