#
# There is insufficient memory for the Java Runtime Environment to continue.
# Native memory allocation (malloc) failed to allocate 32744 bytes. Error detail: Chunk::new
# Possible reasons:
#   The system is out of physical RAM or swap space
#   This process is running with CompressedOops enabled, and the Java Heap may be blocking the growth of the native heap
# Possible solutions:
#   Reduce memory load on the system
#   Increase physical memory or swap space
#   Check if swap backing store is full
#   Decrease Java heap size (-Xmx/-Xms)
#   Decrease number of Java threads
#   Decrease Java thread stack sizes (-Xss)
#   Set larger code cache with -XX:ReservedCodeCacheSize=
#   JVM is running with Zero Based Compressed Oops mode in which the Java heap is
#     placed in the first 32GB address space. The Java Heap base address is the
#     maximum limit for the native heap growth. Please use -XX:HeapBaseMinAddress
#     to set the Java Heap base and to place the Java Heap above 32GB virtual address.
# This output file may be truncated or incomplete.
#
#  Out of Memory Error (arena.cpp:150), pid=25200, tid=6908
#
# JRE version: Java(TM) SE Runtime Environment Oracle GraalVM 22.0.2+9.1 (22.0.2+9) (build 22.0.2+9-jvmci-b01)
# Java VM: Java HotSpot(TM) 64-Bit Server VM Oracle GraalVM 22.0.2+9.1 (22.0.2+9-jvmci-b01, mixed mode, sharing, tiered, jvmci, jvmci compiler, compressed oops, compressed class ptrs, g1 gc, windows-amd64)
# No core dump will be written. Minidumps are not enabled by default on client versions of Windows
#

---------------  S U M M A R Y ------------

Command Line: -XX:ThreadPriorityPolicy=1 -XX:+UnlockExperimentalVMOptions -XX:+EnableJVMCIProduct -XX:-UnlockExperimentalVMOptions org.itson.battleshippresentation.view.StrategyView

Host: AMD Ryzen 5 2600 Six-Core Processor            , 12 cores, 15G,  Windows 11 , 64 bit Build 22621 (10.0.22621.3958)
Time: Wed Oct 30 10:39:27 2024 Pacific Daylight Time elapsed time: 0.548018 seconds (0d 0h 0m 0s)

---------------  T H R E A D  ---------------

Current thread (0x000001c0d9145a80):  JavaThread "C1 CompilerThread1" daemon [_thread_in_native, id=6908, stack(0x00000059c3d00000,0x00000059c3e00000) (1024K)]


Current CompileTask:
C1:548  657       3       javax.swing.UIDefaults$TextAndMnemonicHashMap::get (358 bytes)

Stack: [0x00000059c3d00000,0x00000059c3e00000]
Native frames: (J=compiled Java code, j=interpreted, Vv=VM code, C=native code)
V  [jvm.dll+0x6e26e9]  (no source info available)
V  [jvm.dll+0x875753]  (no source info available)
V  [jvm.dll+0x877b7e]  (no source info available)
V  [jvm.dll+0x878253]  (no source info available)
V  [jvm.dll+0x27fc86]  (no source info available)
V  [jvm.dll+0xc3d0f]  (no source info available)
V  [jvm.dll+0xc3f6b]  (no source info available)
V  [jvm.dll+0x13f1ce]  (no source info available)
V  [jvm.dll+0x13e697]  (no source info available)
V  [jvm.dll+0x198440]  (no source info available)
V  [jvm.dll+0x1986f6]  (no source info available)
V  [jvm.dll+0x153e45]  (no source info available)
V  [jvm.dll+0x1535c3]  (no source info available)
V  [jvm.dll+0x1538a0]  (no source info available)
V  [jvm.dll+0x152c1d]  (no source info available)
V  [jvm.dll+0x154add]  (no source info available)
V  [jvm.dll+0x2568f3]  (no source info available)
V  [jvm.dll+0x254baa]  (no source info available)
V  [jvm.dll+0x3f57a6]  (no source info available)
V  [jvm.dll+0x81dc0b]  (no source info available)
V  [jvm.dll+0x6e0d85]  (no source info available)
C  [ucrtbase.dll+0x29333]  (no source info available)
C  [KERNEL32.DLL+0x1257d]  (no source info available)
C  [ntdll.dll+0x5af08]  (no source info available)


---------------  P R O C E S S  ---------------

Threads class SMR info:
_java_thread_list=0x000001c0d93d79a0, length=16, elements={
0x000001c093b2aba0, 0x000001c093b2ece0, 0x000001c093b332d0, 0x000001c093b341c0,
0x000001c093b34c20, 0x000001c093b357b0, 0x000001c093b47500, 0x000001c093b480e0,
0x000001c0d90bbf80, 0x000001c0d9145a80, 0x000001c0d91aefb0, 0x000001c0d939a790,
0x000001c0d939cfe0, 0x000001c0d939d900, 0x000001c0dade53c0, 0x000001c0f2c3f930
}

Java Threads: ( => current thread )
  0x000001c093b2aba0 JavaThread "Reference Handler"          daemon [_thread_blocked, id=26792, stack(0x00000059c3400000,0x00000059c3500000) (1024K)]
  0x000001c093b2ece0 JavaThread "Finalizer"                  daemon [_thread_blocked, id=6784, stack(0x00000059c3500000,0x00000059c3600000) (1024K)]
  0x000001c093b332d0 JavaThread "Signal Dispatcher"          daemon [_thread_blocked, id=4932, stack(0x00000059c3600000,0x00000059c3700000) (1024K)]
  0x000001c093b341c0 JavaThread "Attach Listener"            daemon [_thread_blocked, id=11092, stack(0x00000059c3700000,0x00000059c3800000) (1024K)]
  0x000001c093b34c20 JavaThread "Service Thread"             daemon [_thread_blocked, id=17984, stack(0x00000059c3800000,0x00000059c3900000) (1024K)]
  0x000001c093b357b0 JavaThread "Monitor Deflation Thread"   daemon [_thread_blocked, id=10616, stack(0x00000059c3900000,0x00000059c3a00000) (1024K)]
  0x000001c093b47500 JavaThread "JVMCI-native CompilerThread0" daemon [_thread_blocked, id=28588, stack(0x00000059c3a00000,0x00000059c3b00000) (1024K)]
  0x000001c093b480e0 JavaThread "C1 CompilerThread0"         daemon [_thread_blocked, id=1000, stack(0x00000059c3b00000,0x00000059c3c00000) (1024K)]
  0x000001c0d90bbf80 JavaThread "Common-Cleaner"             daemon [_thread_blocked, id=24800, stack(0x00000059c3c00000,0x00000059c3d00000) (1024K)]
=>0x000001c0d9145a80 JavaThread "C1 CompilerThread1"         daemon [_thread_in_native, id=6908, stack(0x00000059c3d00000,0x00000059c3e00000) (1024K)]
  0x000001c0d91aefb0 JavaThread "Notification Thread"        daemon [_thread_blocked, id=27216, stack(0x00000059c3e00000,0x00000059c3f00000) (1024K)]
  0x000001c0d939a790 JavaThread "Java2D Disposer"            daemon [_thread_blocked, id=3708, stack(0x00000059c3f00000,0x00000059c4000000) (1024K)]
  0x000001c0d939cfe0 JavaThread "AWT-Shutdown"                      [_thread_blocked, id=17648, stack(0x00000059c4000000,0x00000059c4100000) (1024K)]
  0x000001c0d939d900 JavaThread "AWT-Windows"                daemon [_thread_in_native, id=13200, stack(0x00000059c4100000,0x00000059c4200000) (1024K)]
  0x000001c0dade53c0 JavaThread "AWT-EventQueue-0"                  [_thread_in_vm, id=18908, stack(0x00000059c4200000,0x00000059c4300000) (1024K)]
  0x000001c0f2c3f930 JavaThread "DestroyJavaVM"                     [_thread_blocked, id=28532, stack(0x00000059c2c00000,0x00000059c2d00000) (1024K)]
Total: 16

Other Threads:
  0x000001c093b0b7a0 VMThread "VM Thread"                           [id=19212, stack(0x00000059c3300000,0x00000059c3400000) (1024K)]
  0x000001c093aef520 WatcherThread "VM Periodic Task Thread"        [id=12660, stack(0x00000059c3200000,0x00000059c3300000) (1024K)]
  0x000001c0f2ca8b20 WorkerThread "GC Thread#0"                     [id=15800, stack(0x00000059c2d00000,0x00000059c2e00000) (1024K)]
  0x000001c0f2cb9ad0 ConcurrentGCThread "G1 Main Marker"            [id=29548, stack(0x00000059c2e00000,0x00000059c2f00000) (1024K)]
  0x000001c0f2cbac90 WorkerThread "G1 Conc#0"                       [id=26988, stack(0x00000059c2f00000,0x00000059c3000000) (1024K)]
  0x000001c0939af9d0 ConcurrentGCThread "G1 Refine#0"               [id=26976, stack(0x00000059c3000000,0x00000059c3100000) (1024K)]
  0x000001c0939b0460 ConcurrentGCThread "G1 Service"                [id=27960, stack(0x00000059c3100000,0x00000059c3200000) (1024K)]
Total: 7

Threads with active compile tasks:
C1 CompilerThread1  625  657       3       javax.swing.UIDefaults$TextAndMnemonicHashMap::get (358 bytes)
Total: 1

VM state: not at safepoint (normal execution)

VM Mutex/Monitor currently owned by a thread:  ([mutex/lock_event])
[0x00007ffa7f1fab00] Metaspace_lock - owner thread: 0x000001c0dade53c0

Heap address: 0x0000000701000000, size: 4080 MB, Compressed Oops mode: Zero based, Oop shift amount: 3

CDS archive(s) mapped at: [0x000001c094000000-0x000001c094c60000-0x000001c094c60000), size 12976128, SharedBaseAddress: 0x000001c094000000, ArchiveRelocationMode: 1.
Compressed class space mapped at: 0x000001c095000000-0x000001c0d5000000, reserved size: 1073741824
Narrow klass base: 0x000001c094000000, Narrow klass shift: 0, Narrow klass range: 0x41000000

GC Precious Log:
 CardTable entry size: 512
 Card Set container configuration: InlinePtr #cards 4 size 8 Array Of Cards #cards 16 size 48 Howl #buckets 8 coarsen threshold 3686 Howl Bitmap #cards 512 size 80 coarsen threshold 460 Card regions per heap region 1 cards per card region 4096
 CPUs: 12 total, 12 available
 Memory: 16315M
 Large Page Support: Disabled
 NUMA Support: Disabled
 Compressed Oops: Enabled (Zero based)
 Heap Region Size: 2M
 Heap Min Capacity: 8M
 Heap Initial Capacity: 256M
 Heap Max Capacity: 4080M
 Pre-touch: Disabled
 Parallel Workers: 10
 Concurrent Workers: 3
 Concurrent Refinement Workers: 10
 Periodic GC: Disabled

Heap:
 garbage-first heap   total reserved 4177920K, committed 262144K, used 8192K [0x0000000701000000, 0x0000000800000000)
  region size 2048K, 5 young (10240K), 0 survivors (0K)
 Metaspace       used 6929K, committed 7104K, reserved 1114112K
  class space    used 795K, committed 896K, reserved 1048576K

Heap Regions: E=young(eden), S=young(survivor), O=old, HS=humongous(starts), HC=humongous(continues), CS=collection set, F=free, TAMS=top-at-mark-start, PB=parsable bottom
|   0|0x0000000701000000, 0x0000000701000000, 0x0000000701200000|  0%| F|  |TAMS 0x0000000701000000| PB 0x0000000701000000| Untracked |  0
|   1|0x0000000701200000, 0x0000000701200000, 0x0000000701400000|  0%| F|  |TAMS 0x0000000701200000| PB 0x0000000701200000| Untracked |  0
|   2|0x0000000701400000, 0x0000000701400000, 0x0000000701600000|  0%| F|  |TAMS 0x0000000701400000| PB 0x0000000701400000| Untracked |  0
|   3|0x0000000701600000, 0x0000000701600000, 0x0000000701800000|  0%| F|  |TAMS 0x0000000701600000| PB 0x0000000701600000| Untracked |  0
|   4|0x0000000701800000, 0x0000000701800000, 0x0000000701a00000|  0%| F|  |TAMS 0x0000000701800000| PB 0x0000000701800000| Untracked |  0
|   5|0x0000000701a00000, 0x0000000701a00000, 0x0000000701c00000|  0%| F|  |TAMS 0x0000000701a00000| PB 0x0000000701a00000| Untracked |  0
|   6|0x0000000701c00000, 0x0000000701c00000, 0x0000000701e00000|  0%| F|  |TAMS 0x0000000701c00000| PB 0x0000000701c00000| Untracked |  0
|   7|0x0000000701e00000, 0x0000000701e00000, 0x0000000702000000|  0%| F|  |TAMS 0x0000000701e00000| PB 0x0000000701e00000| Untracked |  0
|   8|0x0000000702000000, 0x0000000702000000, 0x0000000702200000|  0%| F|  |TAMS 0x0000000702000000| PB 0x0000000702000000| Untracked |  0
|   9|0x0000000702200000, 0x0000000702200000, 0x0000000702400000|  0%| F|  |TAMS 0x0000000702200000| PB 0x0000000702200000| Untracked |  0
|  10|0x0000000702400000, 0x0000000702400000, 0x0000000702600000|  0%| F|  |TAMS 0x0000000702400000| PB 0x0000000702400000| Untracked |  0
|  11|0x0000000702600000, 0x0000000702600000, 0x0000000702800000|  0%| F|  |TAMS 0x0000000702600000| PB 0x0000000702600000| Untracked |  0
|  12|0x0000000702800000, 0x0000000702800000, 0x0000000702a00000|  0%| F|  |TAMS 0x0000000702800000| PB 0x0000000702800000| Untracked |  0
|  13|0x0000000702a00000, 0x0000000702a00000, 0x0000000702c00000|  0%| F|  |TAMS 0x0000000702a00000| PB 0x0000000702a00000| Untracked |  0
|  14|0x0000000702c00000, 0x0000000702c00000, 0x0000000702e00000|  0%| F|  |TAMS 0x0000000702c00000| PB 0x0000000702c00000| Untracked |  0
|  15|0x0000000702e00000, 0x0000000702e00000, 0x0000000703000000|  0%| F|  |TAMS 0x0000000702e00000| PB 0x0000000702e00000| Untracked |  0
|  16|0x0000000703000000, 0x0000000703000000, 0x0000000703200000|  0%| F|  |TAMS 0x0000000703000000| PB 0x0000000703000000| Untracked |  0
|  17|0x0000000703200000, 0x0000000703200000, 0x0000000703400000|  0%| F|  |TAMS 0x0000000703200000| PB 0x0000000703200000| Untracked |  0
|  18|0x0000000703400000, 0x0000000703400000, 0x0000000703600000|  0%| F|  |TAMS 0x0000000703400000| PB 0x0000000703400000| Untracked |  0
|  19|0x0000000703600000, 0x0000000703600000, 0x0000000703800000|  0%| F|  |TAMS 0x0000000703600000| PB 0x0000000703600000| Untracked |  0
|  20|0x0000000703800000, 0x0000000703800000, 0x0000000703a00000|  0%| F|  |TAMS 0x0000000703800000| PB 0x0000000703800000| Untracked |  0
|  21|0x0000000703a00000, 0x0000000703a00000, 0x0000000703c00000|  0%| F|  |TAMS 0x0000000703a00000| PB 0x0000000703a00000| Untracked |  0
|  22|0x0000000703c00000, 0x0000000703c00000, 0x0000000703e00000|  0%| F|  |TAMS 0x0000000703c00000| PB 0x0000000703c00000| Untracked |  0
|  23|0x0000000703e00000, 0x0000000703e00000, 0x0000000704000000|  0%| F|  |TAMS 0x0000000703e00000| PB 0x0000000703e00000| Untracked |  0
|  24|0x0000000704000000, 0x0000000704000000, 0x0000000704200000|  0%| F|  |TAMS 0x0000000704000000| PB 0x0000000704000000| Untracked |  0
|  25|0x0000000704200000, 0x0000000704200000, 0x0000000704400000|  0%| F|  |TAMS 0x0000000704200000| PB 0x0000000704200000| Untracked |  0
|  26|0x0000000704400000, 0x0000000704400000, 0x0000000704600000|  0%| F|  |TAMS 0x0000000704400000| PB 0x0000000704400000| Untracked |  0
|  27|0x0000000704600000, 0x0000000704600000, 0x0000000704800000|  0%| F|  |TAMS 0x0000000704600000| PB 0x0000000704600000| Untracked |  0
|  28|0x0000000704800000, 0x0000000704800000, 0x0000000704a00000|  0%| F|  |TAMS 0x0000000704800000| PB 0x0000000704800000| Untracked |  0
|  29|0x0000000704a00000, 0x0000000704a00000, 0x0000000704c00000|  0%| F|  |TAMS 0x0000000704a00000| PB 0x0000000704a00000| Untracked |  0
|  30|0x0000000704c00000, 0x0000000704c00000, 0x0000000704e00000|  0%| F|  |TAMS 0x0000000704c00000| PB 0x0000000704c00000| Untracked |  0
|  31|0x0000000704e00000, 0x0000000704e00000, 0x0000000705000000|  0%| F|  |TAMS 0x0000000704e00000| PB 0x0000000704e00000| Untracked |  0
|  32|0x0000000705000000, 0x0000000705000000, 0x0000000705200000|  0%| F|  |TAMS 0x0000000705000000| PB 0x0000000705000000| Untracked |  0
|  33|0x0000000705200000, 0x0000000705200000, 0x0000000705400000|  0%| F|  |TAMS 0x0000000705200000| PB 0x0000000705200000| Untracked |  0
|  34|0x0000000705400000, 0x0000000705400000, 0x0000000705600000|  0%| F|  |TAMS 0x0000000705400000| PB 0x0000000705400000| Untracked |  0
|  35|0x0000000705600000, 0x0000000705600000, 0x0000000705800000|  0%| F|  |TAMS 0x0000000705600000| PB 0x0000000705600000| Untracked |  0
|  36|0x0000000705800000, 0x0000000705800000, 0x0000000705a00000|  0%| F|  |TAMS 0x0000000705800000| PB 0x0000000705800000| Untracked |  0
|  37|0x0000000705a00000, 0x0000000705a00000, 0x0000000705c00000|  0%| F|  |TAMS 0x0000000705a00000| PB 0x0000000705a00000| Untracked |  0
|  38|0x0000000705c00000, 0x0000000705c00000, 0x0000000705e00000|  0%| F|  |TAMS 0x0000000705c00000| PB 0x0000000705c00000| Untracked |  0
|  39|0x0000000705e00000, 0x0000000705e00000, 0x0000000706000000|  0%| F|  |TAMS 0x0000000705e00000| PB 0x0000000705e00000| Untracked |  0
|  40|0x0000000706000000, 0x0000000706000000, 0x0000000706200000|  0%| F|  |TAMS 0x0000000706000000| PB 0x0000000706000000| Untracked |  0
|  41|0x0000000706200000, 0x0000000706200000, 0x0000000706400000|  0%| F|  |TAMS 0x0000000706200000| PB 0x0000000706200000| Untracked |  0
|  42|0x0000000706400000, 0x0000000706400000, 0x0000000706600000|  0%| F|  |TAMS 0x0000000706400000| PB 0x0000000706400000| Untracked |  0
|  43|0x0000000706600000, 0x0000000706600000, 0x0000000706800000|  0%| F|  |TAMS 0x0000000706600000| PB 0x0000000706600000| Untracked |  0
|  44|0x0000000706800000, 0x0000000706800000, 0x0000000706a00000|  0%| F|  |TAMS 0x0000000706800000| PB 0x0000000706800000| Untracked |  0
|  45|0x0000000706a00000, 0x0000000706a00000, 0x0000000706c00000|  0%| F|  |TAMS 0x0000000706a00000| PB 0x0000000706a00000| Untracked |  0
|  46|0x0000000706c00000, 0x0000000706c00000, 0x0000000706e00000|  0%| F|  |TAMS 0x0000000706c00000| PB 0x0000000706c00000| Untracked |  0
|  47|0x0000000706e00000, 0x0000000706e00000, 0x0000000707000000|  0%| F|  |TAMS 0x0000000706e00000| PB 0x0000000706e00000| Untracked |  0
|  48|0x0000000707000000, 0x0000000707000000, 0x0000000707200000|  0%| F|  |TAMS 0x0000000707000000| PB 0x0000000707000000| Untracked |  0
|  49|0x0000000707200000, 0x0000000707200000, 0x0000000707400000|  0%| F|  |TAMS 0x0000000707200000| PB 0x0000000707200000| Untracked |  0
|  50|0x0000000707400000, 0x0000000707400000, 0x0000000707600000|  0%| F|  |TAMS 0x0000000707400000| PB 0x0000000707400000| Untracked |  0
|  51|0x0000000707600000, 0x0000000707600000, 0x0000000707800000|  0%| F|  |TAMS 0x0000000707600000| PB 0x0000000707600000| Untracked |  0
|  52|0x0000000707800000, 0x0000000707800000, 0x0000000707a00000|  0%| F|  |TAMS 0x0000000707800000| PB 0x0000000707800000| Untracked |  0
|  53|0x0000000707a00000, 0x0000000707a00000, 0x0000000707c00000|  0%| F|  |TAMS 0x0000000707a00000| PB 0x0000000707a00000| Untracked |  0
|  54|0x0000000707c00000, 0x0000000707c00000, 0x0000000707e00000|  0%| F|  |TAMS 0x0000000707c00000| PB 0x0000000707c00000| Untracked |  0
|  55|0x0000000707e00000, 0x0000000707e00000, 0x0000000708000000|  0%| F|  |TAMS 0x0000000707e00000| PB 0x0000000707e00000| Untracked |  0
|  56|0x0000000708000000, 0x0000000708000000, 0x0000000708200000|  0%| F|  |TAMS 0x0000000708000000| PB 0x0000000708000000| Untracked |  0
|  57|0x0000000708200000, 0x0000000708200000, 0x0000000708400000|  0%| F|  |TAMS 0x0000000708200000| PB 0x0000000708200000| Untracked |  0
|  58|0x0000000708400000, 0x0000000708400000, 0x0000000708600000|  0%| F|  |TAMS 0x0000000708400000| PB 0x0000000708400000| Untracked |  0
|  59|0x0000000708600000, 0x0000000708600000, 0x0000000708800000|  0%| F|  |TAMS 0x0000000708600000| PB 0x0000000708600000| Untracked |  0
|  60|0x0000000708800000, 0x0000000708800000, 0x0000000708a00000|  0%| F|  |TAMS 0x0000000708800000| PB 0x0000000708800000| Untracked |  0
|  61|0x0000000708a00000, 0x0000000708a00000, 0x0000000708c00000|  0%| F|  |TAMS 0x0000000708a00000| PB 0x0000000708a00000| Untracked |  0
|  62|0x0000000708c00000, 0x0000000708c00000, 0x0000000708e00000|  0%| F|  |TAMS 0x0000000708c00000| PB 0x0000000708c00000| Untracked |  0
|  63|0x0000000708e00000, 0x0000000708e00000, 0x0000000709000000|  0%| F|  |TAMS 0x0000000708e00000| PB 0x0000000708e00000| Untracked |  0
|  64|0x0000000709000000, 0x0000000709000000, 0x0000000709200000|  0%| F|  |TAMS 0x0000000709000000| PB 0x0000000709000000| Untracked |  0
|  65|0x0000000709200000, 0x0000000709200000, 0x0000000709400000|  0%| F|  |TAMS 0x0000000709200000| PB 0x0000000709200000| Untracked |  0
|  66|0x0000000709400000, 0x0000000709400000, 0x0000000709600000|  0%| F|  |TAMS 0x0000000709400000| PB 0x0000000709400000| Untracked |  0
|  67|0x0000000709600000, 0x0000000709600000, 0x0000000709800000|  0%| F|  |TAMS 0x0000000709600000| PB 0x0000000709600000| Untracked |  0
|  68|0x0000000709800000, 0x0000000709800000, 0x0000000709a00000|  0%| F|  |TAMS 0x0000000709800000| PB 0x0000000709800000| Untracked |  0
|  69|0x0000000709a00000, 0x0000000709a00000, 0x0000000709c00000|  0%| F|  |TAMS 0x0000000709a00000| PB 0x0000000709a00000| Untracked |  0
|  70|0x0000000709c00000, 0x0000000709c00000, 0x0000000709e00000|  0%| F|  |TAMS 0x0000000709c00000| PB 0x0000000709c00000| Untracked |  0
|  71|0x0000000709e00000, 0x0000000709e00000, 0x000000070a000000|  0%| F|  |TAMS 0x0000000709e00000| PB 0x0000000709e00000| Untracked |  0
|  72|0x000000070a000000, 0x000000070a000000, 0x000000070a200000|  0%| F|  |TAMS 0x000000070a000000| PB 0x000000070a000000| Untracked |  0
|  73|0x000000070a200000, 0x000000070a200000, 0x000000070a400000|  0%| F|  |TAMS 0x000000070a200000| PB 0x000000070a200000| Untracked |  0
|  74|0x000000070a400000, 0x000000070a400000, 0x000000070a600000|  0%| F|  |TAMS 0x000000070a400000| PB 0x000000070a400000| Untracked |  0
|  75|0x000000070a600000, 0x000000070a600000, 0x000000070a800000|  0%| F|  |TAMS 0x000000070a600000| PB 0x000000070a600000| Untracked |  0
|  76|0x000000070a800000, 0x000000070a800000, 0x000000070aa00000|  0%| F|  |TAMS 0x000000070a800000| PB 0x000000070a800000| Untracked |  0
|  77|0x000000070aa00000, 0x000000070aa00000, 0x000000070ac00000|  0%| F|  |TAMS 0x000000070aa00000| PB 0x000000070aa00000| Untracked |  0
|  78|0x000000070ac00000, 0x000000070ac00000, 0x000000070ae00000|  0%| F|  |TAMS 0x000000070ac00000| PB 0x000000070ac00000| Untracked |  0
|  79|0x000000070ae00000, 0x000000070ae00000, 0x000000070b000000|  0%| F|  |TAMS 0x000000070ae00000| PB 0x000000070ae00000| Untracked |  0
|  80|0x000000070b000000, 0x000000070b000000, 0x000000070b200000|  0%| F|  |TAMS 0x000000070b000000| PB 0x000000070b000000| Untracked |  0
|  81|0x000000070b200000, 0x000000070b200000, 0x000000070b400000|  0%| F|  |TAMS 0x000000070b200000| PB 0x000000070b200000| Untracked |  0
|  82|0x000000070b400000, 0x000000070b400000, 0x000000070b600000|  0%| F|  |TAMS 0x000000070b400000| PB 0x000000070b400000| Untracked |  0
|  83|0x000000070b600000, 0x000000070b600000, 0x000000070b800000|  0%| F|  |TAMS 0x000000070b600000| PB 0x000000070b600000| Untracked |  0
|  84|0x000000070b800000, 0x000000070b800000, 0x000000070ba00000|  0%| F|  |TAMS 0x000000070b800000| PB 0x000000070b800000| Untracked |  0
|  85|0x000000070ba00000, 0x000000070ba00000, 0x000000070bc00000|  0%| F|  |TAMS 0x000000070ba00000| PB 0x000000070ba00000| Untracked |  0
|  86|0x000000070bc00000, 0x000000070bc00000, 0x000000070be00000|  0%| F|  |TAMS 0x000000070bc00000| PB 0x000000070bc00000| Untracked |  0
|  87|0x000000070be00000, 0x000000070be00000, 0x000000070c000000|  0%| F|  |TAMS 0x000000070be00000| PB 0x000000070be00000| Untracked |  0
|  88|0x000000070c000000, 0x000000070c000000, 0x000000070c200000|  0%| F|  |TAMS 0x000000070c000000| PB 0x000000070c000000| Untracked |  0
|  89|0x000000070c200000, 0x000000070c200000, 0x000000070c400000|  0%| F|  |TAMS 0x000000070c200000| PB 0x000000070c200000| Untracked |  0
|  90|0x000000070c400000, 0x000000070c400000, 0x000000070c600000|  0%| F|  |TAMS 0x000000070c400000| PB 0x000000070c400000| Untracked |  0
|  91|0x000000070c600000, 0x000000070c600000, 0x000000070c800000|  0%| F|  |TAMS 0x000000070c600000| PB 0x000000070c600000| Untracked |  0
|  92|0x000000070c800000, 0x000000070c800000, 0x000000070ca00000|  0%| F|  |TAMS 0x000000070c800000| PB 0x000000070c800000| Untracked |  0
|  93|0x000000070ca00000, 0x000000070ca00000, 0x000000070cc00000|  0%| F|  |TAMS 0x000000070ca00000| PB 0x000000070ca00000| Untracked |  0
|  94|0x000000070cc00000, 0x000000070cc00000, 0x000000070ce00000|  0%| F|  |TAMS 0x000000070cc00000| PB 0x000000070cc00000| Untracked |  0
|  95|0x000000070ce00000, 0x000000070ce00000, 0x000000070d000000|  0%| F|  |TAMS 0x000000070ce00000| PB 0x000000070ce00000| Untracked |  0
|  96|0x000000070d000000, 0x000000070d000000, 0x000000070d200000|  0%| F|  |TAMS 0x000000070d000000| PB 0x000000070d000000| Untracked |  0
|  97|0x000000070d200000, 0x000000070d200000, 0x000000070d400000|  0%| F|  |TAMS 0x000000070d200000| PB 0x000000070d200000| Untracked |  0
|  98|0x000000070d400000, 0x000000070d400000, 0x000000070d600000|  0%| F|  |TAMS 0x000000070d400000| PB 0x000000070d400000| Untracked |  0
|  99|0x000000070d600000, 0x000000070d600000, 0x000000070d800000|  0%| F|  |TAMS 0x000000070d600000| PB 0x000000070d600000| Untracked |  0
| 100|0x000000070d800000, 0x000000070d800000, 0x000000070da00000|  0%| F|  |TAMS 0x000000070d800000| PB 0x000000070d800000| Untracked |  0
| 101|0x000000070da00000, 0x000000070da00000, 0x000000070dc00000|  0%| F|  |TAMS 0x000000070da00000| PB 0x000000070da00000| Untracked |  0
| 102|0x000000070dc00000, 0x000000070dc00000, 0x000000070de00000|  0%| F|  |TAMS 0x000000070dc00000| PB 0x000000070dc00000| Untracked |  0
| 103|0x000000070de00000, 0x000000070de00000, 0x000000070e000000|  0%| F|  |TAMS 0x000000070de00000| PB 0x000000070de00000| Untracked |  0
| 104|0x000000070e000000, 0x000000070e000000, 0x000000070e200000|  0%| F|  |TAMS 0x000000070e000000| PB 0x000000070e000000| Untracked |  0
| 105|0x000000070e200000, 0x000000070e200000, 0x000000070e400000|  0%| F|  |TAMS 0x000000070e200000| PB 0x000000070e200000| Untracked |  0
| 106|0x000000070e400000, 0x000000070e400000, 0x000000070e600000|  0%| F|  |TAMS 0x000000070e400000| PB 0x000000070e400000| Untracked |  0
| 107|0x000000070e600000, 0x000000070e600000, 0x000000070e800000|  0%| F|  |TAMS 0x000000070e600000| PB 0x000000070e600000| Untracked |  0
| 108|0x000000070e800000, 0x000000070e800000, 0x000000070ea00000|  0%| F|  |TAMS 0x000000070e800000| PB 0x000000070e800000| Untracked |  0
| 109|0x000000070ea00000, 0x000000070ea00000, 0x000000070ec00000|  0%| F|  |TAMS 0x000000070ea00000| PB 0x000000070ea00000| Untracked |  0
| 110|0x000000070ec00000, 0x000000070ec00000, 0x000000070ee00000|  0%| F|  |TAMS 0x000000070ec00000| PB 0x000000070ec00000| Untracked |  0
| 111|0x000000070ee00000, 0x000000070ee00000, 0x000000070f000000|  0%| F|  |TAMS 0x000000070ee00000| PB 0x000000070ee00000| Untracked |  0
| 112|0x000000070f000000, 0x000000070f000000, 0x000000070f200000|  0%| F|  |TAMS 0x000000070f000000| PB 0x000000070f000000| Untracked |  0
| 113|0x000000070f200000, 0x000000070f200000, 0x000000070f400000|  0%| F|  |TAMS 0x000000070f200000| PB 0x000000070f200000| Untracked |  0
| 114|0x000000070f400000, 0x000000070f400000, 0x000000070f600000|  0%| F|  |TAMS 0x000000070f400000| PB 0x000000070f400000| Untracked |  0
| 115|0x000000070f600000, 0x000000070f600000, 0x000000070f800000|  0%| F|  |TAMS 0x000000070f600000| PB 0x000000070f600000| Untracked |  0
| 116|0x000000070f800000, 0x000000070f800000, 0x000000070fa00000|  0%| F|  |TAMS 0x000000070f800000| PB 0x000000070f800000| Untracked |  0
| 117|0x000000070fa00000, 0x000000070fa00000, 0x000000070fc00000|  0%| F|  |TAMS 0x000000070fa00000| PB 0x000000070fa00000| Untracked |  0
| 118|0x000000070fc00000, 0x000000070fc00000, 0x000000070fe00000|  0%| F|  |TAMS 0x000000070fc00000| PB 0x000000070fc00000| Untracked |  0
| 119|0x000000070fe00000, 0x000000070fe00000, 0x0000000710000000|  0%| F|  |TAMS 0x000000070fe00000| PB 0x000000070fe00000| Untracked |  0
| 120|0x0000000710000000, 0x0000000710000000, 0x0000000710200000|  0%| F|  |TAMS 0x0000000710000000| PB 0x0000000710000000| Untracked |  0
| 121|0x0000000710200000, 0x0000000710200000, 0x0000000710400000|  0%| F|  |TAMS 0x0000000710200000| PB 0x0000000710200000| Untracked |  0
| 122|0x0000000710400000, 0x0000000710400000, 0x0000000710600000|  0%| F|  |TAMS 0x0000000710400000| PB 0x0000000710400000| Untracked |  0
| 123|0x0000000710600000, 0x00000007106f5cb8, 0x0000000710800000| 48%| E|  |TAMS 0x0000000710600000| PB 0x0000000710600000| Complete |  0
| 124|0x0000000710800000, 0x0000000710a00000, 0x0000000710a00000|100%| E|CS|TAMS 0x0000000710800000| PB 0x0000000710800000| Complete |  0
| 125|0x0000000710a00000, 0x0000000710c00000, 0x0000000710c00000|100%| E|CS|TAMS 0x0000000710a00000| PB 0x0000000710a00000| Complete |  0
| 126|0x0000000710c00000, 0x0000000710e00000, 0x0000000710e00000|100%| E|CS|TAMS 0x0000000710c00000| PB 0x0000000710c00000| Complete |  0
| 127|0x0000000710e00000, 0x0000000711000000, 0x0000000711000000|100%| E|CS|TAMS 0x0000000710e00000| PB 0x0000000710e00000| Complete |  0

Card table byte_map: [0x000001c0fd610000,0x000001c0fde10000] _byte_map_base: 0x000001c0f9e08000

Marking Bits: (CMBitMap*) 0x000001c0f2ca9140
 Bits: [0x000001c08f000000, 0x000001c092fc0000)

Polling page: 0x000001c0f0b90000

Metaspace:

Usage:
  Non-class:      5.99 MB used.
      Class:    795.34 KB used.
       Both:      6.77 MB used.

Virtual space:
  Non-class space:       64.00 MB reserved,       6.06 MB (  9%) committed,  1 nodes.
      Class space:        1.00 GB reserved,     896.00 KB ( <1%) committed,  1 nodes.
             Both:        1.06 GB reserved,       6.94 MB ( <1%) committed. 

Chunk freelists:
   Non-Class:  9.00 MB
       Class:  15.00 MB
        Both:  24.00 MB

MaxMetaspaceSize: unlimited
CompressedClassSpaceSize: 1.00 GB
Initial GC threshold: 21.00 MB
Current GC threshold: 21.00 MB
CDS: on
 - commit_granule_bytes: 65536.
 - commit_granule_words: 8192.
 - virtual_space_node_default_size: 8388608.
 - enlarge_chunks_in_place: 1.
 - use_allocation_guard: 0.


Internal statistics:

num_allocs_failed_limit: 0.
num_arena_births: 118.
num_arena_deaths: 0.
num_vsnodes_births: 2.
num_vsnodes_deaths: 0.
num_space_committed: 111.
num_space_uncommitted: 0.
num_chunks_returned_to_freelist: 0.
num_chunks_taken_from_freelist: 139.
num_chunk_merges: 0.
num_chunk_splits: 88.
num_chunks_enlarged: 42.
num_inconsistent_stats: 0.

CodeHeap 'non-profiled nmethods': size=119488Kb used=215Kb max_used=215Kb free=119272Kb
 bounds [0x000001c087b50000, 0x000001c087dc0000, 0x000001c08f000000]
CodeHeap 'profiled nmethods': size=119424Kb used=1111Kb max_used=1111Kb free=118312Kb
 bounds [0x000001c080000000, 0x000001c080270000, 0x000001c0874a0000]
CodeHeap 'non-nmethods': size=6848Kb used=2069Kb max_used=2070Kb free=4778Kb
 bounds [0x000001c0874a0000, 0x000001c087710000, 0x000001c087b50000]
 total_blobs=1261 nmethods=711 adapters=464
 compilation: enabled
              stopped_count=0, restarted_count=0
 full_count=0

JVMCI Events (9 events):
Event: 0.025 Thread 0x000001c0f2c3f930 created new Java JVMCI runtime -1 (0x000001c093b02da0)
Event: 0.040 Thread 0x000001c093b47500 created new CompileBroker JVMCI runtime 0 (0x000001c093b02e10)
Event: 0.040 Thread 0x000001c093b47500 attached to JVMCI runtime 0
Event: 0.042 Thread 0x000001c093b47500 loaded JVMCI shared library from C:\Users\cotiz\Documents\graalvm-jdk-22.0.2_windows-x64_bin\graalvm-jdk-22.0.2+9.1\bin\jvmcicompiler.dll
Event: 0.047 Thread 0x000001c093b47500 created JavaVM[1]@0x000001c100924280 for JVMCI runtime 0
Event: 0.047 Thread 0x000001c093b47500 initializing JVMCI runtime 0
Event: 0.047 Thread 0x000001c093b47500 initializing JavaVM references in JVMCI runtime 0
Event: 0.047 Thread 0x000001c093b47500 initialized JavaVM references in JVMCI runtime 0
Event: 0.047 Thread 0x000001c093b47500 initialized JVMCI runtime 0

Compilation events (20 events):
Event: 0.542 Thread 0x000001c093b480e0 nmethod 662 0x000001c080105890 code [0x000001c080105a20, 0x000001c080105b20]
Event: 0.544 Thread 0x000001c093b480e0  664       3       java.util.Hashtable$Enumerator::hasMoreElements (53 bytes)
Event: 0.544 Thread 0x000001c093b480e0 nmethod 664 0x000001c080105b90 code [0x000001c080105d40, 0x000001c080106008]
Event: 0.544 Thread 0x000001c093b480e0  663       3       java.util.Hashtable$Enumerator::hasNext (5 bytes)
Event: 0.544 Thread 0x000001c093b480e0 nmethod 663 0x000001c080106110 code [0x000001c0801062c0, 0x000001c080106400]
Event: 0.544 Thread 0x000001c093b480e0  665       3       java.util.Hashtable$Enumerator::next (27 bytes)
Event: 0.544 Thread 0x000001c093b480e0 nmethod 665 0x000001c080106490 code [0x000001c080106640, 0x000001c080106840]
Event: 0.544 Thread 0x000001c093b480e0  666       3       java.util.Hashtable$Enumerator::nextElement (111 bytes)
Event: 0.544 Thread 0x000001c093b480e0 nmethod 666 0x000001c080106990 code [0x000001c080106b80, 0x000001c080107050]
Event: 0.544 Thread 0x000001c093b480e0  667       3       java.util.Hashtable$Entry::hashCode (13 bytes)
Event: 0.545 Thread 0x000001c093b480e0 nmethod 667 0x000001c080107210 code [0x000001c0801073c0, 0x000001c080107798]
Event: 0.545 Thread 0x000001c093b480e0  670       3       javax.swing.plaf.nimbus.NimbusLookAndFeel::parsePrefix (74 bytes)
Event: 0.545 Thread 0x000001c093b47500  672       4       java.util.HashMap::get (19 bytes)
Event: 0.545 Thread 0x000001c093b480e0 nmethod 670 0x000001c080107890 code [0x000001c080107ae0, 0x000001c0801083c0]
Event: 0.545 Thread 0x000001c093b480e0  668       1       java.util.Hashtable$Entry::getKey (5 bytes)
Event: 0.545 Thread 0x000001c093b480e0 nmethod 668 0x000001c087b80c10 code [0x000001c087b80da0, 0x000001c087b80e70]
Event: 0.545 Thread 0x000001c093b480e0  669       1       java.util.Hashtable$Entry::getValue (5 bytes)
Event: 0.545 Thread 0x000001c093b480e0 nmethod 669 0x000001c087b80f10 code [0x000001c087b810a0, 0x000001c087b81170]
Event: 0.545 Thread 0x000001c093b480e0  671       3       javax.swing.plaf.nimbus.NimbusLookAndFeel::addDefault (70 bytes)
Event: 0.546 Thread 0x000001c093b480e0 nmethod 671 0x000001c080108710 code [0x000001c080108920, 0x000001c080109570]

GC Heap History (0 events):
No events

Dll operation events (7 events):
Event: 0.008 Loaded shared library C:\Users\cotiz\Documents\graalvm-jdk-22.0.2_windows-x64_bin\graalvm-jdk-22.0.2+9.1\bin\java.dll
Event: 0.038 Loaded shared library C:\Users\cotiz\Documents\graalvm-jdk-22.0.2_windows-x64_bin\graalvm-jdk-22.0.2+9.1\bin\jsvml.dll
Event: 0.042 Loaded shared library C:\Users\cotiz\Documents\graalvm-jdk-22.0.2_windows-x64_bin\graalvm-jdk-22.0.2+9.1\bin\jvmcicompiler.dll
Event: 0.087 Loaded shared library C:\Users\cotiz\Documents\graalvm-jdk-22.0.2_windows-x64_bin\graalvm-jdk-22.0.2+9.1\bin\jimage.dll
Event: 0.102 Loaded shared library C:\Users\cotiz\Documents\graalvm-jdk-22.0.2_windows-x64_bin\graalvm-jdk-22.0.2+9.1\bin\awt.dll
Event: 0.209 Loaded shared library C:\Users\cotiz\Documents\graalvm-jdk-22.0.2_windows-x64_bin\graalvm-jdk-22.0.2+9.1\bin\freetype.dll
Event: 0.210 Loaded shared library C:\Users\cotiz\Documents\graalvm-jdk-22.0.2_windows-x64_bin\graalvm-jdk-22.0.2+9.1\bin\fontmanager.dll

Deoptimization events (12 events):
Event: 0.171 Thread 0x000001c0f2c3f930 Uncommon trap: trap_request=0xffffffed fr.pc=0x000001c087b651d6 relative=0x0000000000001eb6
Event: 0.171 Thread 0x000001c0f2c3f930 Uncommon trap: reason=null_assert_or_unreached0 action=reinterpret pc=0x000001c087b651d6 method=java.util.HashMap.putVal(ILjava/lang/Object;Ljava/lang/Object;ZZ)Ljava/lang/Object; @ 29 jvmci
Event: 0.171 Thread 0x000001c0f2c3f930 DEOPT PACKING pc=0x000001c087b651d6 sp=0x00000059c2cfe190
Event: 0.171 Thread 0x000001c0f2c3f930 DEOPT UNPACKING pc=0x000001c0874f4c43 sp=0x00000059c2cfd630 mode 3
Event: 0.256 Thread 0x000001c0f2c3f930 Uncommon trap: trap_request=0xffffffed fr.pc=0x000001c087b7aee2 relative=0x00000000000005a2
Event: 0.256 Thread 0x000001c0f2c3f930 Uncommon trap: reason=null_assert_or_unreached0 action=reinterpret pc=0x000001c087b7aee2 method=java.util.HashMap.getNode(Ljava/lang/Object;)Ljava/util/HashMap$Node; @ 0 jvmci
Event: 0.256 Thread 0x000001c0f2c3f930 DEOPT PACKING pc=0x000001c087b7aee2 sp=0x00000059c2cfeff0
Event: 0.256 Thread 0x000001c0f2c3f930 DEOPT UNPACKING pc=0x000001c0874f4c43 sp=0x00000059c2cfe478 mode 3
Event: 0.256 Thread 0x000001c0f2c3f930 Uncommon trap: trap_request=0xffffffed fr.pc=0x000001c087b75238 relative=0x0000000000000198
Event: 0.256 Thread 0x000001c0f2c3f930 Uncommon trap: reason=null_assert_or_unreached0 action=reinterpret pc=0x000001c087b75238 method=java.util.HashMap.hash(Ljava/lang/Object;)I @ 0 jvmci
Event: 0.256 Thread 0x000001c0f2c3f930 DEOPT PACKING pc=0x000001c087b75238 sp=0x00000059c2cfef60
Event: 0.256 Thread 0x000001c0f2c3f930 DEOPT UNPACKING pc=0x000001c0874f4c43 sp=0x00000059c2cfe400 mode 3

Classes loaded (20 events):
Event: 0.542 Loading class javax/swing/plaf/synth/SynthContext
Event: 0.542 Loading class javax/swing/plaf/synth/SynthContext done
Event: 0.542 Loading class javax/swing/plaf/nimbus/NimbusStyle
Event: 0.542 Loading class javax/swing/plaf/nimbus/NimbusStyle done
Event: 0.542 Loading class javax/swing/plaf/nimbus/NimbusStyle$1
Event: 0.542 Loading class javax/swing/plaf/nimbus/NimbusStyle$1 done
Event: 0.542 Loading class javax/swing/plaf/nimbus/NimbusStyle$CacheKey
Event: 0.542 Loading class javax/swing/plaf/nimbus/NimbusStyle$CacheKey done
Event: 0.542 Loading class javax/swing/plaf/nimbus/SynthPainterImpl
Event: 0.543 Loading class javax/swing/plaf/synth/SynthPainter
Event: 0.543 Loading class javax/swing/plaf/synth/SynthPainter done
Event: 0.543 Loading class javax/swing/plaf/nimbus/SynthPainterImpl done
Event: 0.543 Loading class javax/swing/plaf/synth/SynthPainter$1
Event: 0.543 Loading class javax/swing/plaf/synth/SynthPainter$1 done
Event: 0.543 Loading class javax/swing/plaf/synth/SynthBorder
Event: 0.543 Loading class javax/swing/plaf/synth/SynthBorder done
Event: 0.543 Loading class javax/swing/plaf/nimbus/NimbusStyle$Values
Event: 0.543 Loading class javax/swing/plaf/nimbus/NimbusStyle$Values done
Event: 0.543 Loading class java/util/Hashtable$EntrySet
Event: 0.543 Loading class java/util/Hashtable$EntrySet done

Classes unloaded (0 events):
No events

Classes redefined (0 events):
No events

Internal exceptions (20 events):
Event: 0.245 Thread 0x000001c0f2c3f930 Exception <a 'java/lang/ClassNotFoundException'{0x000000071093d4a8}: TextPane> (0x000000071093d4a8) 
thrown [s\open\src\hotspot\share\classfile\systemDictionary.cpp, line 313]
Event: 0.245 Thread 0x000001c0f2c3f930 Exception <a 'java/lang/ClassNotFoundException'{0x000000071093d910}: EditorPane> (0x000000071093d910) 
thrown [s\open\src\hotspot\share\classfile\systemDictionary.cpp, line 313]
Event: 0.245 Thread 0x000001c0f2c3f930 Exception <a 'java/lang/ClassNotFoundException'{0x000000071093e260}: ToolBar> (0x000000071093e260) 
thrown [s\open\src\hotspot\share\classfile\systemDictionary.cpp, line 313]
Event: 0.245 Thread 0x000001c0f2c3f930 Exception <a 'java/lang/ClassNotFoundException'{0x000000071093e758}: ToolBar> (0x000000071093e758) 
thrown [s\open\src\hotspot\share\classfile\systemDictionary.cpp, line 313]
Event: 0.245 Thread 0x000001c0f2c3f930 Exception <a 'java/lang/ClassNotFoundException'{0x000000071093eab8}: Button> (0x000000071093eab8) 
thrown [s\open\src\hotspot\share\classfile\systemDictionary.cpp, line 313]
Event: 0.245 Thread 0x000001c0f2c3f930 Exception <a 'java/lang/ClassNotFoundException'{0x000000071093ef80}: ToolBar> (0x000000071093ef80) 
thrown [s\open\src\hotspot\share\classfile\systemDictionary.cpp, line 313]
Event: 0.245 Thread 0x000001c0f2c3f930 Exception <a 'java/lang/ClassNotFoundException'{0x000000071093f2f0}: ToggleButton> (0x000000071093f2f0) 
thrown [s\open\src\hotspot\share\classfile\systemDictionary.cpp, line 313]
Event: 0.245 Thread 0x000001c0f2c3f930 Exception <a 'java/lang/ClassNotFoundException'{0x000000071093f730}: javax/swing/JToolBarSeparator> (0x000000071093f730) 
thrown [s\open\src\hotspot\share\classfile\systemDictionary.cpp, line 313]
Event: 0.245 Thread 0x000001c0f2c3f930 Exception <a 'java/lang/ClassNotFoundException'{0x000000071093fa40}: ToolBarSeparator> (0x000000071093fa40) 
thrown [s\open\src\hotspot\share\classfile\systemDictionary.cpp, line 313]
Event: 0.245 Thread 0x000001c0f2c3f930 Exception <a 'java/lang/ClassNotFoundException'{0x000000071093ff48}: ToolTip> (0x000000071093ff48) 
thrown [s\open\src\hotspot\share\classfile\systemDictionary.cpp, line 313]
Event: 0.246 Thread 0x000001c0f2c3f930 Exception <a 'java/lang/ClassNotFoundException'{0x0000000710940888}: Tree> (0x0000000710940888) 
thrown [s\open\src\hotspot\share\classfile\systemDictionary.cpp, line 313]
Event: 0.246 Thread 0x000001c0f2c3f930 Exception <a 'java/lang/ClassNotFoundException'{0x0000000710940d80}: Tree> (0x0000000710940d80) 
thrown [s\open\src\hotspot\share\classfile\systemDictionary.cpp, line 313]
Event: 0.246 Thread 0x000001c0f2c3f930 Exception <a 'java/lang/ClassNotFoundException'{0x00000007109410f0}: javax/swing/JTreeCell> (0x00000007109410f0) 
thrown [s\open\src\hotspot\share\classfile\systemDictionary.cpp, line 313]
Event: 0.246 Thread 0x000001c0f2c3f930 Exception <a 'java/lang/ClassNotFoundException'{0x00000007109413f8}: TreeCell> (0x00000007109413f8) 
thrown [s\open\src\hotspot\share\classfile\systemDictionary.cpp, line 313]
Event: 0.247 Thread 0x000001c0f2c3f930 Exception <a 'java/lang/ClassNotFoundException'{0x0000000710941ba0}: RootPane> (0x0000000710941ba0) 
thrown [s\open\src\hotspot\share\classfile\systemDictionary.cpp, line 313]
Event: 0.248 Thread 0x000001c0f2c3f930 Exception <a 'java/lang/ClassNotFoundException'{0x0000000710944930}: com/sun/swing/internal/plaf/metal/resources/spi/metalProvider> (0x0000000710944930) 
thrown [s\open\src\hotspot\share\classfile\systemDictionary.cpp, line 313]
Event: 0.249 Thread 0x000001c0f2c3f930 Exception <a 'java/lang/ClassNotFoundException'{0x0000000710948630}: com/sun/swing/internal/plaf/basic/resources/spi/basicProvider> (0x0000000710948630) 
thrown [s\open\src\hotspot\share\classfile\systemDictionary.cpp, line 313]
Event: 0.256 Thread 0x000001c0f2c3f930 Implicit null exception at 0x000001c087b7a99b to 0x000001c087b7aec7
Event: 0.256 Thread 0x000001c0f2c3f930 Implicit null exception at 0x000001c087b750c2 to 0x000001c087b7521d
Event: 0.540 Thread 0x000001c0dade53c0 Exception <a 'java/lang/ClassNotFoundException'{0x000000071067b870}: com/sun/swing/internal/plaf/synth/resources/spi/synthProvider> (0x000000071067b870) 
thrown [s\open\src\hotspot\share\classfile\systemDictionary.cpp, line 313]

ZGC Phase Switch (0 events):
No events

VM Operations (4 events):
Event: 0.064 Executing VM operation: HandshakeAllThreads (Deoptimize)
Event: 0.064 Executing VM operation: HandshakeAllThreads (Deoptimize) done
Event: 0.124 Executing VM operation: HandshakeAllThreads (Deoptimize)
Event: 0.124 Executing VM operation: HandshakeAllThreads (Deoptimize) done

Memory protections (0 events):
No events

Nmethod flushes (0 events):
No events

Events (18 events):
Event: 0.023 Thread 0x000001c0f2c3f930 Thread added: 0x000001c0f2c3f930
Event: 0.036 Thread 0x000001c0f2c3f930 Thread added: 0x000001c093b2aba0
Event: 0.036 Thread 0x000001c0f2c3f930 Thread added: 0x000001c093b2ece0
Event: 0.036 Thread 0x000001c0f2c3f930 Thread added: 0x000001c093b332d0
Event: 0.036 Thread 0x000001c0f2c3f930 Thread added: 0x000001c093b341c0
Event: 0.036 Thread 0x000001c0f2c3f930 Thread added: 0x000001c093b34c20
Event: 0.036 Thread 0x000001c0f2c3f930 Thread added: 0x000001c093b357b0
Event: 0.037 Thread 0x000001c0f2c3f930 Thread added: 0x000001c093b47500
Event: 0.037 Thread 0x000001c0f2c3f930 Thread added: 0x000001c093b480e0
Event: 0.057 Thread 0x000001c0f2c3f930 Thread added: 0x000001c0d90bbf80
Event: 0.064 Thread 0x000001c093b480e0 Thread added: 0x000001c0d9145a80
Event: 0.075 Thread 0x000001c0f2c3f930 Thread added: 0x000001c0d91aefb0
Event: 0.148 Thread 0x000001c0f2c3f930 Thread added: 0x000001c0d939a790
Event: 0.149 Thread 0x000001c0f2c3f930 Thread added: 0x000001c0d939cfe0
Event: 0.149 Thread 0x000001c0f2c3f930 Thread added: 0x000001c0d939d900
Event: 0.258 Thread 0x000001c0f2c3f930 Thread added: 0x000001c0dade53c0
Event: 0.258 Thread 0x000001c0f2c3f930 Thread exited: 0x000001c0f2c3f930
Event: 0.258 Thread 0x000001c0f2c3f930 Thread added: 0x000001c0f2c3f930


Dynamic libraries:
0x00007ff68cf80000 - 0x00007ff68cf90000 	C:\Users\cotiz\Documents\graalvm-jdk-22.0.2_windows-x64_bin\graalvm-jdk-22.0.2+9.1\bin\java.exe
0x00007ffb5ac50000 - 0x00007ffb5ae67000 	C:\Windows\SYSTEM32\ntdll.dll
0x00007ffb59600000 - 0x00007ffb596c4000 	C:\Windows\System32\KERNEL32.DLL
0x00007ffb58030000 - 0x00007ffb583e7000 	C:\Windows\System32\KERNELBASE.dll
0x00007ffb583f0000 - 0x00007ffb58501000 	C:\Windows\System32\ucrtbase.dll
0x00007ffb34f20000 - 0x00007ffb34f37000 	C:\Users\cotiz\Documents\graalvm-jdk-22.0.2_windows-x64_bin\graalvm-jdk-22.0.2+9.1\bin\jli.dll
0x00007ffb238f0000 - 0x00007ffb2390b000 	C:\Users\cotiz\Documents\graalvm-jdk-22.0.2_windows-x64_bin\graalvm-jdk-22.0.2+9.1\bin\VCRUNTIME140.dll
0x00007ffb58980000 - 0x00007ffb58b2f000 	C:\Windows\System32\USER32.dll
0x00007ffb58590000 - 0x00007ffb585b6000 	C:\Windows\System32\win32u.dll
0x00007ffb42480000 - 0x00007ffb42713000 	C:\Windows\WinSxS\amd64_microsoft.windows.common-controls_6595b64144ccf1df_6.0.22621.3672_none_2713b9d173822955\COMCTL32.dll
0x00007ffb597d0000 - 0x00007ffb597f9000 	C:\Windows\System32\GDI32.dll
0x00007ffb58730000 - 0x00007ffb58848000 	C:\Windows\System32\gdi32full.dll
0x00007ffb59c90000 - 0x00007ffb59d37000 	C:\Windows\System32\msvcrt.dll
0x00007ffb57f90000 - 0x00007ffb5802a000 	C:\Windows\System32\msvcp_win.dll
0x00007ffb58b40000 - 0x00007ffb58b71000 	C:\Windows\System32\IMM32.DLL
0x00007ffb55070000 - 0x00007ffb5507c000 	C:\Users\cotiz\Documents\graalvm-jdk-22.0.2_windows-x64_bin\graalvm-jdk-22.0.2+9.1\bin\vcruntime140_1.dll
0x00007ffac8370000 - 0x00007ffac83fe000 	C:\Users\cotiz\Documents\graalvm-jdk-22.0.2_windows-x64_bin\graalvm-jdk-22.0.2+9.1\bin\msvcp140.dll
0x00007ffa7e590000 - 0x00007ffa7f2d9000 	C:\Users\cotiz\Documents\graalvm-jdk-22.0.2_windows-x64_bin\graalvm-jdk-22.0.2+9.1\bin\server\jvm.dll
0x00007ffb5a910000 - 0x00007ffb5a9c2000 	C:\Windows\System32\ADVAPI32.dll
0x00007ffb5aae0000 - 0x00007ffb5ab88000 	C:\Windows\System32\sechost.dll
0x00007ffb57f60000 - 0x00007ffb57f88000 	C:\Windows\System32\bcrypt.dll
0x00007ffb59d40000 - 0x00007ffb59e54000 	C:\Windows\System32\RPCRT4.dll
0x00007ffb5ab90000 - 0x00007ffb5ac01000 	C:\Windows\System32\WS2_32.dll
0x00007ffb56e10000 - 0x00007ffb56e5d000 	C:\Windows\SYSTEM32\POWRPROF.dll
0x00007ffb52070000 - 0x00007ffb5207a000 	C:\Windows\SYSTEM32\VERSION.dll
0x00007ffb4f180000 - 0x00007ffb4f1b4000 	C:\Windows\SYSTEM32\WINMM.dll
0x00007ffb56df0000 - 0x00007ffb56e03000 	C:\Windows\SYSTEM32\UMPDC.dll
0x00007ffb570a0000 - 0x00007ffb570b8000 	C:\Windows\SYSTEM32\kernel.appcore.dll
0x00007ffb474a0000 - 0x00007ffb474aa000 	C:\Users\cotiz\Documents\graalvm-jdk-22.0.2_windows-x64_bin\graalvm-jdk-22.0.2+9.1\bin\jimage.dll
0x00007ffb4e200000 - 0x00007ffb4e432000 	C:\Windows\SYSTEM32\DBGHELP.DLL
0x00007ffb5a580000 - 0x00007ffb5a90e000 	C:\Windows\System32\combase.dll
0x00007ffb5a0e0000 - 0x00007ffb5a1b7000 	C:\Windows\System32\OLEAUT32.dll
0x00007ffb379c0000 - 0x00007ffb379f2000 	C:\Windows\SYSTEM32\dbgcore.DLL
0x00007ffb58510000 - 0x00007ffb5858b000 	C:\Windows\System32\bcryptPrimitives.dll
0x00007ffb211b0000 - 0x00007ffb211ce000 	C:\Users\cotiz\Documents\graalvm-jdk-22.0.2_windows-x64_bin\graalvm-jdk-22.0.2+9.1\bin\java.dll
0x00007ffb58d90000 - 0x00007ffb595f9000 	C:\Windows\System32\SHELL32.dll
0x00007ffb58be0000 - 0x00007ffb58d85000 	C:\Windows\System32\ole32.dll
0x00007ffb55ed0000 - 0x00007ffb567cf000 	C:\Windows\SYSTEM32\windows.storage.dll
0x00007ffb55d90000 - 0x00007ffb55ecf000 	C:\Windows\SYSTEM32\wintypes.dll
0x00007ffb5a9e0000 - 0x00007ffb5aad9000 	C:\Windows\System32\SHCORE.dll
0x00007ffb59770000 - 0x00007ffb597ce000 	C:\Windows\System32\shlwapi.dll
0x00007ffb57e90000 - 0x00007ffb57eb7000 	C:\Windows\SYSTEM32\profapi.dll
0x00007ffac8290000 - 0x00007ffac8367000 	C:\Users\cotiz\Documents\graalvm-jdk-22.0.2_windows-x64_bin\graalvm-jdk-22.0.2+9.1\bin\jsvml.dll
0x00007ffa7b5b0000 - 0x00007ffa7e588000 	C:\Users\cotiz\Documents\graalvm-jdk-22.0.2_windows-x64_bin\graalvm-jdk-22.0.2+9.1\bin\jvmcicompiler.dll
0x00007ffb58b30000 - 0x00007ffb58b38000 	C:\Windows\System32\PSAPI.DLL
0x00007ffb585c0000 - 0x00007ffb58726000 	C:\Windows\System32\CRYPT32.dll
0x00007ffb57600000 - 0x00007ffb57628000 	C:\Windows\SYSTEM32\USERENV.dll
0x00007ffb57900000 - 0x00007ffb5792d000 	C:\Windows\SYSTEM32\ncrypt.dll
0x00007ffb56a30000 - 0x00007ffb56a5d000 	C:\Windows\SYSTEM32\IPHLPAPI.DLL
0x00007ffb57510000 - 0x00007ffb57579000 	C:\Windows\SYSTEM32\MSWSOCK.dll
0x00007ffb578c0000 - 0x00007ffb578f7000 	C:\Windows\SYSTEM32\NTASN1.dll
0x00007ffa7b420000 - 0x00007ffa7b5ae000 	C:\Users\cotiz\Documents\graalvm-jdk-22.0.2_windows-x64_bin\graalvm-jdk-22.0.2+9.1\bin\awt.dll
0x00007ffb54a90000 - 0x00007ffb54b27000 	C:\Windows\SYSTEM32\apphelp.dll
0x00007ffb55470000 - 0x00007ffb55521000 	C:\Windows\system32\uxtheme.dll
0x00007ffb5a1e0000 - 0x00007ffb5a340000 	C:\Windows\System32\MSCTF.dll
0x00007ffb55900000 - 0x00007ffb5592b000 	C:\Windows\system32\DWMAPI.DLL
0x00007ffac8200000 - 0x00007ffac8287000 	C:\Users\cotiz\Documents\graalvm-jdk-22.0.2_windows-x64_bin\graalvm-jdk-22.0.2+9.1\bin\freetype.dll
0x00007ffa7b340000 - 0x00007ffa7b417000 	C:\Users\cotiz\Documents\graalvm-jdk-22.0.2_windows-x64_bin\graalvm-jdk-22.0.2+9.1\bin\fontmanager.dll
0x00007ffae9dd0000 - 0x00007ffae9ed0000 	C:\Windows\system32\opengl32.dll
0x00007ffb551b0000 - 0x00007ffb551dd000 	C:\Windows\SYSTEM32\GLU32.dll
0x00007ffb555c0000 - 0x00007ffb555f7000 	C:\Windows\SYSTEM32\dxcore.dll
0x00007ffb4c080000 - 0x00007ffb4c228000 	C:\Windows\system32\d3d9.dll
0x00007ffb47000000 - 0x00007ffb470c1000 	C:\Windows\System32\DriverStore\FileRepository\nv_dispig.inf_amd64_0afec3f2050014a0\nvldumdx.dll
0x00007ffb57c00000 - 0x00007ffb57c12000 	C:\Windows\SYSTEM32\msasn1.dll
0x00007ffb51e10000 - 0x00007ffb51e42000 	C:\Windows\SYSTEM32\cryptnet.dll
0x00007ffb57760000 - 0x00007ffb5776c000 	C:\Windows\SYSTEM32\cryptbase.dll
0x00007ffb57810000 - 0x00007ffb57859000 	C:\Windows\SYSTEM32\wldp.dll
0x00007ffb51b10000 - 0x00007ffb51c72000 	C:\Windows\SYSTEM32\drvstore.dll
0x00007ffb57c20000 - 0x00007ffb57c4c000 	C:\Windows\SYSTEM32\devobj.dll
0x00007ffb57c50000 - 0x00007ffb57c9e000 	C:\Windows\SYSTEM32\cfgmgr32.dll
0x00007ffb58910000 - 0x00007ffb5897c000 	C:\Windows\System32\wintrust.dll
0x00007ffb5a1c0000 - 0x00007ffb5a1df000 	C:\Windows\System32\imagehlp.dll
0x00007ffb57770000 - 0x00007ffb5778b000 	C:\Windows\SYSTEM32\CRYPTSP.dll
0x00007ffb57000000 - 0x00007ffb57035000 	C:\Windows\system32\rsaenh.dll
0x00007ffb43b80000 - 0x00007ffb45b6e000 	C:\Windows\System32\DriverStore\FileRepository\nv_dispig.inf_amd64_0afec3f2050014a0\nvgpucomp64.dll
0x00007ffb021e0000 - 0x00007ffb03c74000 	C:\Windows\System32\DriverStore\FileRepository\nv_dispig.inf_amd64_0afec3f2050014a0\nvd3dumx.dll
0x00007ffb50fb0000 - 0x00007ffb50ff9000 	C:\Windows\SYSTEM32\directxdatabasehelper.dll

dbghelp: loaded successfully - version: 4.0.5 - missing functions: none
symbol engine: initialized successfully - sym options: 0x614 - pdb path: .;C:\Users\cotiz\Documents\graalvm-jdk-22.0.2_windows-x64_bin\graalvm-jdk-22.0.2+9.1\bin;C:\Windows\SYSTEM32;C:\Windows\WinSxS\amd64_microsoft.windows.common-controls_6595b64144ccf1df_6.0.22621.3672_none_2713b9d173822955;C:\Users\cotiz\Documents\graalvm-jdk-22.0.2_windows-x64_bin\graalvm-jdk-22.0.2+9.1\bin\server;C:\Windows\System32\DriverStore\FileRepository\nv_dispig.inf_amd64_0afec3f2050014a0

VM Arguments:
jvm_args: -XX:ThreadPriorityPolicy=1 -XX:+UnlockExperimentalVMOptions -XX:+EnableJVMCIProduct -XX:-UnlockExperimentalVMOptions 
java_command: org.itson.battleshippresentation.view.StrategyView
java_class_path (initial): C:\Users\cotiz\Documents\battleship-java\BattleshipPresentation\target\classes;C:\Users\cotiz\Documents\battleship-java\BattleshipDomain\target\classes
Launcher Type: SUN_STANDARD

[Global flags]
     intx CICompilerCount                          = 4                                         {product} {ergonomic}
     uint ConcGCThreads                            = 3                                         {product} {ergonomic}
     bool EnableJVMCIProduct                       = true                                {JVMCI product} {jimage}
     uint G1ConcRefinementThreads                  = 10                                        {product} {ergonomic}
   size_t G1HeapRegionSize                         = 2097152                                   {product} {ergonomic}
   size_t InitialHeapSize                          = 268435456                                 {product} {ergonomic}
   size_t MarkStackSize                            = 4194304                                   {product} {ergonomic}
   size_t MaxHeapSize                              = 4278190080                                {product} {ergonomic}
   size_t MaxNewSize                               = 2566914048                                {product} {ergonomic}
   size_t MinHeapDeltaBytes                        = 2097152                                   {product} {ergonomic}
   size_t MinHeapSize                              = 8388608                                   {product} {ergonomic}
    uintx NonNMethodCodeHeapSize                   = 6979620                                {pd product} {ergonomic}
    uintx NonProfiledCodeHeapSize                  = 122339310                              {pd product} {ergonomic}
    uintx ProfiledCodeHeapSize                     = 122339310                              {pd product} {ergonomic}
    uintx ReservedCodeCacheSize                    = 251658240                              {pd product} {ergonomic}
     bool SegmentedCodeCache                       = true                                      {product} {ergonomic}
   size_t SoftMaxHeapSize                          = 4278190080                             {manageable} {ergonomic}
      int ThreadPriorityPolicy                     = 1                                         {product} {jimage}
     bool UseCompressedOops                        = true                           {product lp64_product} {ergonomic}
     bool UseG1GC                                  = true                                      {product} {ergonomic}
     bool UseLargePagesIndividualAllocation        = false                                  {pd product} {ergonomic}

Logging:
Log output configuration:
 #0: stdout all=warning uptime,level,tags foldmultilines=false
 #1: stderr all=off uptime,level,tags foldmultilines=false

Environment Variables:
JAVA_HOME=C:\Users\cotiz\Documents\graalvm-jdk-22.0.2_windows-x64_bin\graalvm-jdk-22.0.2+9.1
PATH=C:\Program Files\Common Files\Oracle\Java\javapath;C:\Program Files (x86)\Common Files\Oracle\Java\java8path;C:\Program Files (x86)\Common Files\Oracle\Java\javapath;C:\Windows\system32;C:\Windows;C:\Windows\System32\Wbem;C:\Windows\System32\WindowsPowerShell\v1.0\;C:\Windows\System32\OpenSSH\;C:\Program Files\NVIDIA Corporation\NVIDIA NvDLISR;C:\Program Files (x86)\NVIDIA Corporation\PhysX\Common;C:\Program Files\Git\cmd;C:\Users\cotiz\AppData\Local\Programs\Python\Launcher\;C:\Users\cotiz\AppData\Local\Microsoft\WindowsApps;D:\Curso de programacion java;C:\Users\cotiz\AppData\Local\Programs\Microsoft VS Code\bin
USERNAME=cotiz
OS=Windows_NT
PROCESSOR_IDENTIFIER=AMD64 Family 23 Model 8 Stepping 2, AuthenticAMD
TMP=C:\Users\cotiz\AppData\Local\Temp
TEMP=C:\Users\cotiz\AppData\Local\Temp




Periodic native trim disabled

---------------  S Y S T E M  ---------------

OS:
 Windows 11 , 64 bit Build 22621 (10.0.22621.3958)
OS uptime: 1 days 2:36 hours

CPU: total 12 (initial active 12) (12 cores per cpu, 2 threads per core) family 23 model 8 stepping 2 microcode 0x0, cx8, cmov, fxsr, ht, mmx, 3dnowpref, sse, sse2, sse3, ssse3, sse4a, sse4.1, sse4.2, popcnt, lzcnt, tsc, tscinvbit, avx, avx2, aes, clmul, bmi1, bmi2, adx, sha, fma, vzeroupper, clflush, clflushopt, rdtscp, f16c
Processor Information for all 12 processors :
  Max Mhz: 3400, Current Mhz: 3400, Mhz Limit: 3400

Memory: 4k page, system-wide physical 16315M (4518M free)
TotalPageFile size 25566M (AvailPageFile size 2M)
current process WorkingSet (physical memory assigned to process): 114M, peak: 114M
current process commit charge ("private bytes"): 402M, peak: 402M

vm_info: Java HotSpot(TM) 64-Bit Server VM (22.0.2+9-jvmci-b01) for windows-amd64 JRE (22.0.2+9-jvmci-b01), built on 2024-06-05T21:30:56Z by "OCIWIN18Buildbot" with MS VC++ 17.6 (VS2022)

END.
