#
# There is insufficient memory for the Java Runtime Environment to continue.
# Native memory allocation (mmap) failed to map 65536 bytes. Error detail: Failed to commit metaspace.
# Possible reasons:
#   The system is out of physical RAM or swap space
#   This process is running with CompressedOops enabled, and the Java Heap may be blocking the growth of the native heap
# Possible solutions:
#   Reduce memory load on the system
#   Increase physical memory or swap space
#   Check if swap backing store is full
#   Decrease Java heap size (-Xmx/-Xms)
#   Decrease number of Java threads
#   Decrease Java thread stack sizes (-Xss)
#   Set larger code cache with -XX:ReservedCodeCacheSize=
#   JVM is running with Zero Based Compressed Oops mode in which the Java heap is
#     placed in the first 32GB address space. The Java Heap base address is the
#     maximum limit for the native heap growth. Please use -XX:HeapBaseMinAddress
#     to set the Java Heap base and to place the Java Heap above 32GB virtual address.
# This output file may be truncated or incomplete.
#
#  Out of Memory Error (virtualSpaceNode.cpp:112), pid=19512, tid=28428
#
# JRE version: Java(TM) SE Runtime Environment Oracle GraalVM 22.0.2+9.1 (22.0.2+9) (build 22.0.2+9-jvmci-b01)
# Java VM: Java HotSpot(TM) 64-Bit Server VM Oracle GraalVM 22.0.2+9.1 (22.0.2+9-jvmci-b01, mixed mode, sharing, tiered, jvmci, jvmci compiler, compressed oops, compressed class ptrs, g1 gc, windows-amd64)
# No core dump will be written. Minidumps are not enabled by default on client versions of Windows
#

---------------  S U M M A R Y ------------

Command Line: -XX:ThreadPriorityPolicy=1 -XX:+UnlockExperimentalVMOptions -XX:+EnableJVMCIProduct -XX:-UnlockExperimentalVMOptions org.itson.battleshippresentation.view.StrategyView

Host: AMD Ryzen 5 2600 Six-Core Processor            , 12 cores, 15G,  Windows 11 , 64 bit Build 22621 (10.0.22621.3958)
Time: Wed Oct 30 10:43:57 2024 Pacific Daylight Time elapsed time: 0.208582 seconds (0d 0h 0m 0s)

---------------  T H R E A D  ---------------

Current thread (0x0000023ce926f0f0):  JavaThread "main"             [_thread_in_vm, id=28428, stack(0x0000008b64a00000,0x0000008b64b00000) (1024K)]

Stack: [0x0000008b64a00000,0x0000008b64b00000]
Native frames: (J=compiled Java code, j=interpreted, Vv=VM code, C=native code)
V  [jvm.dll+0x6e26e9]  (no source info available)
V  [jvm.dll+0x875753]  (no source info available)
V  [jvm.dll+0x877b7e]  (no source info available)
V  [jvm.dll+0x878253]  (no source info available)
V  [jvm.dll+0x27fc86]  (no source info available)
V  [jvm.dll+0x87139e]  (no source info available)
V  [jvm.dll+0x685755]  (no source info available)
V  [jvm.dll+0x6857ba]  (no source info available)
V  [jvm.dll+0x687ffa]  (no source info available)
V  [jvm.dll+0x224f6c]  (no source info available)
V  [jvm.dll+0x68616e]  (no source info available)
V  [jvm.dll+0x269dbf]  (no source info available)
V  [jvm.dll+0x6903c4]  (no source info available)
V  [jvm.dll+0x2151c1]  (no source info available)
V  [jvm.dll+0x21564a]  (no source info available)
V  [jvm.dll+0x216071]  (no source info available)
V  [jvm.dll+0x20b3ae]  (no source info available)
V  [jvm.dll+0x5c4a8f]  (no source info available)
V  [jvm.dll+0x21cb2a]  (no source info available)
V  [jvm.dll+0x7ebe8c]  (no source info available)
V  [jvm.dll+0x7ecf26]  (no source info available)
V  [jvm.dll+0x7ed750]  (no source info available)
V  [jvm.dll+0x21646c]  (no source info available)
V  [jvm.dll+0x20b3c7]  (no source info available)
V  [jvm.dll+0x5c4a8f]  (no source info available)
V  [jvm.dll+0x21cb2a]  (no source info available)
V  [jvm.dll+0x7ebe8c]  (no source info available)
V  [jvm.dll+0x7ecf26]  (no source info available)
V  [jvm.dll+0x7ed534]  (no source info available)
V  [jvm.dll+0x7ed1b8]  (no source info available)
V  [jvm.dll+0x26d6ab]  (no source info available)
V  [jvm.dll+0x3d9eae]  (no source info available)
C  0x0000023c874bac9f  (no source info available)

The last pc belongs to new (printed below).
Java frames: (J=compiled Java code, j=interpreted, Vv=VM code)
j  javax.swing.UIManager.setLookAndFeel(Ljava/lang/String;)V+9 java.desktop@22.0.2
j  javax.swing.UIManager.initializeDefaultLAF(Ljava/util/Properties;)V+58 java.desktop@22.0.2
j  javax.swing.UIManager.initialize()V+9 java.desktop@22.0.2
j  javax.swing.UIManager.maybeInitialize()V+22 java.desktop@22.0.2
j  javax.swing.UIManager.getInstalledLookAndFeels()[Ljavax/swing/UIManager$LookAndFeelInfo;+0 java.desktop@22.0.2
j  org.itson.battleshippresentation.view.StrategyView.main([Ljava/lang/String;)V+0
v  ~StubRoutines::call_stub 0x0000023c874a100d
new  187 new  [0x0000023c874bab20, 0x0000023c874bad28]  520 bytes
[MachCode]
  0x0000023c874bab20: 4883 ec08 | c5fa 1104 | 24eb 1f48 | 83ec 10c5 | fb11 0424 | eb14 4883 | ec10 4889 | 0424 48c7 
  0x0000023c874bab40: 4424 0800 | 0000 00eb | 0150 410f | b755 010f | cac1 ea10 | 488b 4de8 | 488b 4908 | 488b 4908 
  0x0000023c874bab60: 488b 4108 | 807c 1004 | 070f 85d3 | 0000 0066 | 8b54 d148 | 488b 4928 | 488b 4cd1 | 0851 80b9 
  0x0000023c874bab80: 2001 0000 | 050f 85b6 | 0000 008b | 5108 f6c2 | 010f 85aa | 0000 0049 | 8b87 b801 | 0000 488d 
  0x0000023c874baba0: 1c10 493b | 9fc8 0100 | 000f 8792 | 0000 0049 | 899f b801 | 0000 4883 | ea10 0f84 | 0f00 0000 
  0x0000023c874babc0: 33c9 c1ea | 0348 894c | d008 48ff | ca75 f648 | c700 0100 | 0000 5933 | f689 700c | 49ba 0000 
  0x0000023c874babe0: 008f 3c02 | 0000 492b | ca89 4808 | 49ba 6d40 | 1d7f fa7f | 0000 4180 | 3a00 0f84 | 3c00 0000 
  0x0000023c874bac00: 5048 8bc8 | 4883 ec20 | 40f6 c40f | 0f84 1900 | 0000 4883 | ec08 48b8 | c0b9 cd7e | fa7f 0000 
  0x0000023c874bac20: ffd0 4883 | c408 e90c | 0000 0048 | b8c0 b9cd | 7efa 7f00 | 00ff d048 | 83c4 2058 | e9cb 0000 
  0x0000023c874bac40: 0059 488b | 55e8 488b | 5208 488b | 5208 450f | b745 0141 | 0fc8 41c1 | e810 e805 | 0000 00e9 
  0x0000023c874bac60: a800 0000 | 488d 4424 | 084c 896d | c049 8bcf | c5f8 7749 | 89af b003 | 0000 4989 | 87a0 0300 
  0x0000023c874bac80: 0048 83ec | 2040 f6c4 | 0f0f 8419 | 0000 0048 | 83ec 0848 | b860 9e96 | 7efa 7f00 | 00ff d048 
  0x0000023c874baca0: 83c4 08e9 | 0c00 0000 | 48b8 609e | 967e fa7f | 0000 ffd0 | 4883 c420 | 49c7 87a0 | 0300 0000 
  0x0000023c874bacc0: 0000 0049 | c787 b003 | 0000 0000 | 0000 49c7 | 87a8 0300 | 0000 0000 | 00c5 f877 | 4983 7f08 
  0x0000023c874bace0: 000f 8405 | 0000 00e9 | 1462 feff | 498b 87f8 | 0300 0049 | c787 f803 | 0000 0000 | 0000 4c8b 
  0x0000023c874bad00: 6dc0 4c8b | 75c8 4e8d | 74f5 00c3 | 410f b65d | 0349 83c5 | 0349 ba30 | 0921 7ffa | 7f00 0041 
  0x0000023c874bad20: ff24 da0f | 1f44 0000 
[/MachCode]

---------------  P R O C E S S  ---------------

Threads class SMR info:
_java_thread_list=0x0000023cd467d0d0, length=16, elements={
0x0000023ce926f0f0, 0x0000023cd4117740, 0x0000023cd411b880, 0x0000023cd411d7e0,
0x0000023cd411e8c0, 0x0000023cd411f7b0, 0x0000023cd4125f50, 0x0000023cd4129910,
0x0000023cd41323d0, 0x0000023cd4248490, 0x0000023cd426d690, 0x0000023cd427de50,
0x0000023cd42cbf90, 0x0000023cd46804a0, 0x0000023cd4689130, 0x0000023cd46897a0
}

Java Threads: ( => current thread )
=>0x0000023ce926f0f0 JavaThread "main"                              [_thread_in_vm, id=28428, stack(0x0000008b64a00000,0x0000008b64b00000) (1024K)]
  0x0000023cd4117740 JavaThread "Reference Handler"          daemon [_thread_blocked, id=17852, stack(0x0000008b65200000,0x0000008b65300000) (1024K)]
  0x0000023cd411b880 JavaThread "Finalizer"                  daemon [_thread_blocked, id=13048, stack(0x0000008b65300000,0x0000008b65400000) (1024K)]
  0x0000023cd411d7e0 JavaThread "Signal Dispatcher"          daemon [_thread_blocked, id=23904, stack(0x0000008b65400000,0x0000008b65500000) (1024K)]
  0x0000023cd411e8c0 JavaThread "Attach Listener"            daemon [_thread_blocked, id=17860, stack(0x0000008b65500000,0x0000008b65600000) (1024K)]
  0x0000023cd411f7b0 JavaThread "Service Thread"             daemon [_thread_blocked, id=2884, stack(0x0000008b65600000,0x0000008b65700000) (1024K)]
  0x0000023cd4125f50 JavaThread "Monitor Deflation Thread"   daemon [_thread_blocked, id=23772, stack(0x0000008b65700000,0x0000008b65800000) (1024K)]
  0x0000023cd4129910 JavaThread "JVMCI-native CompilerThread0" daemon [_thread_blocked, id=24112, stack(0x0000008b65800000,0x0000008b65900000) (1024K)]
  0x0000023cd41323d0 JavaThread "C1 CompilerThread0"         daemon [_thread_blocked, id=27128, stack(0x0000008b65900000,0x0000008b65a00000) (1024K)]
  0x0000023cd4248490 JavaThread "Common-Cleaner"             daemon [_thread_blocked, id=16920, stack(0x0000008b65a00000,0x0000008b65b00000) (1024K)]
  0x0000023cd426d690 JavaThread "C1 CompilerThread1"         daemon [_thread_blocked, id=20312, stack(0x0000008b65b00000,0x0000008b65c00000) (1024K)]
  0x0000023cd427de50 JavaThread "C1 CompilerThread2"         daemon [_thread_blocked, id=27144, stack(0x0000008b65c00000,0x0000008b65d00000) (1024K)]
  0x0000023cd42cbf90 JavaThread "Notification Thread"        daemon [_thread_blocked, id=26400, stack(0x0000008b65d00000,0x0000008b65e00000) (1024K)]
  0x0000023cd46804a0 JavaThread "Java2D Disposer"            daemon [_thread_blocked, id=29344, stack(0x0000008b65e00000,0x0000008b65f00000) (1024K)]
  0x0000023cd4689130 JavaThread "AWT-Shutdown"                      [_thread_blocked, id=26796, stack(0x0000008b65f00000,0x0000008b66000000) (1024K)]
  0x0000023cd46897a0 JavaThread "AWT-Windows"                daemon [_thread_in_native, id=14316, stack(0x0000008b66000000,0x0000008b66100000) (1024K)]
Total: 16

Other Threads:
  0x0000023cfa7282a0 VMThread "VM Thread"                           [id=15240, stack(0x0000008b65100000,0x0000008b65200000) (1024K)]
  0x0000023cfa70e1e0 WatcherThread "VM Periodic Task Thread"        [id=7792, stack(0x0000008b65000000,0x0000008b65100000) (1024K)]
  0x0000023ce92d91d0 WorkerThread "GC Thread#0"                     [id=22000, stack(0x0000008b64b00000,0x0000008b64c00000) (1024K)]
  0x0000023ce9328410 ConcurrentGCThread "G1 Main Marker"            [id=6656, stack(0x0000008b64c00000,0x0000008b64d00000) (1024K)]
  0x0000023ce93295d0 WorkerThread "G1 Conc#0"                       [id=27116, stack(0x0000008b64d00000,0x0000008b64e00000) (1024K)]
  0x0000023cfa5ce250 ConcurrentGCThread "G1 Refine#0"               [id=28408, stack(0x0000008b64e00000,0x0000008b64f00000) (1024K)]
  0x0000023cfa5cece0 ConcurrentGCThread "G1 Service"                [id=23200, stack(0x0000008b64f00000,0x0000008b65000000) (1024K)]
Total: 7

Threads with active compile tasks:
Total: 0

VM state: not at safepoint (normal execution)

VM Mutex/Monitor currently owned by a thread:  ([mutex/lock_event])
[0x00007ffa7f1fab00] Metaspace_lock - owner thread: 0x0000023ce926f0f0

Heap address: 0x0000000701000000, size: 4080 MB, Compressed Oops mode: Zero based, Oop shift amount: 3

CDS archive(s) mapped at: [0x0000023c8f000000-0x0000023c8fc60000-0x0000023c8fc60000), size 12976128, SharedBaseAddress: 0x0000023c8f000000, ArchiveRelocationMode: 1.
Compressed class space mapped at: 0x0000023c90000000-0x0000023cd0000000, reserved size: 1073741824
Narrow klass base: 0x0000023c8f000000, Narrow klass shift: 0, Narrow klass range: 0x41000000

GC Precious Log:
 CardTable entry size: 512
 Card Set container configuration: InlinePtr #cards 4 size 8 Array Of Cards #cards 16 size 48 Howl #buckets 8 coarsen threshold 3686 Howl Bitmap #cards 512 size 80 coarsen threshold 460 Card regions per heap region 1 cards per card region 4096
 CPUs: 12 total, 12 available
 Memory: 16315M
 Large Page Support: Disabled
 NUMA Support: Disabled
 Compressed Oops: Enabled (Zero based)
 Heap Region Size: 2M
 Heap Min Capacity: 8M
 Heap Initial Capacity: 256M
 Heap Max Capacity: 4080M
 Pre-touch: Disabled
 Parallel Workers: 10
 Concurrent Workers: 3
 Concurrent Refinement Workers: 10
 Periodic GC: Disabled

Heap:
 garbage-first heap   total reserved 4177920K, committed 262144K, used 6144K [0x0000000701000000, 0x0000000800000000)
  region size 2048K, 4 young (8192K), 0 survivors (0K)
 Metaspace       used 3091K, committed 3200K, reserved 1114112K
  class space    used 278K, committed 320K, reserved 1048576K

Heap Regions: E=young(eden), S=young(survivor), O=old, HS=humongous(starts), HC=humongous(continues), CS=collection set, F=free, TAMS=top-at-mark-start, PB=parsable bottom
|   0|0x0000000701000000, 0x0000000701000000, 0x0000000701200000|  0%| F|  |TAMS 0x0000000701000000| PB 0x0000000701000000| Untracked |  0
|   1|0x0000000701200000, 0x0000000701200000, 0x0000000701400000|  0%| F|  |TAMS 0x0000000701200000| PB 0x0000000701200000| Untracked |  0
|   2|0x0000000701400000, 0x0000000701400000, 0x0000000701600000|  0%| F|  |TAMS 0x0000000701400000| PB 0x0000000701400000| Untracked |  0
|   3|0x0000000701600000, 0x0000000701600000, 0x0000000701800000|  0%| F|  |TAMS 0x0000000701600000| PB 0x0000000701600000| Untracked |  0
|   4|0x0000000701800000, 0x0000000701800000, 0x0000000701a00000|  0%| F|  |TAMS 0x0000000701800000| PB 0x0000000701800000| Untracked |  0
|   5|0x0000000701a00000, 0x0000000701a00000, 0x0000000701c00000|  0%| F|  |TAMS 0x0000000701a00000| PB 0x0000000701a00000| Untracked |  0
|   6|0x0000000701c00000, 0x0000000701c00000, 0x0000000701e00000|  0%| F|  |TAMS 0x0000000701c00000| PB 0x0000000701c00000| Untracked |  0
|   7|0x0000000701e00000, 0x0000000701e00000, 0x0000000702000000|  0%| F|  |TAMS 0x0000000701e00000| PB 0x0000000701e00000| Untracked |  0
|   8|0x0000000702000000, 0x0000000702000000, 0x0000000702200000|  0%| F|  |TAMS 0x0000000702000000| PB 0x0000000702000000| Untracked |  0
|   9|0x0000000702200000, 0x0000000702200000, 0x0000000702400000|  0%| F|  |TAMS 0x0000000702200000| PB 0x0000000702200000| Untracked |  0
|  10|0x0000000702400000, 0x0000000702400000, 0x0000000702600000|  0%| F|  |TAMS 0x0000000702400000| PB 0x0000000702400000| Untracked |  0
|  11|0x0000000702600000, 0x0000000702600000, 0x0000000702800000|  0%| F|  |TAMS 0x0000000702600000| PB 0x0000000702600000| Untracked |  0
|  12|0x0000000702800000, 0x0000000702800000, 0x0000000702a00000|  0%| F|  |TAMS 0x0000000702800000| PB 0x0000000702800000| Untracked |  0
|  13|0x0000000702a00000, 0x0000000702a00000, 0x0000000702c00000|  0%| F|  |TAMS 0x0000000702a00000| PB 0x0000000702a00000| Untracked |  0
|  14|0x0000000702c00000, 0x0000000702c00000, 0x0000000702e00000|  0%| F|  |TAMS 0x0000000702c00000| PB 0x0000000702c00000| Untracked |  0
|  15|0x0000000702e00000, 0x0000000702e00000, 0x0000000703000000|  0%| F|  |TAMS 0x0000000702e00000| PB 0x0000000702e00000| Untracked |  0
|  16|0x0000000703000000, 0x0000000703000000, 0x0000000703200000|  0%| F|  |TAMS 0x0000000703000000| PB 0x0000000703000000| Untracked |  0
|  17|0x0000000703200000, 0x0000000703200000, 0x0000000703400000|  0%| F|  |TAMS 0x0000000703200000| PB 0x0000000703200000| Untracked |  0
|  18|0x0000000703400000, 0x0000000703400000, 0x0000000703600000|  0%| F|  |TAMS 0x0000000703400000| PB 0x0000000703400000| Untracked |  0
|  19|0x0000000703600000, 0x0000000703600000, 0x0000000703800000|  0%| F|  |TAMS 0x0000000703600000| PB 0x0000000703600000| Untracked |  0
|  20|0x0000000703800000, 0x0000000703800000, 0x0000000703a00000|  0%| F|  |TAMS 0x0000000703800000| PB 0x0000000703800000| Untracked |  0
|  21|0x0000000703a00000, 0x0000000703a00000, 0x0000000703c00000|  0%| F|  |TAMS 0x0000000703a00000| PB 0x0000000703a00000| Untracked |  0
|  22|0x0000000703c00000, 0x0000000703c00000, 0x0000000703e00000|  0%| F|  |TAMS 0x0000000703c00000| PB 0x0000000703c00000| Untracked |  0
|  23|0x0000000703e00000, 0x0000000703e00000, 0x0000000704000000|  0%| F|  |TAMS 0x0000000703e00000| PB 0x0000000703e00000| Untracked |  0
|  24|0x0000000704000000, 0x0000000704000000, 0x0000000704200000|  0%| F|  |TAMS 0x0000000704000000| PB 0x0000000704000000| Untracked |  0
|  25|0x0000000704200000, 0x0000000704200000, 0x0000000704400000|  0%| F|  |TAMS 0x0000000704200000| PB 0x0000000704200000| Untracked |  0
|  26|0x0000000704400000, 0x0000000704400000, 0x0000000704600000|  0%| F|  |TAMS 0x0000000704400000| PB 0x0000000704400000| Untracked |  0
|  27|0x0000000704600000, 0x0000000704600000, 0x0000000704800000|  0%| F|  |TAMS 0x0000000704600000| PB 0x0000000704600000| Untracked |  0
|  28|0x0000000704800000, 0x0000000704800000, 0x0000000704a00000|  0%| F|  |TAMS 0x0000000704800000| PB 0x0000000704800000| Untracked |  0
|  29|0x0000000704a00000, 0x0000000704a00000, 0x0000000704c00000|  0%| F|  |TAMS 0x0000000704a00000| PB 0x0000000704a00000| Untracked |  0
|  30|0x0000000704c00000, 0x0000000704c00000, 0x0000000704e00000|  0%| F|  |TAMS 0x0000000704c00000| PB 0x0000000704c00000| Untracked |  0
|  31|0x0000000704e00000, 0x0000000704e00000, 0x0000000705000000|  0%| F|  |TAMS 0x0000000704e00000| PB 0x0000000704e00000| Untracked |  0
|  32|0x0000000705000000, 0x0000000705000000, 0x0000000705200000|  0%| F|  |TAMS 0x0000000705000000| PB 0x0000000705000000| Untracked |  0
|  33|0x0000000705200000, 0x0000000705200000, 0x0000000705400000|  0%| F|  |TAMS 0x0000000705200000| PB 0x0000000705200000| Untracked |  0
|  34|0x0000000705400000, 0x0000000705400000, 0x0000000705600000|  0%| F|  |TAMS 0x0000000705400000| PB 0x0000000705400000| Untracked |  0
|  35|0x0000000705600000, 0x0000000705600000, 0x0000000705800000|  0%| F|  |TAMS 0x0000000705600000| PB 0x0000000705600000| Untracked |  0
|  36|0x0000000705800000, 0x0000000705800000, 0x0000000705a00000|  0%| F|  |TAMS 0x0000000705800000| PB 0x0000000705800000| Untracked |  0
|  37|0x0000000705a00000, 0x0000000705a00000, 0x0000000705c00000|  0%| F|  |TAMS 0x0000000705a00000| PB 0x0000000705a00000| Untracked |  0
|  38|0x0000000705c00000, 0x0000000705c00000, 0x0000000705e00000|  0%| F|  |TAMS 0x0000000705c00000| PB 0x0000000705c00000| Untracked |  0
|  39|0x0000000705e00000, 0x0000000705e00000, 0x0000000706000000|  0%| F|  |TAMS 0x0000000705e00000| PB 0x0000000705e00000| Untracked |  0
|  40|0x0000000706000000, 0x0000000706000000, 0x0000000706200000|  0%| F|  |TAMS 0x0000000706000000| PB 0x0000000706000000| Untracked |  0
|  41|0x0000000706200000, 0x0000000706200000, 0x0000000706400000|  0%| F|  |TAMS 0x0000000706200000| PB 0x0000000706200000| Untracked |  0
|  42|0x0000000706400000, 0x0000000706400000, 0x0000000706600000|  0%| F|  |TAMS 0x0000000706400000| PB 0x0000000706400000| Untracked |  0
|  43|0x0000000706600000, 0x0000000706600000, 0x0000000706800000|  0%| F|  |TAMS 0x0000000706600000| PB 0x0000000706600000| Untracked |  0
|  44|0x0000000706800000, 0x0000000706800000, 0x0000000706a00000|  0%| F|  |TAMS 0x0000000706800000| PB 0x0000000706800000| Untracked |  0
|  45|0x0000000706a00000, 0x0000000706a00000, 0x0000000706c00000|  0%| F|  |TAMS 0x0000000706a00000| PB 0x0000000706a00000| Untracked |  0
|  46|0x0000000706c00000, 0x0000000706c00000, 0x0000000706e00000|  0%| F|  |TAMS 0x0000000706c00000| PB 0x0000000706c00000| Untracked |  0
|  47|0x0000000706e00000, 0x0000000706e00000, 0x0000000707000000|  0%| F|  |TAMS 0x0000000706e00000| PB 0x0000000706e00000| Untracked |  0
|  48|0x0000000707000000, 0x0000000707000000, 0x0000000707200000|  0%| F|  |TAMS 0x0000000707000000| PB 0x0000000707000000| Untracked |  0
|  49|0x0000000707200000, 0x0000000707200000, 0x0000000707400000|  0%| F|  |TAMS 0x0000000707200000| PB 0x0000000707200000| Untracked |  0
|  50|0x0000000707400000, 0x0000000707400000, 0x0000000707600000|  0%| F|  |TAMS 0x0000000707400000| PB 0x0000000707400000| Untracked |  0
|  51|0x0000000707600000, 0x0000000707600000, 0x0000000707800000|  0%| F|  |TAMS 0x0000000707600000| PB 0x0000000707600000| Untracked |  0
|  52|0x0000000707800000, 0x0000000707800000, 0x0000000707a00000|  0%| F|  |TAMS 0x0000000707800000| PB 0x0000000707800000| Untracked |  0
|  53|0x0000000707a00000, 0x0000000707a00000, 0x0000000707c00000|  0%| F|  |TAMS 0x0000000707a00000| PB 0x0000000707a00000| Untracked |  0
|  54|0x0000000707c00000, 0x0000000707c00000, 0x0000000707e00000|  0%| F|  |TAMS 0x0000000707c00000| PB 0x0000000707c00000| Untracked |  0
|  55|0x0000000707e00000, 0x0000000707e00000, 0x0000000708000000|  0%| F|  |TAMS 0x0000000707e00000| PB 0x0000000707e00000| Untracked |  0
|  56|0x0000000708000000, 0x0000000708000000, 0x0000000708200000|  0%| F|  |TAMS 0x0000000708000000| PB 0x0000000708000000| Untracked |  0
|  57|0x0000000708200000, 0x0000000708200000, 0x0000000708400000|  0%| F|  |TAMS 0x0000000708200000| PB 0x0000000708200000| Untracked |  0
|  58|0x0000000708400000, 0x0000000708400000, 0x0000000708600000|  0%| F|  |TAMS 0x0000000708400000| PB 0x0000000708400000| Untracked |  0
|  59|0x0000000708600000, 0x0000000708600000, 0x0000000708800000|  0%| F|  |TAMS 0x0000000708600000| PB 0x0000000708600000| Untracked |  0
|  60|0x0000000708800000, 0x0000000708800000, 0x0000000708a00000|  0%| F|  |TAMS 0x0000000708800000| PB 0x0000000708800000| Untracked |  0
|  61|0x0000000708a00000, 0x0000000708a00000, 0x0000000708c00000|  0%| F|  |TAMS 0x0000000708a00000| PB 0x0000000708a00000| Untracked |  0
|  62|0x0000000708c00000, 0x0000000708c00000, 0x0000000708e00000|  0%| F|  |TAMS 0x0000000708c00000| PB 0x0000000708c00000| Untracked |  0
|  63|0x0000000708e00000, 0x0000000708e00000, 0x0000000709000000|  0%| F|  |TAMS 0x0000000708e00000| PB 0x0000000708e00000| Untracked |  0
|  64|0x0000000709000000, 0x0000000709000000, 0x0000000709200000|  0%| F|  |TAMS 0x0000000709000000| PB 0x0000000709000000| Untracked |  0
|  65|0x0000000709200000, 0x0000000709200000, 0x0000000709400000|  0%| F|  |TAMS 0x0000000709200000| PB 0x0000000709200000| Untracked |  0
|  66|0x0000000709400000, 0x0000000709400000, 0x0000000709600000|  0%| F|  |TAMS 0x0000000709400000| PB 0x0000000709400000| Untracked |  0
|  67|0x0000000709600000, 0x0000000709600000, 0x0000000709800000|  0%| F|  |TAMS 0x0000000709600000| PB 0x0000000709600000| Untracked |  0
|  68|0x0000000709800000, 0x0000000709800000, 0x0000000709a00000|  0%| F|  |TAMS 0x0000000709800000| PB 0x0000000709800000| Untracked |  0
|  69|0x0000000709a00000, 0x0000000709a00000, 0x0000000709c00000|  0%| F|  |TAMS 0x0000000709a00000| PB 0x0000000709a00000| Untracked |  0
|  70|0x0000000709c00000, 0x0000000709c00000, 0x0000000709e00000|  0%| F|  |TAMS 0x0000000709c00000| PB 0x0000000709c00000| Untracked |  0
|  71|0x0000000709e00000, 0x0000000709e00000, 0x000000070a000000|  0%| F|  |TAMS 0x0000000709e00000| PB 0x0000000709e00000| Untracked |  0
|  72|0x000000070a000000, 0x000000070a000000, 0x000000070a200000|  0%| F|  |TAMS 0x000000070a000000| PB 0x000000070a000000| Untracked |  0
|  73|0x000000070a200000, 0x000000070a200000, 0x000000070a400000|  0%| F|  |TAMS 0x000000070a200000| PB 0x000000070a200000| Untracked |  0
|  74|0x000000070a400000, 0x000000070a400000, 0x000000070a600000|  0%| F|  |TAMS 0x000000070a400000| PB 0x000000070a400000| Untracked |  0
|  75|0x000000070a600000, 0x000000070a600000, 0x000000070a800000|  0%| F|  |TAMS 0x000000070a600000| PB 0x000000070a600000| Untracked |  0
|  76|0x000000070a800000, 0x000000070a800000, 0x000000070aa00000|  0%| F|  |TAMS 0x000000070a800000| PB 0x000000070a800000| Untracked |  0
|  77|0x000000070aa00000, 0x000000070aa00000, 0x000000070ac00000|  0%| F|  |TAMS 0x000000070aa00000| PB 0x000000070aa00000| Untracked |  0
|  78|0x000000070ac00000, 0x000000070ac00000, 0x000000070ae00000|  0%| F|  |TAMS 0x000000070ac00000| PB 0x000000070ac00000| Untracked |  0
|  79|0x000000070ae00000, 0x000000070ae00000, 0x000000070b000000|  0%| F|  |TAMS 0x000000070ae00000| PB 0x000000070ae00000| Untracked |  0
|  80|0x000000070b000000, 0x000000070b000000, 0x000000070b200000|  0%| F|  |TAMS 0x000000070b000000| PB 0x000000070b000000| Untracked |  0
|  81|0x000000070b200000, 0x000000070b200000, 0x000000070b400000|  0%| F|  |TAMS 0x000000070b200000| PB 0x000000070b200000| Untracked |  0
|  82|0x000000070b400000, 0x000000070b400000, 0x000000070b600000|  0%| F|  |TAMS 0x000000070b400000| PB 0x000000070b400000| Untracked |  0
|  83|0x000000070b600000, 0x000000070b600000, 0x000000070b800000|  0%| F|  |TAMS 0x000000070b600000| PB 0x000000070b600000| Untracked |  0
|  84|0x000000070b800000, 0x000000070b800000, 0x000000070ba00000|  0%| F|  |TAMS 0x000000070b800000| PB 0x000000070b800000| Untracked |  0
|  85|0x000000070ba00000, 0x000000070ba00000, 0x000000070bc00000|  0%| F|  |TAMS 0x000000070ba00000| PB 0x000000070ba00000| Untracked |  0
|  86|0x000000070bc00000, 0x000000070bc00000, 0x000000070be00000|  0%| F|  |TAMS 0x000000070bc00000| PB 0x000000070bc00000| Untracked |  0
|  87|0x000000070be00000, 0x000000070be00000, 0x000000070c000000|  0%| F|  |TAMS 0x000000070be00000| PB 0x000000070be00000| Untracked |  0
|  88|0x000000070c000000, 0x000000070c000000, 0x000000070c200000|  0%| F|  |TAMS 0x000000070c000000| PB 0x000000070c000000| Untracked |  0
|  89|0x000000070c200000, 0x000000070c200000, 0x000000070c400000|  0%| F|  |TAMS 0x000000070c200000| PB 0x000000070c200000| Untracked |  0
|  90|0x000000070c400000, 0x000000070c400000, 0x000000070c600000|  0%| F|  |TAMS 0x000000070c400000| PB 0x000000070c400000| Untracked |  0
|  91|0x000000070c600000, 0x000000070c600000, 0x000000070c800000|  0%| F|  |TAMS 0x000000070c600000| PB 0x000000070c600000| Untracked |  0
|  92|0x000000070c800000, 0x000000070c800000, 0x000000070ca00000|  0%| F|  |TAMS 0x000000070c800000| PB 0x000000070c800000| Untracked |  0
|  93|0x000000070ca00000, 0x000000070ca00000, 0x000000070cc00000|  0%| F|  |TAMS 0x000000070ca00000| PB 0x000000070ca00000| Untracked |  0
|  94|0x000000070cc00000, 0x000000070cc00000, 0x000000070ce00000|  0%| F|  |TAMS 0x000000070cc00000| PB 0x000000070cc00000| Untracked |  0
|  95|0x000000070ce00000, 0x000000070ce00000, 0x000000070d000000|  0%| F|  |TAMS 0x000000070ce00000| PB 0x000000070ce00000| Untracked |  0
|  96|0x000000070d000000, 0x000000070d000000, 0x000000070d200000|  0%| F|  |TAMS 0x000000070d000000| PB 0x000000070d000000| Untracked |  0
|  97|0x000000070d200000, 0x000000070d200000, 0x000000070d400000|  0%| F|  |TAMS 0x000000070d200000| PB 0x000000070d200000| Untracked |  0
|  98|0x000000070d400000, 0x000000070d400000, 0x000000070d600000|  0%| F|  |TAMS 0x000000070d400000| PB 0x000000070d400000| Untracked |  0
|  99|0x000000070d600000, 0x000000070d600000, 0x000000070d800000|  0%| F|  |TAMS 0x000000070d600000| PB 0x000000070d600000| Untracked |  0
| 100|0x000000070d800000, 0x000000070d800000, 0x000000070da00000|  0%| F|  |TAMS 0x000000070d800000| PB 0x000000070d800000| Untracked |  0
| 101|0x000000070da00000, 0x000000070da00000, 0x000000070dc00000|  0%| F|  |TAMS 0x000000070da00000| PB 0x000000070da00000| Untracked |  0
| 102|0x000000070dc00000, 0x000000070dc00000, 0x000000070de00000|  0%| F|  |TAMS 0x000000070dc00000| PB 0x000000070dc00000| Untracked |  0
| 103|0x000000070de00000, 0x000000070de00000, 0x000000070e000000|  0%| F|  |TAMS 0x000000070de00000| PB 0x000000070de00000| Untracked |  0
| 104|0x000000070e000000, 0x000000070e000000, 0x000000070e200000|  0%| F|  |TAMS 0x000000070e000000| PB 0x000000070e000000| Untracked |  0
| 105|0x000000070e200000, 0x000000070e200000, 0x000000070e400000|  0%| F|  |TAMS 0x000000070e200000| PB 0x000000070e200000| Untracked |  0
| 106|0x000000070e400000, 0x000000070e400000, 0x000000070e600000|  0%| F|  |TAMS 0x000000070e400000| PB 0x000000070e400000| Untracked |  0
| 107|0x000000070e600000, 0x000000070e600000, 0x000000070e800000|  0%| F|  |TAMS 0x000000070e600000| PB 0x000000070e600000| Untracked |  0
| 108|0x000000070e800000, 0x000000070e800000, 0x000000070ea00000|  0%| F|  |TAMS 0x000000070e800000| PB 0x000000070e800000| Untracked |  0
| 109|0x000000070ea00000, 0x000000070ea00000, 0x000000070ec00000|  0%| F|  |TAMS 0x000000070ea00000| PB 0x000000070ea00000| Untracked |  0
| 110|0x000000070ec00000, 0x000000070ec00000, 0x000000070ee00000|  0%| F|  |TAMS 0x000000070ec00000| PB 0x000000070ec00000| Untracked |  0
| 111|0x000000070ee00000, 0x000000070ee00000, 0x000000070f000000|  0%| F|  |TAMS 0x000000070ee00000| PB 0x000000070ee00000| Untracked |  0
| 112|0x000000070f000000, 0x000000070f000000, 0x000000070f200000|  0%| F|  |TAMS 0x000000070f000000| PB 0x000000070f000000| Untracked |  0
| 113|0x000000070f200000, 0x000000070f200000, 0x000000070f400000|  0%| F|  |TAMS 0x000000070f200000| PB 0x000000070f200000| Untracked |  0
| 114|0x000000070f400000, 0x000000070f400000, 0x000000070f600000|  0%| F|  |TAMS 0x000000070f400000| PB 0x000000070f400000| Untracked |  0
| 115|0x000000070f600000, 0x000000070f600000, 0x000000070f800000|  0%| F|  |TAMS 0x000000070f600000| PB 0x000000070f600000| Untracked |  0
| 116|0x000000070f800000, 0x000000070f800000, 0x000000070fa00000|  0%| F|  |TAMS 0x000000070f800000| PB 0x000000070f800000| Untracked |  0
| 117|0x000000070fa00000, 0x000000070fa00000, 0x000000070fc00000|  0%| F|  |TAMS 0x000000070fa00000| PB 0x000000070fa00000| Untracked |  0
| 118|0x000000070fc00000, 0x000000070fc00000, 0x000000070fe00000|  0%| F|  |TAMS 0x000000070fc00000| PB 0x000000070fc00000| Untracked |  0
| 119|0x000000070fe00000, 0x000000070fe00000, 0x0000000710000000|  0%| F|  |TAMS 0x000000070fe00000| PB 0x000000070fe00000| Untracked |  0
| 120|0x0000000710000000, 0x0000000710000000, 0x0000000710200000|  0%| F|  |TAMS 0x0000000710000000| PB 0x0000000710000000| Untracked |  0
| 121|0x0000000710200000, 0x0000000710200000, 0x0000000710400000|  0%| F|  |TAMS 0x0000000710200000| PB 0x0000000710200000| Untracked |  0
| 122|0x0000000710400000, 0x0000000710400000, 0x0000000710600000|  0%| F|  |TAMS 0x0000000710400000| PB 0x0000000710400000| Untracked |  0
| 123|0x0000000710600000, 0x0000000710600000, 0x0000000710800000|  0%| F|  |TAMS 0x0000000710600000| PB 0x0000000710600000| Untracked |  0
| 124|0x0000000710800000, 0x000000071087ae28, 0x0000000710a00000| 24%| E|  |TAMS 0x0000000710800000| PB 0x0000000710800000| Complete |  0
| 125|0x0000000710a00000, 0x0000000710c00000, 0x0000000710c00000|100%| E|CS|TAMS 0x0000000710a00000| PB 0x0000000710a00000| Complete |  0
| 126|0x0000000710c00000, 0x0000000710e00000, 0x0000000710e00000|100%| E|CS|TAMS 0x0000000710c00000| PB 0x0000000710c00000| Complete |  0
| 127|0x0000000710e00000, 0x0000000711000000, 0x0000000711000000|100%| E|CS|TAMS 0x0000000710e00000| PB 0x0000000710e00000| Complete |  0

Card table byte_map: [0x0000023cf3c60000,0x0000023cf4460000] _byte_map_base: 0x0000023cf0458000

Marking Bits: (CMBitMap*) 0x0000023ce92d97f0
 Bits: [0x0000023cf4460000, 0x0000023cf8420000)

Polling page: 0x0000023ce7230000

Metaspace:

Usage:
  Non-class:      2.75 MB used.
      Class:    278.60 KB used.
       Both:      3.02 MB used.

Virtual space:
  Non-class space:       64.00 MB reserved,       2.81 MB (  4%) committed,  1 nodes.
      Class space:        1.00 GB reserved,     320.00 KB ( <1%) committed,  1 nodes.
             Both:        1.06 GB reserved,       3.12 MB ( <1%) committed. 

Chunk freelists:
   Non-Class:  11.91 MB
       Class:  15.70 MB
        Both:  27.61 MB

MaxMetaspaceSize: unlimited
CompressedClassSpaceSize: 1.00 GB
Initial GC threshold: 21.00 MB
Current GC threshold: 21.00 MB
CDS: on
 - commit_granule_bytes: 65536.
 - commit_granule_words: 8192.
 - virtual_space_node_default_size: 8388608.
 - enlarge_chunks_in_place: 1.
 - use_allocation_guard: 0.


Internal statistics:

num_allocs_failed_limit: 0.
num_arena_births: 94.
num_arena_deaths: 0.
num_vsnodes_births: 2.
num_vsnodes_deaths: 0.
num_space_committed: 50.
num_space_uncommitted: 0.
num_chunks_returned_to_freelist: 0.
num_chunks_taken_from_freelist: 107.
num_chunk_merges: 0.
num_chunk_splits: 68.
num_chunks_enlarged: 30.
num_inconsistent_stats: 0.

CodeHeap 'non-profiled nmethods': size=119488Kb used=147Kb max_used=147Kb free=119340Kb
 bounds [0x0000023c87b50000, 0x0000023c87dc0000, 0x0000023c8f000000]
CodeHeap 'profiled nmethods': size=119424Kb used=690Kb max_used=690Kb free=118734Kb
 bounds [0x0000023c80000000, 0x0000023c80270000, 0x0000023c874a0000]
CodeHeap 'non-nmethods': size=6848Kb used=2521Kb max_used=2521Kb free=4326Kb
 bounds [0x0000023c874a0000, 0x0000023c87720000, 0x0000023c87b50000]
 total_blobs=922 nmethods=460 adapters=378
 compilation: enabled
              stopped_count=0, restarted_count=0
 full_count=0

JVMCI Events (9 events):
Event: 0.049 Thread 0x0000023ce926f0f0 created new Java JVMCI runtime -1 (0x0000023cfa721140)
Event: 0.065 Thread 0x0000023cd4129910 created new CompileBroker JVMCI runtime 0 (0x0000023cfa7215a0)
Event: 0.065 Thread 0x0000023cd4129910 attached to JVMCI runtime 0
Event: 0.067 Thread 0x0000023cd4129910 loaded JVMCI shared library from C:\Users\cotiz\Documents\graalvm-jdk-22.0.2_windows-x64_bin\graalvm-jdk-22.0.2+9.1\bin\jvmcicompiler.dll
Event: 0.072 Thread 0x0000023cd4129910 created JavaVM[1]@0x0000023cfbaa4280 for JVMCI runtime 0
Event: 0.072 Thread 0x0000023cd4129910 initializing JVMCI runtime 0
Event: 0.072 Thread 0x0000023cd4129910 initializing JavaVM references in JVMCI runtime 0
Event: 0.073 Thread 0x0000023cd4129910 initialized JavaVM references in JVMCI runtime 0
Event: 0.073 Thread 0x0000023cd4129910 initialized JVMCI runtime 0

Compilation events (20 events):
Event: 0.200 Thread 0x0000023cd426d690 nmethod 450 0x0000023c800a8510 code [0x0000023c800a8700, 0x0000023c800a8b30]
Event: 0.200 Thread 0x0000023cd426d690  452       3       java.lang.Long::numberOfTrailingZeros (26 bytes)
Event: 0.200 Thread 0x0000023cd41323d0 nmethod 448 0x0000023c800a8c90 code [0x0000023c800a8e60, 0x0000023c800a91c0]
Event: 0.200 Thread 0x0000023cd427de50 nmethod 451 0x0000023c800a9390 code [0x0000023c800a9540, 0x0000023c800a9778]
Event: 0.200 Thread 0x0000023cd426d690 nmethod 452 0x0000023c800a9810 code [0x0000023c800a99c0, 0x0000023c800a9b70]
Event: 0.201 Thread 0x0000023cd4129910 nmethod 453 0x0000023c87b74490 code [0x0000023c87b74600, 0x0000023c87b74680]
Event: 0.201 Thread 0x0000023cd4129910  454       4       java.util.HashMap::hash (20 bytes)
Event: 0.202 Thread 0x0000023cd426d690  455       3       sun.invoke.util.VerifyAccess::isClassAccessible (230 bytes)
Event: 0.203 Thread 0x0000023cd426d690 nmethod 455 0x0000023c800a9c10 code [0x0000023c800a9f20, 0x0000023c800aad20]
Event: 0.203 Thread 0x0000023cd426d690  456       3       java.util.AbstractMap::<init> (5 bytes)
Event: 0.203 Thread 0x0000023cd426d690 nmethod 456 0x0000023c800ab110 code [0x0000023c800ab2a0, 0x0000023c800ab408]
Event: 0.203 Thread 0x0000023cd426d690  457       1       java.util.concurrent.atomic.AtomicInteger::get (5 bytes)
Event: 0.203 Thread 0x0000023cd426d690 nmethod 457 0x0000023c87b74790 code [0x0000023c87b74920, 0x0000023c87b749e8]
Event: 0.203 Thread 0x0000023cd427de50  458       3       java.util.IdentityHashMap$IdentityHashMapIterator::hasNext (50 bytes)
Event: 0.203 Thread 0x0000023cd427de50 nmethod 458 0x0000023c800ab510 code [0x0000023c800ab6c0, 0x0000023c800ab910]
Event: 0.204 Thread 0x0000023cd4129910 nmethod 454 0x0000023c87b74a90 code [0x0000023c87b74c20, 0x0000023c87b74df8]
Event: 0.206 Thread 0x0000023cd427de50  459       3       jdk.internal.misc.Unsafe::allocateUninitializedArray (55 bytes)
Event: 0.206 Thread 0x0000023cd427de50 nmethod 459 0x0000023c800aba10 code [0x0000023c800abc00, 0x0000023c800ac040]
Event: 0.206 Thread 0x0000023cd426d690  460       3       java.lang.StringConcatHelper::stringOf (20 bytes)
Event: 0.206 Thread 0x0000023cd426d690 nmethod 460 0x0000023c800ac210 code [0x0000023c800ac3c0, 0x0000023c800ac738]

GC Heap History (0 events):
No events

Dll operation events (5 events):
Event: 0.010 Loaded shared library C:\Users\cotiz\Documents\graalvm-jdk-22.0.2_windows-x64_bin\graalvm-jdk-22.0.2+9.1\bin\java.dll
Event: 0.062 Loaded shared library C:\Users\cotiz\Documents\graalvm-jdk-22.0.2_windows-x64_bin\graalvm-jdk-22.0.2+9.1\bin\jsvml.dll
Event: 0.067 Loaded shared library C:\Users\cotiz\Documents\graalvm-jdk-22.0.2_windows-x64_bin\graalvm-jdk-22.0.2+9.1\bin\jvmcicompiler.dll
Event: 0.112 Loaded shared library C:\Users\cotiz\Documents\graalvm-jdk-22.0.2_windows-x64_bin\graalvm-jdk-22.0.2+9.1\bin\jimage.dll
Event: 0.128 Loaded shared library C:\Users\cotiz\Documents\graalvm-jdk-22.0.2_windows-x64_bin\graalvm-jdk-22.0.2+9.1\bin\awt.dll

Deoptimization events (4 events):
Event: 0.203 Thread 0x0000023ce926f0f0 Uncommon trap: trap_request=0xffffffed fr.pc=0x0000023c87b6a6a9 relative=0x0000000000002289
Event: 0.203 Thread 0x0000023ce926f0f0 Uncommon trap: reason=null_assert_or_unreached0 action=reinterpret pc=0x0000023c87b6a6a9 method=java.util.HashMap.putVal(ILjava/lang/Object;Ljava/lang/Object;ZZ)Ljava/lang/Object; @ 29 jvmci
Event: 0.203 Thread 0x0000023ce926f0f0 DEOPT PACKING pc=0x0000023c87b6a6a9 sp=0x0000008b64afe600
Event: 0.203 Thread 0x0000023ce926f0f0 DEOPT UNPACKING pc=0x0000023c874f4c43 sp=0x0000008b64afdaa0 mode 3

Classes loaded (20 events):
Event: 0.204 Loading class javax/swing/UIClientPropertyKey done
Event: 0.204 Loading class sun/swing/StringUIClientPropertyKey done
Event: 0.204 Loading class sun/swing/SwingUtilities2$LSBCacheEntry
Event: 0.204 Loading class sun/swing/SwingUtilities2$LSBCacheEntry done
Event: 0.204 Loading class javax/swing/SwingUtilities
Event: 0.205 Loading class javax/swing/SwingUtilities done
Event: 0.205 Loading class javax/swing/UIManager$LAFState
Event: 0.205 Loading class javax/swing/UIManager$LAFState done
Event: 0.205 Loading class javax/swing/UIDefaults
Event: 0.205 Loading class javax/swing/UIDefaults done
Event: 0.205 Loading class javax/swing/MultiUIDefaults
Event: 0.205 Loading class javax/swing/MultiUIDefaults done
Event: 0.205 Loading class sun/swing/SwingAccessor$UIDefaultsAccessor
Event: 0.205 Loading class sun/swing/SwingAccessor$UIDefaultsAccessor done
Event: 0.206 Loading class sun/swing/SwingAccessor
Event: 0.206 Loading class sun/swing/SwingAccessor done
Event: 0.206 Loading class javax/swing/UIManager$1
Event: 0.206 Loading class javax/swing/UIManager$1 done
Event: 0.206 Loading class javax/swing/plaf/metal/MetalLookAndFeel
Event: 0.207 Loading class javax/swing/plaf/basic/BasicLookAndFeel

Classes unloaded (0 events):
No events

Classes redefined (0 events):
No events

Internal exceptions (4 events):
Event: 0.118 Thread 0x0000023ce926f0f0 Exception <a 'java/lang/ClassNotFoundException'{0x0000000710a5c9d0}: sun/awt/resources/spi/awtProvider> (0x0000000710a5c9d0) 
thrown [s\open\src\hotspot\share\classfile\systemDictionary.cpp, line 313]
Event: 0.137 Thread 0x0000023ce926f0f0 Exception <a 'java/io/FileNotFoundException'{0x0000000710b2c598}> (0x0000000710b2c598) 
thrown [s\open\src\hotspot\share\prims\jni.cpp, line 520]
Event: 0.144 Thread 0x0000023ce926f0f0 Exception <a 'java/io/FileNotFoundException'{0x0000000710b5a7e0}> (0x0000000710b5a7e0) 
thrown [s\open\src\hotspot\share\prims\jni.cpp, line 520]
Event: 0.205 Thread 0x0000023ce926f0f0 Exception <a 'java/lang/NoSuchMethodError'{0x0000000710bdd640}: 'void java.lang.invoke.DirectMethodHandle$Holder.invokeSpecial(java.lang.Object, java.lang.Object, java.lang.Object)'> (0x0000000710bdd640) 
thrown [s\open\src\hotspot\share\interpreter\linkResolver.cpp, line 774]

ZGC Phase Switch (0 events):
No events

VM Operations (4 events):
Event: 0.089 Executing VM operation: HandshakeAllThreads (Deoptimize)
Event: 0.089 Executing VM operation: HandshakeAllThreads (Deoptimize) done
Event: 0.153 Executing VM operation: HandshakeAllThreads (Deoptimize)
Event: 0.153 Executing VM operation: HandshakeAllThreads (Deoptimize) done

Memory protections (0 events):
No events

Nmethod flushes (0 events):
No events

Events (16 events):
Event: 0.047 Thread 0x0000023ce926f0f0 Thread added: 0x0000023ce926f0f0
Event: 0.060 Thread 0x0000023ce926f0f0 Thread added: 0x0000023cd4117740
Event: 0.060 Thread 0x0000023ce926f0f0 Thread added: 0x0000023cd411b880
Event: 0.060 Thread 0x0000023ce926f0f0 Thread added: 0x0000023cd411d7e0
Event: 0.061 Thread 0x0000023ce926f0f0 Thread added: 0x0000023cd411e8c0
Event: 0.061 Thread 0x0000023ce926f0f0 Thread added: 0x0000023cd411f7b0
Event: 0.061 Thread 0x0000023ce926f0f0 Thread added: 0x0000023cd4125f50
Event: 0.061 Thread 0x0000023ce926f0f0 Thread added: 0x0000023cd4129910
Event: 0.061 Thread 0x0000023ce926f0f0 Thread added: 0x0000023cd41323d0
Event: 0.082 Thread 0x0000023ce926f0f0 Thread added: 0x0000023cd4248490
Event: 0.088 Thread 0x0000023cd41323d0 Thread added: 0x0000023cd426d690
Event: 0.091 Thread 0x0000023cd41323d0 Thread added: 0x0000023cd427de50
Event: 0.101 Thread 0x0000023ce926f0f0 Thread added: 0x0000023cd42cbf90
Event: 0.179 Thread 0x0000023ce926f0f0 Thread added: 0x0000023cd46804a0
Event: 0.180 Thread 0x0000023ce926f0f0 Thread added: 0x0000023cd4689130
Event: 0.181 Thread 0x0000023ce926f0f0 Thread added: 0x0000023cd46897a0


Dynamic libraries:
0x00007ff68cf80000 - 0x00007ff68cf90000 	C:\Users\cotiz\Documents\graalvm-jdk-22.0.2_windows-x64_bin\graalvm-jdk-22.0.2+9.1\bin\java.exe
0x00007ffb5ac50000 - 0x00007ffb5ae67000 	C:\Windows\SYSTEM32\ntdll.dll
0x00007ffb59600000 - 0x00007ffb596c4000 	C:\Windows\System32\KERNEL32.DLL
0x00007ffb58030000 - 0x00007ffb583e7000 	C:\Windows\System32\KERNELBASE.dll
0x00007ffb583f0000 - 0x00007ffb58501000 	C:\Windows\System32\ucrtbase.dll
0x00007ffb238f0000 - 0x00007ffb2390b000 	C:\Users\cotiz\Documents\graalvm-jdk-22.0.2_windows-x64_bin\graalvm-jdk-22.0.2+9.1\bin\VCRUNTIME140.dll
0x00007ffb34f20000 - 0x00007ffb34f37000 	C:\Users\cotiz\Documents\graalvm-jdk-22.0.2_windows-x64_bin\graalvm-jdk-22.0.2+9.1\bin\jli.dll
0x00007ffb58980000 - 0x00007ffb58b2f000 	C:\Windows\System32\USER32.dll
0x00007ffb42480000 - 0x00007ffb42713000 	C:\Windows\WinSxS\amd64_microsoft.windows.common-controls_6595b64144ccf1df_6.0.22621.3672_none_2713b9d173822955\COMCTL32.dll
0x00007ffb58590000 - 0x00007ffb585b6000 	C:\Windows\System32\win32u.dll
0x00007ffb59c90000 - 0x00007ffb59d37000 	C:\Windows\System32\msvcrt.dll
0x00007ffb597d0000 - 0x00007ffb597f9000 	C:\Windows\System32\GDI32.dll
0x00007ffb58730000 - 0x00007ffb58848000 	C:\Windows\System32\gdi32full.dll
0x00007ffb57f90000 - 0x00007ffb5802a000 	C:\Windows\System32\msvcp_win.dll
0x00007ffb58b40000 - 0x00007ffb58b71000 	C:\Windows\System32\IMM32.DLL
0x00007ffb55070000 - 0x00007ffb5507c000 	C:\Users\cotiz\Documents\graalvm-jdk-22.0.2_windows-x64_bin\graalvm-jdk-22.0.2+9.1\bin\vcruntime140_1.dll
0x00007ffac8370000 - 0x00007ffac83fe000 	C:\Users\cotiz\Documents\graalvm-jdk-22.0.2_windows-x64_bin\graalvm-jdk-22.0.2+9.1\bin\msvcp140.dll
0x00007ffa7e590000 - 0x00007ffa7f2d9000 	C:\Users\cotiz\Documents\graalvm-jdk-22.0.2_windows-x64_bin\graalvm-jdk-22.0.2+9.1\bin\server\jvm.dll
0x00007ffb5a910000 - 0x00007ffb5a9c2000 	C:\Windows\System32\ADVAPI32.dll
0x00007ffb5aae0000 - 0x00007ffb5ab88000 	C:\Windows\System32\sechost.dll
0x00007ffb57f60000 - 0x00007ffb57f88000 	C:\Windows\System32\bcrypt.dll
0x00007ffb59d40000 - 0x00007ffb59e54000 	C:\Windows\System32\RPCRT4.dll
0x00007ffb5ab90000 - 0x00007ffb5ac01000 	C:\Windows\System32\WS2_32.dll
0x00007ffb56e10000 - 0x00007ffb56e5d000 	C:\Windows\SYSTEM32\POWRPROF.dll
0x00007ffb52070000 - 0x00007ffb5207a000 	C:\Windows\SYSTEM32\VERSION.dll
0x00007ffb4f180000 - 0x00007ffb4f1b4000 	C:\Windows\SYSTEM32\WINMM.dll
0x00007ffb56df0000 - 0x00007ffb56e03000 	C:\Windows\SYSTEM32\UMPDC.dll
0x00007ffb570a0000 - 0x00007ffb570b8000 	C:\Windows\SYSTEM32\kernel.appcore.dll
0x00007ffb474a0000 - 0x00007ffb474aa000 	C:\Users\cotiz\Documents\graalvm-jdk-22.0.2_windows-x64_bin\graalvm-jdk-22.0.2+9.1\bin\jimage.dll
0x00007ffb4e200000 - 0x00007ffb4e432000 	C:\Windows\SYSTEM32\DBGHELP.DLL
0x00007ffb5a580000 - 0x00007ffb5a90e000 	C:\Windows\System32\combase.dll
0x00007ffb5a0e0000 - 0x00007ffb5a1b7000 	C:\Windows\System32\OLEAUT32.dll
0x00007ffb379c0000 - 0x00007ffb379f2000 	C:\Windows\SYSTEM32\dbgcore.DLL
0x00007ffb58510000 - 0x00007ffb5858b000 	C:\Windows\System32\bcryptPrimitives.dll
0x00007ffb211b0000 - 0x00007ffb211ce000 	C:\Users\cotiz\Documents\graalvm-jdk-22.0.2_windows-x64_bin\graalvm-jdk-22.0.2+9.1\bin\java.dll
0x00007ffb58d90000 - 0x00007ffb595f9000 	C:\Windows\System32\SHELL32.dll
0x00007ffb58be0000 - 0x00007ffb58d85000 	C:\Windows\System32\ole32.dll
0x00007ffb55ed0000 - 0x00007ffb567cf000 	C:\Windows\SYSTEM32\windows.storage.dll
0x00007ffb55d90000 - 0x00007ffb55ecf000 	C:\Windows\SYSTEM32\wintypes.dll
0x00007ffb5a9e0000 - 0x00007ffb5aad9000 	C:\Windows\System32\SHCORE.dll
0x00007ffb59770000 - 0x00007ffb597ce000 	C:\Windows\System32\shlwapi.dll
0x00007ffb57e90000 - 0x00007ffb57eb7000 	C:\Windows\SYSTEM32\profapi.dll
0x00007ffac8290000 - 0x00007ffac8367000 	C:\Users\cotiz\Documents\graalvm-jdk-22.0.2_windows-x64_bin\graalvm-jdk-22.0.2+9.1\bin\jsvml.dll
0x00007ffa7b5b0000 - 0x00007ffa7e588000 	C:\Users\cotiz\Documents\graalvm-jdk-22.0.2_windows-x64_bin\graalvm-jdk-22.0.2+9.1\bin\jvmcicompiler.dll
0x00007ffb58b30000 - 0x00007ffb58b38000 	C:\Windows\System32\PSAPI.DLL
0x00007ffb585c0000 - 0x00007ffb58726000 	C:\Windows\System32\CRYPT32.dll
0x00007ffb57600000 - 0x00007ffb57628000 	C:\Windows\SYSTEM32\USERENV.dll
0x00007ffb57900000 - 0x00007ffb5792d000 	C:\Windows\SYSTEM32\ncrypt.dll
0x00007ffb56a30000 - 0x00007ffb56a5d000 	C:\Windows\SYSTEM32\IPHLPAPI.DLL
0x00007ffb57510000 - 0x00007ffb57579000 	C:\Windows\SYSTEM32\MSWSOCK.dll
0x00007ffb578c0000 - 0x00007ffb578f7000 	C:\Windows\SYSTEM32\NTASN1.dll
0x00007ffa7b420000 - 0x00007ffa7b5ae000 	C:\Users\cotiz\Documents\graalvm-jdk-22.0.2_windows-x64_bin\graalvm-jdk-22.0.2+9.1\bin\awt.dll
0x00007ffb54a90000 - 0x00007ffb54b27000 	C:\Windows\SYSTEM32\apphelp.dll
0x00007ffb55470000 - 0x00007ffb55521000 	C:\Windows\system32\uxtheme.dll
0x00007ffb5a1e0000 - 0x00007ffb5a340000 	C:\Windows\System32\MSCTF.dll

dbghelp: loaded successfully - version: 4.0.5 - missing functions: none
symbol engine: initialized successfully - sym options: 0x614 - pdb path: .;C:\Users\cotiz\Documents\graalvm-jdk-22.0.2_windows-x64_bin\graalvm-jdk-22.0.2+9.1\bin;C:\Windows\SYSTEM32;C:\Windows\WinSxS\amd64_microsoft.windows.common-controls_6595b64144ccf1df_6.0.22621.3672_none_2713b9d173822955;C:\Users\cotiz\Documents\graalvm-jdk-22.0.2_windows-x64_bin\graalvm-jdk-22.0.2+9.1\bin\server

VM Arguments:
jvm_args: -XX:ThreadPriorityPolicy=1 -XX:+UnlockExperimentalVMOptions -XX:+EnableJVMCIProduct -XX:-UnlockExperimentalVMOptions 
java_command: org.itson.battleshippresentation.view.StrategyView
java_class_path (initial): C:\Users\cotiz\Documents\battleship-java\BattleshipPresentation\target\classes;C:\Users\cotiz\Documents\battleship-java\BattleshipDomain\target\classes
Launcher Type: SUN_STANDARD

[Global flags]
     intx CICompilerCount                          = 4                                         {product} {ergonomic}
     uint ConcGCThreads                            = 3                                         {product} {ergonomic}
     bool EnableJVMCIProduct                       = true                                {JVMCI product} {jimage}
     uint G1ConcRefinementThreads                  = 10                                        {product} {ergonomic}
   size_t G1HeapRegionSize                         = 2097152                                   {product} {ergonomic}
   size_t InitialHeapSize                          = 268435456                                 {product} {ergonomic}
   size_t MarkStackSize                            = 4194304                                   {product} {ergonomic}
   size_t MaxHeapSize                              = 4278190080                                {product} {ergonomic}
   size_t MaxNewSize                               = 2566914048                                {product} {ergonomic}
   size_t MinHeapDeltaBytes                        = 2097152                                   {product} {ergonomic}
   size_t MinHeapSize                              = 8388608                                   {product} {ergonomic}
    uintx NonNMethodCodeHeapSize                   = 6979620                                {pd product} {ergonomic}
    uintx NonProfiledCodeHeapSize                  = 122339310                              {pd product} {ergonomic}
    uintx ProfiledCodeHeapSize                     = 122339310                              {pd product} {ergonomic}
    uintx ReservedCodeCacheSize                    = 251658240                              {pd product} {ergonomic}
     bool SegmentedCodeCache                       = true                                      {product} {ergonomic}
   size_t SoftMaxHeapSize                          = 4278190080                             {manageable} {ergonomic}
      int ThreadPriorityPolicy                     = 1                                         {product} {jimage}
     bool UseCompressedOops                        = true                           {product lp64_product} {ergonomic}
     bool UseG1GC                                  = true                                      {product} {ergonomic}
     bool UseLargePagesIndividualAllocation        = false                                  {pd product} {ergonomic}

Logging:
Log output configuration:
 #0: stdout all=warning uptime,level,tags foldmultilines=false
 #1: stderr all=off uptime,level,tags foldmultilines=false

Environment Variables:
JAVA_HOME=C:\Users\cotiz\Documents\graalvm-jdk-22.0.2_windows-x64_bin\graalvm-jdk-22.0.2+9.1
PATH=C:\Program Files\Common Files\Oracle\Java\javapath;C:\Program Files (x86)\Common Files\Oracle\Java\java8path;C:\Program Files (x86)\Common Files\Oracle\Java\javapath;C:\Windows\system32;C:\Windows;C:\Windows\System32\Wbem;C:\Windows\System32\WindowsPowerShell\v1.0\;C:\Windows\System32\OpenSSH\;C:\Program Files\NVIDIA Corporation\NVIDIA NvDLISR;C:\Program Files (x86)\NVIDIA Corporation\PhysX\Common;C:\Program Files\Git\cmd;C:\Users\cotiz\AppData\Local\Programs\Python\Launcher\;C:\Users\cotiz\AppData\Local\Microsoft\WindowsApps;D:\Curso de programacion java;C:\Users\cotiz\AppData\Local\Programs\Microsoft VS Code\bin
USERNAME=cotiz
OS=Windows_NT
PROCESSOR_IDENTIFIER=AMD64 Family 23 Model 8 Stepping 2, AuthenticAMD
TMP=C:\Users\cotiz\AppData\Local\Temp
TEMP=C:\Users\cotiz\AppData\Local\Temp




Periodic native trim disabled

---------------  S Y S T E M  ---------------

OS:
 Windows 11 , 64 bit Build 22621 (10.0.22621.3958)
OS uptime: 1 days 2:40 hours

CPU: total 12 (initial active 12) (12 cores per cpu, 2 threads per core) family 23 model 8 stepping 2 microcode 0x0, cx8, cmov, fxsr, ht, mmx, 3dnowpref, sse, sse2, sse3, ssse3, sse4a, sse4.1, sse4.2, popcnt, lzcnt, tsc, tscinvbit, avx, avx2, aes, clmul, bmi1, bmi2, adx, sha, fma, vzeroupper, clflush, clflushopt, rdtscp, f16c
Processor Information for all 12 processors :
  Max Mhz: 3400, Current Mhz: 3400, Mhz Limit: 3400

Memory: 4k page, system-wide physical 16315M (4459M free)
TotalPageFile size 25566M (AvailPageFile size 3M)
current process WorkingSet (physical memory assigned to process): 93M, peak: 93M
current process commit charge ("private bytes"): 380M, peak: 380M

vm_info: Java HotSpot(TM) 64-Bit Server VM (22.0.2+9-jvmci-b01) for windows-amd64 JRE (22.0.2+9-jvmci-b01), built on 2024-06-05T21:30:56Z by "OCIWIN18Buildbot" with MS VC++ 17.6 (VS2022)

END.
