#
# A fatal error has been detected by the Java Runtime Environment:
#
#  Internal Error (jvmciRuntime.cpp:1664), pid=25612, tid=25184
#  fatal error: Fatal JVMCI exception (see JVMCI Events for stack trace): Uncaught exception exiting libjvmci JVMCIEnv scope entered at s\open\src\hotspot\share\compiler\compileBroker.cpp:2225
#
# JRE version: Java(TM) SE Runtime Environment Oracle GraalVM 22.0.2+9.1 (22.0.2+9) (build 22.0.2+9-jvmci-b01)
# Java VM: Java HotSpot(TM) 64-Bit Server VM Oracle GraalVM 22.0.2+9.1 (22.0.2+9-jvmci-b01, mixed mode, sharing, tiered, jvmci, jvmci compiler, compressed oops, compressed class ptrs, g1 gc, windows-amd64)
# No core dump will be written. Minidumps are not enabled by default on client versions of Windows
#
# If you would like to submit a bug report, please visit:
#   https://bugreport.java.com/bugreport/crash.jsp
#

---------------  S U M M A R Y ------------

Command Line: -XX:ThreadPriorityPolicy=1 -XX:+UnlockExperimentalVMOptions -XX:+EnableJVMCIProduct -XX:-UnlockExperimentalVMOptions org.itson.battleshippresentation.view.StrategyView

Host: AMD Ryzen 5 2600 Six-Core Processor            , 12 cores, 15G,  Windows 11 , 64 bit Build 22621 (10.0.22621.3958)
Time: Wed Oct 30 10:42:46 2024 Pacific Daylight Time elapsed time: 0.149601 seconds (0d 0h 0m 0s)

---------------  T H R E A D  ---------------

Current thread (0x000002c43eae1e30):  JavaThread "JVMCI-native CompilerThread0" daemon [_thread_in_vm, id=25184, stack(0x000000cfc8300000,0x000000cfc8400000) (1024K)]


Current CompileTask:
JVMCI-native:149  326       4       java.lang.StringLatin1::equals (36 bytes)

Stack: [0x000000cfc8300000,0x000000cfc8400000]
Native frames: (J=compiled Java code, j=interpreted, Vv=VM code, C=native code)
V  [jvm.dll+0x6e26e9]  (no source info available)
V  [jvm.dll+0x875753]  (no source info available)
V  [jvm.dll+0x877b7e]  (no source info available)
V  [jvm.dll+0x27fa71]  (no source info available)
V  [jvm.dll+0x53e6e2]  (no source info available)
V  [jvm.dll+0x51e992]  (no source info available)
V  [jvm.dll+0x2566bb]  (no source info available)
V  [jvm.dll+0x254baa]  (no source info available)
V  [jvm.dll+0x3f57a6]  (no source info available)
V  [jvm.dll+0x81dc0b]  (no source info available)
V  [jvm.dll+0x6e0d85]  (no source info available)
C  [ucrtbase.dll+0x29333]  (no source info available)
C  [KERNEL32.DLL+0x1257d]  (no source info available)
C  [ntdll.dll+0x5af08]  (no source info available)


---------------  P R O C E S S  ---------------

Threads class SMR info:
_java_thread_list=0x000002c43ed466d0, length=16, elements={
0x000002c41b9d51d0, 0x000002c43eac7fc0, 0x000002c43eacbb40, 0x000002c43eaccfb0,
0x000002c43ead1f00, 0x000002c43ead2960, 0x000002c43ead5790, 0x000002c43eae1e30,
0x000002c43eae2a10, 0x000002c43ecfa480, 0x000002c43ecfaaf0, 0x000002c43ecfb5b0,
0x000002c43ed82420, 0x000002c43efab150, 0x000002c43efab7c0, 0x000002c43efae970
}

Java Threads: ( => current thread )
  0x000002c41b9d51d0 JavaThread "main"                              [_thread_in_vm, id=2576, stack(0x000000cfc7500000,0x000000cfc7600000) (1024K)]
  0x000002c43eac7fc0 JavaThread "Reference Handler"          daemon [_thread_blocked, id=14860, stack(0x000000cfc7d00000,0x000000cfc7e00000) (1024K)]
  0x000002c43eacbb40 JavaThread "Finalizer"                  daemon [_thread_blocked, id=19980, stack(0x000000cfc7e00000,0x000000cfc7f00000) (1024K)]
  0x000002c43eaccfb0 JavaThread "Signal Dispatcher"          daemon [_thread_blocked, id=27372, stack(0x000000cfc7f00000,0x000000cfc8000000) (1024K)]
  0x000002c43ead1f00 JavaThread "Attach Listener"            daemon [_thread_blocked, id=22416, stack(0x000000cfc8000000,0x000000cfc8100000) (1024K)]
  0x000002c43ead2960 JavaThread "Service Thread"             daemon [_thread_blocked, id=27588, stack(0x000000cfc8100000,0x000000cfc8200000) (1024K)]
  0x000002c43ead5790 JavaThread "Monitor Deflation Thread"   daemon [_thread_blocked, id=3148, stack(0x000000cfc8200000,0x000000cfc8300000) (1024K)]
=>0x000002c43eae1e30 JavaThread "JVMCI-native CompilerThread0" daemon [_thread_in_vm, id=25184, stack(0x000000cfc8300000,0x000000cfc8400000) (1024K)]
  0x000002c43eae2a10 JavaThread "C1 CompilerThread0"         daemon [_thread_blocked, id=12980, stack(0x000000cfc8400000,0x000000cfc8500000) (1024K)]
  0x000002c43ecfa480 JavaThread "Common-Cleaner"             daemon [_thread_blocked, id=23204, stack(0x000000cfc8500000,0x000000cfc8600000) (1024K)]
  0x000002c43ecfaaf0 JavaThread "C1 CompilerThread1"         daemon [_thread_blocked, id=24024, stack(0x000000cfc8600000,0x000000cfc8700000) (1024K)]
  0x000002c43ecfb5b0 JavaThread "C1 CompilerThread2"         daemon [_thread_blocked, id=24068, stack(0x000000cfc8700000,0x000000cfc8800000) (1024K)]
  0x000002c43ed82420 JavaThread "Notification Thread"        daemon [_thread_blocked, id=20200, stack(0x000000cfc8800000,0x000000cfc8900000) (1024K)]
  0x000002c43efab150 JavaThread "Java2D Disposer"            daemon [_thread_blocked, id=29092, stack(0x000000cfc8900000,0x000000cfc8a00000) (1024K)]
  0x000002c43efab7c0 JavaThread "AWT-Shutdown"                      [_thread_blocked, id=24840, stack(0x000000cfc8a00000,0x000000cfc8b00000) (1024K)]
  0x000002c43efae970 JavaThread "AWT-Windows"                daemon [_thread_in_native, id=7428, stack(0x000000cfc8b00000,0x000000cfc8c00000) (1024K)]
Total: 16

Other Threads:
  0x000002c43eaa9d00 VMThread "VM Thread"                           [id=15012, stack(0x000000cfc7c00000,0x000000cfc7d00000) (1024K)]
  0x000002c43ea8fb50 WatcherThread "VM Periodic Task Thread"        [id=17948, stack(0x000000cfc7b00000,0x000000cfc7c00000) (1024K)]
  0x000002c41dd283b0 WorkerThread "GC Thread#0"                     [id=19820, stack(0x000000cfc7600000,0x000000cfc7700000) (1024K)]
  0x000002c41dd39450 ConcurrentGCThread "G1 Main Marker"            [id=29236, stack(0x000000cfc7700000,0x000000cfc7800000) (1024K)]
  0x000002c41dd3a700 WorkerThread "G1 Conc#0"                       [id=27136, stack(0x000000cfc7800000,0x000000cfc7900000) (1024K)]
  0x000002c43e94e5c0 ConcurrentGCThread "G1 Refine#0"               [id=29016, stack(0x000000cfc7900000,0x000000cfc7a00000) (1024K)]
  0x000002c43e94f140 ConcurrentGCThread "G1 Service"                [id=14096, stack(0x000000cfc7a00000,0x000000cfc7b00000) (1024K)]
Total: 7

Threads with active compile tasks:
JVMCI-native CompilerThread0  202  326       4       java.lang.StringLatin1::equals (36 bytes)
Total: 1

VM state: not at safepoint (normal execution)

VM Mutex/Monitor currently owned by a thread:  ([mutex/lock_event])
[0x00007ffa7f1fab00] Metaspace_lock - owner thread: 0x000002c41b9d51d0

Heap address: 0x0000000701000000, size: 4080 MB, Compressed Oops mode: Zero based, Oop shift amount: 3

CDS archive(s) mapped at: [0x000002c43f000000-0x000002c43fc60000-0x000002c43fc60000), size 12976128, SharedBaseAddress: 0x000002c43f000000, ArchiveRelocationMode: 1.
Compressed class space mapped at: 0x000002c440000000-0x000002c480000000, reserved size: 1073741824
Narrow klass base: 0x000002c43f000000, Narrow klass shift: 0, Narrow klass range: 0x41000000

GC Precious Log:
 CardTable entry size: 512
 Card Set container configuration: InlinePtr #cards 4 size 8 Array Of Cards #cards 16 size 48 Howl #buckets 8 coarsen threshold 3686 Howl Bitmap #cards 512 size 80 coarsen threshold 460 Card regions per heap region 1 cards per card region 4096
 CPUs: 12 total, 12 available
 Memory: 16315M
 Large Page Support: Disabled
 NUMA Support: Disabled
 Compressed Oops: Enabled (Zero based)
 Heap Region Size: 2M
 Heap Min Capacity: 8M
 Heap Initial Capacity: 256M
 Heap Max Capacity: 4080M
 Pre-touch: Disabled
 Parallel Workers: 10
 Concurrent Workers: 3
 Concurrent Refinement Workers: 10
 Periodic GC: Disabled

Heap:
 garbage-first heap   total reserved 4177920K, committed 262144K, used 6144K [0x0000000701000000, 0x0000000800000000)
  region size 2048K, 4 young (8192K), 0 survivors (0K)
 Metaspace       used 2604K, committed 2752K, reserved 1114112K
  class space    used 241K, committed 320K, reserved 1048576K

Heap Regions: E=young(eden), S=young(survivor), O=old, HS=humongous(starts), HC=humongous(continues), CS=collection set, F=free, TAMS=top-at-mark-start, PB=parsable bottom
|   0|0x0000000701000000, 0x0000000701000000, 0x0000000701200000|  0%| F|  |TAMS 0x0000000701000000| PB 0x0000000701000000| Untracked |  0
|   1|0x0000000701200000, 0x0000000701200000, 0x0000000701400000|  0%| F|  |TAMS 0x0000000701200000| PB 0x0000000701200000| Untracked |  0
|   2|0x0000000701400000, 0x0000000701400000, 0x0000000701600000|  0%| F|  |TAMS 0x0000000701400000| PB 0x0000000701400000| Untracked |  0
|   3|0x0000000701600000, 0x0000000701600000, 0x0000000701800000|  0%| F|  |TAMS 0x0000000701600000| PB 0x0000000701600000| Untracked |  0
|   4|0x0000000701800000, 0x0000000701800000, 0x0000000701a00000|  0%| F|  |TAMS 0x0000000701800000| PB 0x0000000701800000| Untracked |  0
|   5|0x0000000701a00000, 0x0000000701a00000, 0x0000000701c00000|  0%| F|  |TAMS 0x0000000701a00000| PB 0x0000000701a00000| Untracked |  0
|   6|0x0000000701c00000, 0x0000000701c00000, 0x0000000701e00000|  0%| F|  |TAMS 0x0000000701c00000| PB 0x0000000701c00000| Untracked |  0
|   7|0x0000000701e00000, 0x0000000701e00000, 0x0000000702000000|  0%| F|  |TAMS 0x0000000701e00000| PB 0x0000000701e00000| Untracked |  0
|   8|0x0000000702000000, 0x0000000702000000, 0x0000000702200000|  0%| F|  |TAMS 0x0000000702000000| PB 0x0000000702000000| Untracked |  0
|   9|0x0000000702200000, 0x0000000702200000, 0x0000000702400000|  0%| F|  |TAMS 0x0000000702200000| PB 0x0000000702200000| Untracked |  0
|  10|0x0000000702400000, 0x0000000702400000, 0x0000000702600000|  0%| F|  |TAMS 0x0000000702400000| PB 0x0000000702400000| Untracked |  0
|  11|0x0000000702600000, 0x0000000702600000, 0x0000000702800000|  0%| F|  |TAMS 0x0000000702600000| PB 0x0000000702600000| Untracked |  0
|  12|0x0000000702800000, 0x0000000702800000, 0x0000000702a00000|  0%| F|  |TAMS 0x0000000702800000| PB 0x0000000702800000| Untracked |  0
|  13|0x0000000702a00000, 0x0000000702a00000, 0x0000000702c00000|  0%| F|  |TAMS 0x0000000702a00000| PB 0x0000000702a00000| Untracked |  0
|  14|0x0000000702c00000, 0x0000000702c00000, 0x0000000702e00000|  0%| F|  |TAMS 0x0000000702c00000| PB 0x0000000702c00000| Untracked |  0
|  15|0x0000000702e00000, 0x0000000702e00000, 0x0000000703000000|  0%| F|  |TAMS 0x0000000702e00000| PB 0x0000000702e00000| Untracked |  0
|  16|0x0000000703000000, 0x0000000703000000, 0x0000000703200000|  0%| F|  |TAMS 0x0000000703000000| PB 0x0000000703000000| Untracked |  0
|  17|0x0000000703200000, 0x0000000703200000, 0x0000000703400000|  0%| F|  |TAMS 0x0000000703200000| PB 0x0000000703200000| Untracked |  0
|  18|0x0000000703400000, 0x0000000703400000, 0x0000000703600000|  0%| F|  |TAMS 0x0000000703400000| PB 0x0000000703400000| Untracked |  0
|  19|0x0000000703600000, 0x0000000703600000, 0x0000000703800000|  0%| F|  |TAMS 0x0000000703600000| PB 0x0000000703600000| Untracked |  0
|  20|0x0000000703800000, 0x0000000703800000, 0x0000000703a00000|  0%| F|  |TAMS 0x0000000703800000| PB 0x0000000703800000| Untracked |  0
|  21|0x0000000703a00000, 0x0000000703a00000, 0x0000000703c00000|  0%| F|  |TAMS 0x0000000703a00000| PB 0x0000000703a00000| Untracked |  0
|  22|0x0000000703c00000, 0x0000000703c00000, 0x0000000703e00000|  0%| F|  |TAMS 0x0000000703c00000| PB 0x0000000703c00000| Untracked |  0
|  23|0x0000000703e00000, 0x0000000703e00000, 0x0000000704000000|  0%| F|  |TAMS 0x0000000703e00000| PB 0x0000000703e00000| Untracked |  0
|  24|0x0000000704000000, 0x0000000704000000, 0x0000000704200000|  0%| F|  |TAMS 0x0000000704000000| PB 0x0000000704000000| Untracked |  0
|  25|0x0000000704200000, 0x0000000704200000, 0x0000000704400000|  0%| F|  |TAMS 0x0000000704200000| PB 0x0000000704200000| Untracked |  0
|  26|0x0000000704400000, 0x0000000704400000, 0x0000000704600000|  0%| F|  |TAMS 0x0000000704400000| PB 0x0000000704400000| Untracked |  0
|  27|0x0000000704600000, 0x0000000704600000, 0x0000000704800000|  0%| F|  |TAMS 0x0000000704600000| PB 0x0000000704600000| Untracked |  0
|  28|0x0000000704800000, 0x0000000704800000, 0x0000000704a00000|  0%| F|  |TAMS 0x0000000704800000| PB 0x0000000704800000| Untracked |  0
|  29|0x0000000704a00000, 0x0000000704a00000, 0x0000000704c00000|  0%| F|  |TAMS 0x0000000704a00000| PB 0x0000000704a00000| Untracked |  0
|  30|0x0000000704c00000, 0x0000000704c00000, 0x0000000704e00000|  0%| F|  |TAMS 0x0000000704c00000| PB 0x0000000704c00000| Untracked |  0
|  31|0x0000000704e00000, 0x0000000704e00000, 0x0000000705000000|  0%| F|  |TAMS 0x0000000704e00000| PB 0x0000000704e00000| Untracked |  0
|  32|0x0000000705000000, 0x0000000705000000, 0x0000000705200000|  0%| F|  |TAMS 0x0000000705000000| PB 0x0000000705000000| Untracked |  0
|  33|0x0000000705200000, 0x0000000705200000, 0x0000000705400000|  0%| F|  |TAMS 0x0000000705200000| PB 0x0000000705200000| Untracked |  0
|  34|0x0000000705400000, 0x0000000705400000, 0x0000000705600000|  0%| F|  |TAMS 0x0000000705400000| PB 0x0000000705400000| Untracked |  0
|  35|0x0000000705600000, 0x0000000705600000, 0x0000000705800000|  0%| F|  |TAMS 0x0000000705600000| PB 0x0000000705600000| Untracked |  0
|  36|0x0000000705800000, 0x0000000705800000, 0x0000000705a00000|  0%| F|  |TAMS 0x0000000705800000| PB 0x0000000705800000| Untracked |  0
|  37|0x0000000705a00000, 0x0000000705a00000, 0x0000000705c00000|  0%| F|  |TAMS 0x0000000705a00000| PB 0x0000000705a00000| Untracked |  0
|  38|0x0000000705c00000, 0x0000000705c00000, 0x0000000705e00000|  0%| F|  |TAMS 0x0000000705c00000| PB 0x0000000705c00000| Untracked |  0
|  39|0x0000000705e00000, 0x0000000705e00000, 0x0000000706000000|  0%| F|  |TAMS 0x0000000705e00000| PB 0x0000000705e00000| Untracked |  0
|  40|0x0000000706000000, 0x0000000706000000, 0x0000000706200000|  0%| F|  |TAMS 0x0000000706000000| PB 0x0000000706000000| Untracked |  0
|  41|0x0000000706200000, 0x0000000706200000, 0x0000000706400000|  0%| F|  |TAMS 0x0000000706200000| PB 0x0000000706200000| Untracked |  0
|  42|0x0000000706400000, 0x0000000706400000, 0x0000000706600000|  0%| F|  |TAMS 0x0000000706400000| PB 0x0000000706400000| Untracked |  0
|  43|0x0000000706600000, 0x0000000706600000, 0x0000000706800000|  0%| F|  |TAMS 0x0000000706600000| PB 0x0000000706600000| Untracked |  0
|  44|0x0000000706800000, 0x0000000706800000, 0x0000000706a00000|  0%| F|  |TAMS 0x0000000706800000| PB 0x0000000706800000| Untracked |  0
|  45|0x0000000706a00000, 0x0000000706a00000, 0x0000000706c00000|  0%| F|  |TAMS 0x0000000706a00000| PB 0x0000000706a00000| Untracked |  0
|  46|0x0000000706c00000, 0x0000000706c00000, 0x0000000706e00000|  0%| F|  |TAMS 0x0000000706c00000| PB 0x0000000706c00000| Untracked |  0
|  47|0x0000000706e00000, 0x0000000706e00000, 0x0000000707000000|  0%| F|  |TAMS 0x0000000706e00000| PB 0x0000000706e00000| Untracked |  0
|  48|0x0000000707000000, 0x0000000707000000, 0x0000000707200000|  0%| F|  |TAMS 0x0000000707000000| PB 0x0000000707000000| Untracked |  0
|  49|0x0000000707200000, 0x0000000707200000, 0x0000000707400000|  0%| F|  |TAMS 0x0000000707200000| PB 0x0000000707200000| Untracked |  0
|  50|0x0000000707400000, 0x0000000707400000, 0x0000000707600000|  0%| F|  |TAMS 0x0000000707400000| PB 0x0000000707400000| Untracked |  0
|  51|0x0000000707600000, 0x0000000707600000, 0x0000000707800000|  0%| F|  |TAMS 0x0000000707600000| PB 0x0000000707600000| Untracked |  0
|  52|0x0000000707800000, 0x0000000707800000, 0x0000000707a00000|  0%| F|  |TAMS 0x0000000707800000| PB 0x0000000707800000| Untracked |  0
|  53|0x0000000707a00000, 0x0000000707a00000, 0x0000000707c00000|  0%| F|  |TAMS 0x0000000707a00000| PB 0x0000000707a00000| Untracked |  0
|  54|0x0000000707c00000, 0x0000000707c00000, 0x0000000707e00000|  0%| F|  |TAMS 0x0000000707c00000| PB 0x0000000707c00000| Untracked |  0
|  55|0x0000000707e00000, 0x0000000707e00000, 0x0000000708000000|  0%| F|  |TAMS 0x0000000707e00000| PB 0x0000000707e00000| Untracked |  0
|  56|0x0000000708000000, 0x0000000708000000, 0x0000000708200000|  0%| F|  |TAMS 0x0000000708000000| PB 0x0000000708000000| Untracked |  0
|  57|0x0000000708200000, 0x0000000708200000, 0x0000000708400000|  0%| F|  |TAMS 0x0000000708200000| PB 0x0000000708200000| Untracked |  0
|  58|0x0000000708400000, 0x0000000708400000, 0x0000000708600000|  0%| F|  |TAMS 0x0000000708400000| PB 0x0000000708400000| Untracked |  0
|  59|0x0000000708600000, 0x0000000708600000, 0x0000000708800000|  0%| F|  |TAMS 0x0000000708600000| PB 0x0000000708600000| Untracked |  0
|  60|0x0000000708800000, 0x0000000708800000, 0x0000000708a00000|  0%| F|  |TAMS 0x0000000708800000| PB 0x0000000708800000| Untracked |  0
|  61|0x0000000708a00000, 0x0000000708a00000, 0x0000000708c00000|  0%| F|  |TAMS 0x0000000708a00000| PB 0x0000000708a00000| Untracked |  0
|  62|0x0000000708c00000, 0x0000000708c00000, 0x0000000708e00000|  0%| F|  |TAMS 0x0000000708c00000| PB 0x0000000708c00000| Untracked |  0
|  63|0x0000000708e00000, 0x0000000708e00000, 0x0000000709000000|  0%| F|  |TAMS 0x0000000708e00000| PB 0x0000000708e00000| Untracked |  0
|  64|0x0000000709000000, 0x0000000709000000, 0x0000000709200000|  0%| F|  |TAMS 0x0000000709000000| PB 0x0000000709000000| Untracked |  0
|  65|0x0000000709200000, 0x0000000709200000, 0x0000000709400000|  0%| F|  |TAMS 0x0000000709200000| PB 0x0000000709200000| Untracked |  0
|  66|0x0000000709400000, 0x0000000709400000, 0x0000000709600000|  0%| F|  |TAMS 0x0000000709400000| PB 0x0000000709400000| Untracked |  0
|  67|0x0000000709600000, 0x0000000709600000, 0x0000000709800000|  0%| F|  |TAMS 0x0000000709600000| PB 0x0000000709600000| Untracked |  0
|  68|0x0000000709800000, 0x0000000709800000, 0x0000000709a00000|  0%| F|  |TAMS 0x0000000709800000| PB 0x0000000709800000| Untracked |  0
|  69|0x0000000709a00000, 0x0000000709a00000, 0x0000000709c00000|  0%| F|  |TAMS 0x0000000709a00000| PB 0x0000000709a00000| Untracked |  0
|  70|0x0000000709c00000, 0x0000000709c00000, 0x0000000709e00000|  0%| F|  |TAMS 0x0000000709c00000| PB 0x0000000709c00000| Untracked |  0
|  71|0x0000000709e00000, 0x0000000709e00000, 0x000000070a000000|  0%| F|  |TAMS 0x0000000709e00000| PB 0x0000000709e00000| Untracked |  0
|  72|0x000000070a000000, 0x000000070a000000, 0x000000070a200000|  0%| F|  |TAMS 0x000000070a000000| PB 0x000000070a000000| Untracked |  0
|  73|0x000000070a200000, 0x000000070a200000, 0x000000070a400000|  0%| F|  |TAMS 0x000000070a200000| PB 0x000000070a200000| Untracked |  0
|  74|0x000000070a400000, 0x000000070a400000, 0x000000070a600000|  0%| F|  |TAMS 0x000000070a400000| PB 0x000000070a400000| Untracked |  0
|  75|0x000000070a600000, 0x000000070a600000, 0x000000070a800000|  0%| F|  |TAMS 0x000000070a600000| PB 0x000000070a600000| Untracked |  0
|  76|0x000000070a800000, 0x000000070a800000, 0x000000070aa00000|  0%| F|  |TAMS 0x000000070a800000| PB 0x000000070a800000| Untracked |  0
|  77|0x000000070aa00000, 0x000000070aa00000, 0x000000070ac00000|  0%| F|  |TAMS 0x000000070aa00000| PB 0x000000070aa00000| Untracked |  0
|  78|0x000000070ac00000, 0x000000070ac00000, 0x000000070ae00000|  0%| F|  |TAMS 0x000000070ac00000| PB 0x000000070ac00000| Untracked |  0
|  79|0x000000070ae00000, 0x000000070ae00000, 0x000000070b000000|  0%| F|  |TAMS 0x000000070ae00000| PB 0x000000070ae00000| Untracked |  0
|  80|0x000000070b000000, 0x000000070b000000, 0x000000070b200000|  0%| F|  |TAMS 0x000000070b000000| PB 0x000000070b000000| Untracked |  0
|  81|0x000000070b200000, 0x000000070b200000, 0x000000070b400000|  0%| F|  |TAMS 0x000000070b200000| PB 0x000000070b200000| Untracked |  0
|  82|0x000000070b400000, 0x000000070b400000, 0x000000070b600000|  0%| F|  |TAMS 0x000000070b400000| PB 0x000000070b400000| Untracked |  0
|  83|0x000000070b600000, 0x000000070b600000, 0x000000070b800000|  0%| F|  |TAMS 0x000000070b600000| PB 0x000000070b600000| Untracked |  0
|  84|0x000000070b800000, 0x000000070b800000, 0x000000070ba00000|  0%| F|  |TAMS 0x000000070b800000| PB 0x000000070b800000| Untracked |  0
|  85|0x000000070ba00000, 0x000000070ba00000, 0x000000070bc00000|  0%| F|  |TAMS 0x000000070ba00000| PB 0x000000070ba00000| Untracked |  0
|  86|0x000000070bc00000, 0x000000070bc00000, 0x000000070be00000|  0%| F|  |TAMS 0x000000070bc00000| PB 0x000000070bc00000| Untracked |  0
|  87|0x000000070be00000, 0x000000070be00000, 0x000000070c000000|  0%| F|  |TAMS 0x000000070be00000| PB 0x000000070be00000| Untracked |  0
|  88|0x000000070c000000, 0x000000070c000000, 0x000000070c200000|  0%| F|  |TAMS 0x000000070c000000| PB 0x000000070c000000| Untracked |  0
|  89|0x000000070c200000, 0x000000070c200000, 0x000000070c400000|  0%| F|  |TAMS 0x000000070c200000| PB 0x000000070c200000| Untracked |  0
|  90|0x000000070c400000, 0x000000070c400000, 0x000000070c600000|  0%| F|  |TAMS 0x000000070c400000| PB 0x000000070c400000| Untracked |  0
|  91|0x000000070c600000, 0x000000070c600000, 0x000000070c800000|  0%| F|  |TAMS 0x000000070c600000| PB 0x000000070c600000| Untracked |  0
|  92|0x000000070c800000, 0x000000070c800000, 0x000000070ca00000|  0%| F|  |TAMS 0x000000070c800000| PB 0x000000070c800000| Untracked |  0
|  93|0x000000070ca00000, 0x000000070ca00000, 0x000000070cc00000|  0%| F|  |TAMS 0x000000070ca00000| PB 0x000000070ca00000| Untracked |  0
|  94|0x000000070cc00000, 0x000000070cc00000, 0x000000070ce00000|  0%| F|  |TAMS 0x000000070cc00000| PB 0x000000070cc00000| Untracked |  0
|  95|0x000000070ce00000, 0x000000070ce00000, 0x000000070d000000|  0%| F|  |TAMS 0x000000070ce00000| PB 0x000000070ce00000| Untracked |  0
|  96|0x000000070d000000, 0x000000070d000000, 0x000000070d200000|  0%| F|  |TAMS 0x000000070d000000| PB 0x000000070d000000| Untracked |  0
|  97|0x000000070d200000, 0x000000070d200000, 0x000000070d400000|  0%| F|  |TAMS 0x000000070d200000| PB 0x000000070d200000| Untracked |  0
|  98|0x000000070d400000, 0x000000070d400000, 0x000000070d600000|  0%| F|  |TAMS 0x000000070d400000| PB 0x000000070d400000| Untracked |  0
|  99|0x000000070d600000, 0x000000070d600000, 0x000000070d800000|  0%| F|  |TAMS 0x000000070d600000| PB 0x000000070d600000| Untracked |  0
| 100|0x000000070d800000, 0x000000070d800000, 0x000000070da00000|  0%| F|  |TAMS 0x000000070d800000| PB 0x000000070d800000| Untracked |  0
| 101|0x000000070da00000, 0x000000070da00000, 0x000000070dc00000|  0%| F|  |TAMS 0x000000070da00000| PB 0x000000070da00000| Untracked |  0
| 102|0x000000070dc00000, 0x000000070dc00000, 0x000000070de00000|  0%| F|  |TAMS 0x000000070dc00000| PB 0x000000070dc00000| Untracked |  0
| 103|0x000000070de00000, 0x000000070de00000, 0x000000070e000000|  0%| F|  |TAMS 0x000000070de00000| PB 0x000000070de00000| Untracked |  0
| 104|0x000000070e000000, 0x000000070e000000, 0x000000070e200000|  0%| F|  |TAMS 0x000000070e000000| PB 0x000000070e000000| Untracked |  0
| 105|0x000000070e200000, 0x000000070e200000, 0x000000070e400000|  0%| F|  |TAMS 0x000000070e200000| PB 0x000000070e200000| Untracked |  0
| 106|0x000000070e400000, 0x000000070e400000, 0x000000070e600000|  0%| F|  |TAMS 0x000000070e400000| PB 0x000000070e400000| Untracked |  0
| 107|0x000000070e600000, 0x000000070e600000, 0x000000070e800000|  0%| F|  |TAMS 0x000000070e600000| PB 0x000000070e600000| Untracked |  0
| 108|0x000000070e800000, 0x000000070e800000, 0x000000070ea00000|  0%| F|  |TAMS 0x000000070e800000| PB 0x000000070e800000| Untracked |  0
| 109|0x000000070ea00000, 0x000000070ea00000, 0x000000070ec00000|  0%| F|  |TAMS 0x000000070ea00000| PB 0x000000070ea00000| Untracked |  0
| 110|0x000000070ec00000, 0x000000070ec00000, 0x000000070ee00000|  0%| F|  |TAMS 0x000000070ec00000| PB 0x000000070ec00000| Untracked |  0
| 111|0x000000070ee00000, 0x000000070ee00000, 0x000000070f000000|  0%| F|  |TAMS 0x000000070ee00000| PB 0x000000070ee00000| Untracked |  0
| 112|0x000000070f000000, 0x000000070f000000, 0x000000070f200000|  0%| F|  |TAMS 0x000000070f000000| PB 0x000000070f000000| Untracked |  0
| 113|0x000000070f200000, 0x000000070f200000, 0x000000070f400000|  0%| F|  |TAMS 0x000000070f200000| PB 0x000000070f200000| Untracked |  0
| 114|0x000000070f400000, 0x000000070f400000, 0x000000070f600000|  0%| F|  |TAMS 0x000000070f400000| PB 0x000000070f400000| Untracked |  0
| 115|0x000000070f600000, 0x000000070f600000, 0x000000070f800000|  0%| F|  |TAMS 0x000000070f600000| PB 0x000000070f600000| Untracked |  0
| 116|0x000000070f800000, 0x000000070f800000, 0x000000070fa00000|  0%| F|  |TAMS 0x000000070f800000| PB 0x000000070f800000| Untracked |  0
| 117|0x000000070fa00000, 0x000000070fa00000, 0x000000070fc00000|  0%| F|  |TAMS 0x000000070fa00000| PB 0x000000070fa00000| Untracked |  0
| 118|0x000000070fc00000, 0x000000070fc00000, 0x000000070fe00000|  0%| F|  |TAMS 0x000000070fc00000| PB 0x000000070fc00000| Untracked |  0
| 119|0x000000070fe00000, 0x000000070fe00000, 0x0000000710000000|  0%| F|  |TAMS 0x000000070fe00000| PB 0x000000070fe00000| Untracked |  0
| 120|0x0000000710000000, 0x0000000710000000, 0x0000000710200000|  0%| F|  |TAMS 0x0000000710000000| PB 0x0000000710000000| Untracked |  0
| 121|0x0000000710200000, 0x0000000710200000, 0x0000000710400000|  0%| F|  |TAMS 0x0000000710200000| PB 0x0000000710200000| Untracked |  0
| 122|0x0000000710400000, 0x0000000710400000, 0x0000000710600000|  0%| F|  |TAMS 0x0000000710400000| PB 0x0000000710400000| Untracked |  0
| 123|0x0000000710600000, 0x0000000710600000, 0x0000000710800000|  0%| F|  |TAMS 0x0000000710600000| PB 0x0000000710600000| Untracked |  0
| 124|0x0000000710800000, 0x000000071087ae28, 0x0000000710a00000| 24%| E|  |TAMS 0x0000000710800000| PB 0x0000000710800000| Complete |  0
| 125|0x0000000710a00000, 0x0000000710c00000, 0x0000000710c00000|100%| E|CS|TAMS 0x0000000710a00000| PB 0x0000000710a00000| Complete |  0
| 126|0x0000000710c00000, 0x0000000710e00000, 0x0000000710e00000|100%| E|CS|TAMS 0x0000000710c00000| PB 0x0000000710c00000| Complete |  0
| 127|0x0000000710e00000, 0x0000000711000000, 0x0000000711000000|100%| E|CS|TAMS 0x0000000710e00000| PB 0x0000000710e00000| Complete |  0

Card table byte_map: [0x000002c437690000,0x000002c437e90000] _byte_map_base: 0x000002c433e88000

Marking Bits: (CMBitMap*) 0x000002c41dd28ac0
 Bits: [0x000002c437e90000, 0x000002c43be50000)

Polling page: 0x000002c41d480000

Metaspace:

Usage:
  Non-class:      2.31 MB used.
      Class:    241.50 KB used.
       Both:      2.54 MB used.

Virtual space:
  Non-class space:       64.00 MB reserved,       2.38 MB (  4%) committed,  1 nodes.
      Class space:        1.00 GB reserved,     320.00 KB ( <1%) committed,  1 nodes.
             Both:        1.06 GB reserved,       2.69 MB ( <1%) committed. 

Chunk freelists:
   Non-Class:  11.91 MB
       Class:  15.70 MB
        Both:  27.61 MB

MaxMetaspaceSize: unlimited
CompressedClassSpaceSize: 1.00 GB
Initial GC threshold: 21.00 MB
Current GC threshold: 21.00 MB
CDS: on
 - commit_granule_bytes: 65536.
 - commit_granule_words: 8192.
 - virtual_space_node_default_size: 8388608.
 - enlarge_chunks_in_place: 1.
 - use_allocation_guard: 0.


Internal statistics:

num_allocs_failed_limit: 0.
num_arena_births: 90.
num_arena_deaths: 0.
num_vsnodes_births: 2.
num_vsnodes_deaths: 0.
num_space_committed: 43.
num_space_uncommitted: 0.
num_chunks_returned_to_freelist: 0.
num_chunks_taken_from_freelist: 103.
num_chunk_merges: 0.
num_chunk_splits: 65.
num_chunks_enlarged: 28.
num_inconsistent_stats: 0.

CodeHeap 'non-profiled nmethods': size=119488Kb used=137Kb max_used=137Kb free=119350Kb
 bounds [0x000002c42f490000, 0x000002c42f700000, 0x000002c436940000]
CodeHeap 'profiled nmethods': size=119424Kb used=660Kb max_used=660Kb free=118763Kb
 bounds [0x000002c427940000, 0x000002c427bb0000, 0x000002c42ede0000]
CodeHeap 'non-nmethods': size=6848Kb used=2507Kb max_used=2507Kb free=4340Kb
 bounds [0x000002c42ede0000, 0x000002c42f060000, 0x000002c42f490000]
 total_blobs=886 nmethods=435 adapters=367
 compilation: enabled
              stopped_count=0, restarted_count=0
 full_count=0

JVMCI Events (12 events):
Event: 0.026 Thread 0x000002c41b9d51d0 created new Java JVMCI runtime -1 (0x000002c43eaa3620)
Event: 0.042 Thread 0x000002c43eae1e30 created new CompileBroker JVMCI runtime 0 (0x000002c43eaa3700)
Event: 0.042 Thread 0x000002c43eae1e30 attached to JVMCI runtime 0
Event: 0.044 Thread 0x000002c43eae1e30 loaded JVMCI shared library from C:\Users\cotiz\Documents\graalvm-jdk-22.0.2_windows-x64_bin\graalvm-jdk-22.0.2+9.1\bin\jvmcicompiler.dll
Event: 0.049 Thread 0x000002c43eae1e30 created JavaVM[1]@0x000002c4849a4280 for JVMCI runtime 0
Event: 0.049 Thread 0x000002c43eae1e30 initializing JVMCI runtime 0
Event: 0.049 Thread 0x000002c43eae1e30 initializing JavaVM references in JVMCI runtime 0
Event: 0.049 Thread 0x000002c43eae1e30 initialized JavaVM references in JVMCI runtime 0
Event: 0.049 Thread 0x000002c43eae1e30 initialized JVMCI runtime 0
Event: 0.148 Thread 0x000002c43eae1e30 uncaught exception in call_HotSpotJVMCIRuntime_compileMethod [nested exception occurred converting exception to string]
Event: 0.148 Thread 0x000002c43eae1e30 JVMCI upcall had an error: uncaught exception in call_HotSpotJVMCIRuntime_compileMethod [nested exception occurred converting exception to string]
Event: 0.148 Thread 0x000002c43eae1e30 nested exception occurred converting exception stack to string

Compilation events (20 events):
Event: 0.146 Thread 0x000002c43ecfaaf0  390       3       java.lang.invoke.MethodHandles$Lookup::lookupClassOrNull (17 bytes)
Event: 0.146 Thread 0x000002c43eae2a10  392       3       java.lang.invoke.LambdaFormBuffer::ownedCount (7 bytes)
Event: 0.146 Thread 0x000002c43ecfaaf0 nmethod 390 0x000002c4279d1c90 code [0x000002c4279d1e40, 0x000002c4279d1fc8]
Event: 0.146 Thread 0x000002c43eae2a10 nmethod 392 0x000002c4279d2090 code [0x000002c4279d2220, 0x000002c4279d2330]
Event: 0.146 Thread 0x000002c43ecfaaf0  397       3       jdk.internal.org.objectweb.asm.ByteVector::put11 (52 bytes)
Event: 0.147 Thread 0x000002c43ecfaaf0 nmethod 397 0x000002c4279d2390 code [0x000002c4279d2540, 0x000002c4279d2750]
Event: 0.147 Thread 0x000002c43ecfaaf0  398       1       java.util.ArrayList::size (5 bytes)
Event: 0.147 Thread 0x000002c43ecfaaf0 nmethod 398 0x000002c42f4af790 code [0x000002c42f4af920, 0x000002c42f4af9e8]
Event: 0.147 Thread 0x000002c43ecfaaf0  399       1       jdk.internal.org.objectweb.asm.SymbolTable::getMajorVersion (5 bytes)
Event: 0.147 Thread 0x000002c43ecfaaf0 nmethod 399 0x000002c42f4afa90 code [0x000002c42f4afc20, 0x000002c42f4afce8]
Event: 0.147 Thread 0x000002c43ecfaaf0  400       3       java.util.ImmutableCollections$ListN::size (6 bytes)
Event: 0.147 Thread 0x000002c43ecfaaf0 nmethod 400 0x000002c4279d2890 code [0x000002c4279d2a20, 0x000002c4279d2b38]
Event: 0.147 Thread 0x000002c43ecfaaf0  403       3       java.lang.invoke.LambdaForm$Name::<init> (19 bytes)
Event: 0.147 Thread 0x000002c43ecfb5b0  404       3       jdk.internal.org.objectweb.asm.ByteVector::<init> (13 bytes)
Event: 0.147 Thread 0x000002c43ecfb5b0 nmethod 404 0x000002c4279d2c10 code [0x000002c4279d2dc0, 0x000002c4279d3028]
Event: 0.147 Thread 0x000002c43eae2a10  405       3       java.lang.invoke.InvokerBytecodeGenerator::getInternalName (103 bytes)
Event: 0.147 Thread 0x000002c43ecfb5b0  406       3       jdk.internal.org.objectweb.asm.Handler::getExceptionTableLength (21 bytes)
Event: 0.148 Thread 0x000002c43ecfb5b0 nmethod 406 0x000002c4279d3110 code [0x000002c4279d32a0, 0x000002c4279d3438]
Event: 0.148 Thread 0x000002c43ecfaaf0 nmethod 403 0x000002c4279d3510 code [0x000002c4279d3740, 0x000002c4279d3f50]
Event: 0.148 Thread 0x000002c43eae2a10 nmethod 405 0x000002c4279d4290 code [0x000002c4279d44a0, 0x000002c4279d49d8]

GC Heap History (0 events):
No events

Dll operation events (5 events):
Event: 0.009 Loaded shared library C:\Users\cotiz\Documents\graalvm-jdk-22.0.2_windows-x64_bin\graalvm-jdk-22.0.2+9.1\bin\java.dll
Event: 0.039 Loaded shared library C:\Users\cotiz\Documents\graalvm-jdk-22.0.2_windows-x64_bin\graalvm-jdk-22.0.2+9.1\bin\jsvml.dll
Event: 0.044 Loaded shared library C:\Users\cotiz\Documents\graalvm-jdk-22.0.2_windows-x64_bin\graalvm-jdk-22.0.2+9.1\bin\jvmcicompiler.dll
Event: 0.099 Loaded shared library C:\Users\cotiz\Documents\graalvm-jdk-22.0.2_windows-x64_bin\graalvm-jdk-22.0.2+9.1\bin\jimage.dll
Event: 0.116 Loaded shared library C:\Users\cotiz\Documents\graalvm-jdk-22.0.2_windows-x64_bin\graalvm-jdk-22.0.2+9.1\bin\awt.dll

Deoptimization events (0 events):
No events

Classes loaded (20 events):
Event: 0.142 Loading class java/awt/Frame$1
Event: 0.142 Loading class sun/awt/AWTAccessor$FrameAccessor
Event: 0.142 Loading class sun/awt/AWTAccessor$FrameAccessor done
Event: 0.142 Loading class java/awt/Frame$1 done
Event: 0.142 Loading class javax/swing/UIManager
Event: 0.142 Loading class javax/swing/UIManager done
Event: 0.142 Loading class javax/swing/UIManager$LookAndFeelInfo
Event: 0.142 Loading class javax/swing/UIManager$LookAndFeelInfo done
Event: 0.143 Loading class sun/awt/OSInfo
Event: 0.143 Loading class sun/awt/OSInfo done
Event: 0.143 Loading class sun/awt/OSInfo$WindowsVersion
Event: 0.143 Loading class sun/awt/OSInfo$WindowsVersion done
Event: 0.143 Loading class jdk/internal/util/OperatingSystem
Event: 0.143 Loading class jdk/internal/util/OperatingSystem done
Event: 0.143 Loading class sun/awt/OSInfo$1
Event: 0.143 Loading class sun/awt/OSInfo$1 done
Event: 0.143 Loading class sun/awt/OSInfo$OSType
Event: 0.143 Loading class sun/awt/OSInfo$OSType done
Event: 0.148 Loading class sun/awt/windows/WToolkit
Event: 0.148 Loading class sun/awt/SunToolkit

Classes unloaded (0 events):
No events

Classes redefined (0 events):
No events

Internal exceptions (3 events):
Event: 0.106 Thread 0x000002c41b9d51d0 Exception <a 'java/lang/ClassNotFoundException'{0x0000000710a5c990}: sun/awt/resources/spi/awtProvider> (0x0000000710a5c990) 
thrown [s\open\src\hotspot\share\classfile\systemDictionary.cpp, line 313]
Event: 0.127 Thread 0x000002c41b9d51d0 Exception <a 'java/io/FileNotFoundException'{0x0000000710ab1808}> (0x0000000710ab1808) 
thrown [s\open\src\hotspot\share\prims\jni.cpp, line 520]
Event: 0.133 Thread 0x000002c41b9d51d0 Exception <a 'java/io/FileNotFoundException'{0x0000000710adfae0}> (0x0000000710adfae0) 
thrown [s\open\src\hotspot\share\prims\jni.cpp, line 520]

ZGC Phase Switch (0 events):
No events

VM Operations (4 events):
Event: 0.070 Executing VM operation: HandshakeAllThreads (Deoptimize)
Event: 0.070 Executing VM operation: HandshakeAllThreads (Deoptimize) done
Event: 0.142 Executing VM operation: HandshakeAllThreads (Deoptimize)
Event: 0.142 Executing VM operation: HandshakeAllThreads (Deoptimize) done

Memory protections (0 events):
No events

Nmethod flushes (0 events):
No events

Events (13 events):
Event: 0.024 Thread 0x000002c41b9d51d0 Thread added: 0x000002c41b9d51d0
Event: 0.037 Thread 0x000002c41b9d51d0 Thread added: 0x000002c43eac7fc0
Event: 0.037 Thread 0x000002c41b9d51d0 Thread added: 0x000002c43eacbb40
Event: 0.037 Thread 0x000002c41b9d51d0 Thread added: 0x000002c43eaccfb0
Event: 0.037 Thread 0x000002c41b9d51d0 Thread added: 0x000002c43ead1f00
Event: 0.037 Thread 0x000002c41b9d51d0 Thread added: 0x000002c43ead2960
Event: 0.037 Thread 0x000002c41b9d51d0 Thread added: 0x000002c43ead5790
Event: 0.037 Thread 0x000002c41b9d51d0 Thread added: 0x000002c43eae1e30
Event: 0.038 Thread 0x000002c41b9d51d0 Thread added: 0x000002c43eae2a10
Event: 0.062 Thread 0x000002c41b9d51d0 Thread added: 0x000002c43ecfa480
Event: 0.070 Thread 0x000002c43eae2a10 Thread added: 0x000002c43ecfaaf0
Event: 0.071 Thread 0x000002c43eae2a10 Thread added: 0x000002c43ecfb5b0
Event: 0.085 Thread 0x000002c41b9d51d0 Thread added: 0x000002c43ed82420


Dynamic libraries:
0x00007ff68cf80000 - 0x00007ff68cf90000 	C:\Users\cotiz\Documents\graalvm-jdk-22.0.2_windows-x64_bin\graalvm-jdk-22.0.2+9.1\bin\java.exe
0x00007ffb5ac50000 - 0x00007ffb5ae67000 	C:\Windows\SYSTEM32\ntdll.dll
0x00007ffb59600000 - 0x00007ffb596c4000 	C:\Windows\System32\KERNEL32.DLL
0x00007ffb58030000 - 0x00007ffb583e7000 	C:\Windows\System32\KERNELBASE.dll
0x00007ffb583f0000 - 0x00007ffb58501000 	C:\Windows\System32\ucrtbase.dll
0x00007ffb238f0000 - 0x00007ffb2390b000 	C:\Users\cotiz\Documents\graalvm-jdk-22.0.2_windows-x64_bin\graalvm-jdk-22.0.2+9.1\bin\VCRUNTIME140.dll
0x00007ffb34f20000 - 0x00007ffb34f37000 	C:\Users\cotiz\Documents\graalvm-jdk-22.0.2_windows-x64_bin\graalvm-jdk-22.0.2+9.1\bin\jli.dll
0x00007ffb58980000 - 0x00007ffb58b2f000 	C:\Windows\System32\USER32.dll
0x00007ffb42480000 - 0x00007ffb42713000 	C:\Windows\WinSxS\amd64_microsoft.windows.common-controls_6595b64144ccf1df_6.0.22621.3672_none_2713b9d173822955\COMCTL32.dll
0x00007ffb58590000 - 0x00007ffb585b6000 	C:\Windows\System32\win32u.dll
0x00007ffb59c90000 - 0x00007ffb59d37000 	C:\Windows\System32\msvcrt.dll
0x00007ffb597d0000 - 0x00007ffb597f9000 	C:\Windows\System32\GDI32.dll
0x00007ffb58730000 - 0x00007ffb58848000 	C:\Windows\System32\gdi32full.dll
0x00007ffb57f90000 - 0x00007ffb5802a000 	C:\Windows\System32\msvcp_win.dll
0x00007ffb58b40000 - 0x00007ffb58b71000 	C:\Windows\System32\IMM32.DLL
0x00007ffb55070000 - 0x00007ffb5507c000 	C:\Users\cotiz\Documents\graalvm-jdk-22.0.2_windows-x64_bin\graalvm-jdk-22.0.2+9.1\bin\vcruntime140_1.dll
0x00007ffac8370000 - 0x00007ffac83fe000 	C:\Users\cotiz\Documents\graalvm-jdk-22.0.2_windows-x64_bin\graalvm-jdk-22.0.2+9.1\bin\msvcp140.dll
0x00007ffa7e590000 - 0x00007ffa7f2d9000 	C:\Users\cotiz\Documents\graalvm-jdk-22.0.2_windows-x64_bin\graalvm-jdk-22.0.2+9.1\bin\server\jvm.dll
0x00007ffb5a910000 - 0x00007ffb5a9c2000 	C:\Windows\System32\ADVAPI32.dll
0x00007ffb5aae0000 - 0x00007ffb5ab88000 	C:\Windows\System32\sechost.dll
0x00007ffb57f60000 - 0x00007ffb57f88000 	C:\Windows\System32\bcrypt.dll
0x00007ffb59d40000 - 0x00007ffb59e54000 	C:\Windows\System32\RPCRT4.dll
0x00007ffb5ab90000 - 0x00007ffb5ac01000 	C:\Windows\System32\WS2_32.dll
0x00007ffb56e10000 - 0x00007ffb56e5d000 	C:\Windows\SYSTEM32\POWRPROF.dll
0x00007ffb4f180000 - 0x00007ffb4f1b4000 	C:\Windows\SYSTEM32\WINMM.dll
0x00007ffb52070000 - 0x00007ffb5207a000 	C:\Windows\SYSTEM32\VERSION.dll
0x00007ffb56df0000 - 0x00007ffb56e03000 	C:\Windows\SYSTEM32\UMPDC.dll
0x00007ffb570a0000 - 0x00007ffb570b8000 	C:\Windows\SYSTEM32\kernel.appcore.dll
0x00007ffb474a0000 - 0x00007ffb474aa000 	C:\Users\cotiz\Documents\graalvm-jdk-22.0.2_windows-x64_bin\graalvm-jdk-22.0.2+9.1\bin\jimage.dll
0x00007ffb4e200000 - 0x00007ffb4e432000 	C:\Windows\SYSTEM32\DBGHELP.DLL
0x00007ffb5a580000 - 0x00007ffb5a90e000 	C:\Windows\System32\combase.dll
0x00007ffb5a0e0000 - 0x00007ffb5a1b7000 	C:\Windows\System32\OLEAUT32.dll
0x00007ffb379c0000 - 0x00007ffb379f2000 	C:\Windows\SYSTEM32\dbgcore.DLL
0x00007ffb58510000 - 0x00007ffb5858b000 	C:\Windows\System32\bcryptPrimitives.dll
0x00007ffb211b0000 - 0x00007ffb211ce000 	C:\Users\cotiz\Documents\graalvm-jdk-22.0.2_windows-x64_bin\graalvm-jdk-22.0.2+9.1\bin\java.dll
0x00007ffb58d90000 - 0x00007ffb595f9000 	C:\Windows\System32\SHELL32.dll
0x00007ffb58be0000 - 0x00007ffb58d85000 	C:\Windows\System32\ole32.dll
0x00007ffb55ed0000 - 0x00007ffb567cf000 	C:\Windows\SYSTEM32\windows.storage.dll
0x00007ffb55d90000 - 0x00007ffb55ecf000 	C:\Windows\SYSTEM32\wintypes.dll
0x00007ffb5a9e0000 - 0x00007ffb5aad9000 	C:\Windows\System32\SHCORE.dll
0x00007ffb59770000 - 0x00007ffb597ce000 	C:\Windows\System32\shlwapi.dll
0x00007ffb57e90000 - 0x00007ffb57eb7000 	C:\Windows\SYSTEM32\profapi.dll
0x00007ffac8290000 - 0x00007ffac8367000 	C:\Users\cotiz\Documents\graalvm-jdk-22.0.2_windows-x64_bin\graalvm-jdk-22.0.2+9.1\bin\jsvml.dll
0x00007ffa7b5b0000 - 0x00007ffa7e588000 	C:\Users\cotiz\Documents\graalvm-jdk-22.0.2_windows-x64_bin\graalvm-jdk-22.0.2+9.1\bin\jvmcicompiler.dll
0x00007ffb58b30000 - 0x00007ffb58b38000 	C:\Windows\System32\PSAPI.DLL
0x00007ffb585c0000 - 0x00007ffb58726000 	C:\Windows\System32\CRYPT32.dll
0x00007ffb57600000 - 0x00007ffb57628000 	C:\Windows\SYSTEM32\USERENV.dll
0x00007ffb57900000 - 0x00007ffb5792d000 	C:\Windows\SYSTEM32\ncrypt.dll
0x00007ffb56a30000 - 0x00007ffb56a5d000 	C:\Windows\SYSTEM32\IPHLPAPI.DLL
0x00007ffb57510000 - 0x00007ffb57579000 	C:\Windows\SYSTEM32\MSWSOCK.dll
0x00007ffb578c0000 - 0x00007ffb578f7000 	C:\Windows\SYSTEM32\NTASN1.dll
0x00007ffa7b420000 - 0x00007ffa7b5ae000 	C:\Users\cotiz\Documents\graalvm-jdk-22.0.2_windows-x64_bin\graalvm-jdk-22.0.2+9.1\bin\awt.dll
0x00007ffb54a90000 - 0x00007ffb54b27000 	C:\Windows\SYSTEM32\apphelp.dll
0x00007ffb55470000 - 0x00007ffb55521000 	C:\Windows\system32\uxtheme.dll
0x00007ffb5a1e0000 - 0x00007ffb5a340000 	C:\Windows\System32\MSCTF.dll

dbghelp: loaded successfully - version: 4.0.5 - missing functions: none
symbol engine: initialized successfully - sym options: 0x614 - pdb path: .;C:\Users\cotiz\Documents\graalvm-jdk-22.0.2_windows-x64_bin\graalvm-jdk-22.0.2+9.1\bin;C:\Windows\SYSTEM32;C:\Windows\WinSxS\amd64_microsoft.windows.common-controls_6595b64144ccf1df_6.0.22621.3672_none_2713b9d173822955;C:\Users\cotiz\Documents\graalvm-jdk-22.0.2_windows-x64_bin\graalvm-jdk-22.0.2+9.1\bin\server

VM Arguments:
jvm_args: -XX:ThreadPriorityPolicy=1 -XX:+UnlockExperimentalVMOptions -XX:+EnableJVMCIProduct -XX:-UnlockExperimentalVMOptions 
java_command: org.itson.battleshippresentation.view.StrategyView
java_class_path (initial): C:\Users\cotiz\Documents\battleship-java\BattleshipPresentation\target\classes;C:\Users\cotiz\Documents\battleship-java\BattleshipDomain\target\classes
Launcher Type: SUN_STANDARD

[Global flags]
     intx CICompilerCount                          = 4                                         {product} {ergonomic}
     uint ConcGCThreads                            = 3                                         {product} {ergonomic}
     bool EnableJVMCIProduct                       = true                                {JVMCI product} {jimage}
     uint G1ConcRefinementThreads                  = 10                                        {product} {ergonomic}
   size_t G1HeapRegionSize                         = 2097152                                   {product} {ergonomic}
   size_t InitialHeapSize                          = 268435456                                 {product} {ergonomic}
   size_t MarkStackSize                            = 4194304                                   {product} {ergonomic}
   size_t MaxHeapSize                              = 4278190080                                {product} {ergonomic}
   size_t MaxNewSize                               = 2566914048                                {product} {ergonomic}
   size_t MinHeapDeltaBytes                        = 2097152                                   {product} {ergonomic}
   size_t MinHeapSize                              = 8388608                                   {product} {ergonomic}
    uintx NonNMethodCodeHeapSize                   = 6979620                                {pd product} {ergonomic}
    uintx NonProfiledCodeHeapSize                  = 122339310                              {pd product} {ergonomic}
    uintx ProfiledCodeHeapSize                     = 122339310                              {pd product} {ergonomic}
    uintx ReservedCodeCacheSize                    = 251658240                              {pd product} {ergonomic}
     bool SegmentedCodeCache                       = true                                      {product} {ergonomic}
   size_t SoftMaxHeapSize                          = 4278190080                             {manageable} {ergonomic}
      int ThreadPriorityPolicy                     = 1                                         {product} {jimage}
     bool UseCompressedOops                        = true                           {product lp64_product} {ergonomic}
     bool UseG1GC                                  = true                                      {product} {ergonomic}
     bool UseLargePagesIndividualAllocation        = false                                  {pd product} {ergonomic}

Logging:
Log output configuration:
 #0: stdout all=warning uptime,level,tags foldmultilines=false
 #1: stderr all=off uptime,level,tags foldmultilines=false

Environment Variables:
JAVA_HOME=C:\Users\cotiz\Documents\graalvm-jdk-22.0.2_windows-x64_bin\graalvm-jdk-22.0.2+9.1
PATH=C:\Program Files\Common Files\Oracle\Java\javapath;C:\Program Files (x86)\Common Files\Oracle\Java\java8path;C:\Program Files (x86)\Common Files\Oracle\Java\javapath;C:\Windows\system32;C:\Windows;C:\Windows\System32\Wbem;C:\Windows\System32\WindowsPowerShell\v1.0\;C:\Windows\System32\OpenSSH\;C:\Program Files\NVIDIA Corporation\NVIDIA NvDLISR;C:\Program Files (x86)\NVIDIA Corporation\PhysX\Common;C:\Program Files\Git\cmd;C:\Users\cotiz\AppData\Local\Programs\Python\Launcher\;C:\Users\cotiz\AppData\Local\Microsoft\WindowsApps;D:\Curso de programacion java;C:\Users\cotiz\AppData\Local\Programs\Microsoft VS Code\bin
USERNAME=cotiz
OS=Windows_NT
PROCESSOR_IDENTIFIER=AMD64 Family 23 Model 8 Stepping 2, AuthenticAMD
TMP=C:\Users\cotiz\AppData\Local\Temp
TEMP=C:\Users\cotiz\AppData\Local\Temp




Periodic native trim disabled

---------------  S Y S T E M  ---------------

OS:
 Windows 11 , 64 bit Build 22621 (10.0.22621.3958)
OS uptime: 1 days 2:39 hours

CPU: total 12 (initial active 12) (12 cores per cpu, 2 threads per core) family 23 model 8 stepping 2 microcode 0x0, cx8, cmov, fxsr, ht, mmx, 3dnowpref, sse, sse2, sse3, ssse3, sse4a, sse4.1, sse4.2, popcnt, lzcnt, tsc, tscinvbit, avx, avx2, aes, clmul, bmi1, bmi2, adx, sha, fma, vzeroupper, clflush, clflushopt, rdtscp, f16c
Processor Information for all 12 processors :
  Max Mhz: 3400, Current Mhz: 3400, Mhz Limit: 3400

Memory: 4k page, system-wide physical 16315M (4487M free)
TotalPageFile size 25566M (AvailPageFile size 4M)
current process WorkingSet (physical memory assigned to process): 87M, peak: 87M
current process commit charge ("private bytes"): 376M, peak: 376M

vm_info: Java HotSpot(TM) 64-Bit Server VM (22.0.2+9-jvmci-b01) for windows-amd64 JRE (22.0.2+9-jvmci-b01), built on 2024-06-05T21:30:56Z by "OCIWIN18Buildbot" with MS VC++ 17.6 (VS2022)

END.
