#
# A fatal error has been detected by the Java Runtime Environment:
#
#  Internal Error (jvmciRuntime.cpp:1664), pid=21336, tid=17084
#  fatal error: Fatal JVMCI exception (see JVMCI Events for stack trace): Uncaught exception exiting libjvmci JVMCIEnv scope entered at s\open\src\hotspot\share\compiler\compileBroker.cpp:2225
#
# JRE version: Java(TM) SE Runtime Environment Oracle GraalVM 22.0.2+9.1 (22.0.2+9) (build 22.0.2+9-jvmci-b01)
# Java VM: Java HotSpot(TM) 64-Bit Server VM Oracle GraalVM 22.0.2+9.1 (22.0.2+9-jvmci-b01, mixed mode, sharing, tiered, jvmci, jvmci compiler, compressed oops, compressed class ptrs, g1 gc, windows-amd64)
# No core dump will be written. Minidumps are not enabled by default on client versions of Windows
#
# If you would like to submit a bug report, please visit:
#   https://bugreport.java.com/bugreport/crash.jsp
#

---------------  S U M M A R Y ------------

Command Line: -XX:ThreadPriorityPolicy=1 -XX:+UnlockExperimentalVMOptions -XX:+EnableJVMCIProduct -XX:-UnlockExperimentalVMOptions org.itson.battleshippresentation.view.StrategyView

Host: AMD Ryzen 5 2600 Six-Core Processor            , 12 cores, 15G,  Windows 11 , 64 bit Build 22621 (10.0.22621.3958)
Time: Wed Oct 30 10:45:12 2024 Pacific Daylight Time elapsed time: 0.278491 seconds (0d 0h 0m 0s)

---------------  T H R E A D  ---------------

Current thread (0x000001f81b408d80):  JavaThread "JVMCI-native CompilerThread0" daemon [_thread_in_vm, id=17084, stack(0x000000dfe1900000,0x000000dfe1a00000) (1024K)]


Current CompileTask:
JVMCI-native:278  621       4       java.util.HashMap::put (13 bytes)

Stack: [0x000000dfe1900000,0x000000dfe1a00000]
Native frames: (J=compiled Java code, j=interpreted, Vv=VM code, C=native code)
V  [jvm.dll+0x6e26e9]  (no source info available)
V  [jvm.dll+0x875753]  (no source info available)
V  [jvm.dll+0x877b7e]  (no source info available)
V  [jvm.dll+0x27fa71]  (no source info available)
V  [jvm.dll+0x53e6e2]  (no source info available)
V  [jvm.dll+0x51e992]  (no source info available)
V  [jvm.dll+0x2566bb]  (no source info available)
V  [jvm.dll+0x254baa]  (no source info available)
V  [jvm.dll+0x3f57a6]  (no source info available)
V  [jvm.dll+0x81dc0b]  (no source info available)
V  [jvm.dll+0x6e0d85]  (no source info available)
C  [ucrtbase.dll+0x29333]  (no source info available)
C  [KERNEL32.DLL+0x1257d]  (no source info available)
C  [ntdll.dll+0x5af08]  (no source info available)


---------------  P R O C E S S  ---------------

Threads class SMR info:
_java_thread_list=0x000001f862a1fdf0, length=17, elements={
0x000001f81b3f6390, 0x000001f81b3f9f70, 0x000001f81b3fdaa0, 0x000001f81b3fe990,
0x000001f81b3ffb90, 0x000001f81b403c20, 0x000001f81b408d80, 0x000001f81b409fd0,
0x000001f81b5e3b80, 0x000001f81b653d80, 0x000001f81b65da10, 0x000001f81b6c3dc0,
0x000001f81b8e61e0, 0x000001f81b8f0260, 0x000001f81b8f1cf0, 0x000001f8629fbff0,
0x000001f87a5bf940
}

Java Threads: ( => current thread )
  0x000001f81b3f6390 JavaThread "Reference Handler"          daemon [_thread_blocked, id=1968, stack(0x000000dfe1300000,0x000000dfe1400000) (1024K)]
  0x000001f81b3f9f70 JavaThread "Finalizer"                  daemon [_thread_blocked, id=26592, stack(0x000000dfe1400000,0x000000dfe1500000) (1024K)]
  0x000001f81b3fdaa0 JavaThread "Signal Dispatcher"          daemon [_thread_blocked, id=11780, stack(0x000000dfe1500000,0x000000dfe1600000) (1024K)]
  0x000001f81b3fe990 JavaThread "Attach Listener"            daemon [_thread_blocked, id=15340, stack(0x000000dfe1600000,0x000000dfe1700000) (1024K)]
  0x000001f81b3ffb90 JavaThread "Service Thread"             daemon [_thread_blocked, id=25816, stack(0x000000dfe1700000,0x000000dfe1800000) (1024K)]
  0x000001f81b403c20 JavaThread "Monitor Deflation Thread"   daemon [_thread_blocked, id=18148, stack(0x000000dfe1800000,0x000000dfe1900000) (1024K)]
=>0x000001f81b408d80 JavaThread "JVMCI-native CompilerThread0" daemon [_thread_in_vm, id=17084, stack(0x000000dfe1900000,0x000000dfe1a00000) (1024K)]
  0x000001f81b409fd0 JavaThread "C1 CompilerThread0"         daemon [_thread_blocked, id=26540, stack(0x000000dfe1a00000,0x000000dfe1b00000) (1024K)]
  0x000001f81b5e3b80 JavaThread "Common-Cleaner"             daemon [_thread_blocked, id=11108, stack(0x000000dfe1b00000,0x000000dfe1c00000) (1024K)]
  0x000001f81b653d80 JavaThread "C1 CompilerThread1"         daemon [_thread_blocked, id=28528, stack(0x000000dfe1c00000,0x000000dfe1d00000) (1024K)]
  0x000001f81b65da10 JavaThread "C1 CompilerThread2"         daemon [_thread_blocked, id=8156, stack(0x000000dfe1d00000,0x000000dfe1e00000) (1024K)]
  0x000001f81b6c3dc0 JavaThread "Notification Thread"        daemon [_thread_blocked, id=28132, stack(0x000000dfe1e00000,0x000000dfe1f00000) (1024K)]
  0x000001f81b8e61e0 JavaThread "Java2D Disposer"            daemon [_thread_blocked, id=15048, stack(0x000000dfe1f00000,0x000000dfe2000000) (1024K)]
  0x000001f81b8f0260 JavaThread "AWT-Shutdown"                      [_thread_blocked, id=8548, stack(0x000000dfe2000000,0x000000dfe2100000) (1024K)]
  0x000001f81b8f1cf0 JavaThread "AWT-Windows"                daemon [_thread_in_native, id=22408, stack(0x000000dfe2100000,0x000000dfe2200000) (1024K)]
  0x000001f8629fbff0 JavaThread "AWT-EventQueue-0"                  [_thread_in_native, id=11452, stack(0x000000dfe2200000,0x000000dfe2300000) (1024K)]
  0x000001f87a5bf940 JavaThread "DestroyJavaVM"                     [_thread_blocked, id=21136, stack(0x000000dfe0b00000,0x000000dfe0c00000) (1024K)]
Total: 17

Other Threads:
  0x000001f81b3d87e0 VMThread "VM Thread"                           [id=2552, stack(0x000000dfe1200000,0x000000dfe1300000) (1024K)]
  0x000001f81b3bde90 WatcherThread "VM Periodic Task Thread"        [id=25456, stack(0x000000dfe1100000,0x000000dfe1200000) (1024K)]
  0x000001f87a628530 WorkerThread "GC Thread#0"                     [id=10104, stack(0x000000dfe0c00000,0x000000dfe0d00000) (1024K)]
  0x000001f87a6395d0 ConcurrentGCThread "G1 Main Marker"            [id=20776, stack(0x000000dfe0d00000,0x000000dfe0e00000) (1024K)]
  0x000001f87a63a880 WorkerThread "G1 Conc#0"                       [id=28692, stack(0x000000dfe0e00000,0x000000dfe0f00000) (1024K)]
  0x000001f81b2801c0 ConcurrentGCThread "G1 Refine#0"               [id=25348, stack(0x000000dfe0f00000,0x000000dfe1000000) (1024K)]
  0x000001f81b280950 ConcurrentGCThread "G1 Service"                [id=8900, stack(0x000000dfe1000000,0x000000dfe1100000) (1024K)]
Total: 7

Threads with active compile tasks:
JVMCI-native CompilerThread0  337  621       4       java.util.HashMap::put (13 bytes)
Total: 1

VM state: not at safepoint (normal execution)

VM Mutex/Monitor currently owned by a thread: None

Heap address: 0x0000000701000000, size: 4080 MB, Compressed Oops mode: Zero based, Oop shift amount: 3

CDS archive(s) mapped at: [0x000001f81c000000-0x000001f81cc60000-0x000001f81cc60000), size 12976128, SharedBaseAddress: 0x000001f81c000000, ArchiveRelocationMode: 1.
Compressed class space mapped at: 0x000001f81d000000-0x000001f85d000000, reserved size: 1073741824
Narrow klass base: 0x000001f81c000000, Narrow klass shift: 0, Narrow klass range: 0x41000000

GC Precious Log:
 CardTable entry size: 512
 Card Set container configuration: InlinePtr #cards 4 size 8 Array Of Cards #cards 16 size 48 Howl #buckets 8 coarsen threshold 3686 Howl Bitmap #cards 512 size 80 coarsen threshold 460 Card regions per heap region 1 cards per card region 4096
 CPUs: 12 total, 12 available
 Memory: 16315M
 Large Page Support: Disabled
 NUMA Support: Disabled
 Compressed Oops: Enabled (Zero based)
 Heap Region Size: 2M
 Heap Min Capacity: 8M
 Heap Initial Capacity: 256M
 Heap Max Capacity: 4080M
 Pre-touch: Disabled
 Parallel Workers: 10
 Concurrent Workers: 3
 Concurrent Refinement Workers: 10
 Periodic GC: Disabled

Heap:
 garbage-first heap   total reserved 4177920K, committed 262144K, used 8192K [0x0000000701000000, 0x0000000800000000)
  region size 2048K, 5 young (10240K), 0 survivors (0K)
 Metaspace       used 5942K, committed 6144K, reserved 1114112K
  class space    used 679K, committed 768K, reserved 1048576K

Heap Regions: E=young(eden), S=young(survivor), O=old, HS=humongous(starts), HC=humongous(continues), CS=collection set, F=free, TAMS=top-at-mark-start, PB=parsable bottom
|   0|0x0000000701000000, 0x0000000701000000, 0x0000000701200000|  0%| F|  |TAMS 0x0000000701000000| PB 0x0000000701000000| Untracked |  0
|   1|0x0000000701200000, 0x0000000701200000, 0x0000000701400000|  0%| F|  |TAMS 0x0000000701200000| PB 0x0000000701200000| Untracked |  0
|   2|0x0000000701400000, 0x0000000701400000, 0x0000000701600000|  0%| F|  |TAMS 0x0000000701400000| PB 0x0000000701400000| Untracked |  0
|   3|0x0000000701600000, 0x0000000701600000, 0x0000000701800000|  0%| F|  |TAMS 0x0000000701600000| PB 0x0000000701600000| Untracked |  0
|   4|0x0000000701800000, 0x0000000701800000, 0x0000000701a00000|  0%| F|  |TAMS 0x0000000701800000| PB 0x0000000701800000| Untracked |  0
|   5|0x0000000701a00000, 0x0000000701a00000, 0x0000000701c00000|  0%| F|  |TAMS 0x0000000701a00000| PB 0x0000000701a00000| Untracked |  0
|   6|0x0000000701c00000, 0x0000000701c00000, 0x0000000701e00000|  0%| F|  |TAMS 0x0000000701c00000| PB 0x0000000701c00000| Untracked |  0
|   7|0x0000000701e00000, 0x0000000701e00000, 0x0000000702000000|  0%| F|  |TAMS 0x0000000701e00000| PB 0x0000000701e00000| Untracked |  0
|   8|0x0000000702000000, 0x0000000702000000, 0x0000000702200000|  0%| F|  |TAMS 0x0000000702000000| PB 0x0000000702000000| Untracked |  0
|   9|0x0000000702200000, 0x0000000702200000, 0x0000000702400000|  0%| F|  |TAMS 0x0000000702200000| PB 0x0000000702200000| Untracked |  0
|  10|0x0000000702400000, 0x0000000702400000, 0x0000000702600000|  0%| F|  |TAMS 0x0000000702400000| PB 0x0000000702400000| Untracked |  0
|  11|0x0000000702600000, 0x0000000702600000, 0x0000000702800000|  0%| F|  |TAMS 0x0000000702600000| PB 0x0000000702600000| Untracked |  0
|  12|0x0000000702800000, 0x0000000702800000, 0x0000000702a00000|  0%| F|  |TAMS 0x0000000702800000| PB 0x0000000702800000| Untracked |  0
|  13|0x0000000702a00000, 0x0000000702a00000, 0x0000000702c00000|  0%| F|  |TAMS 0x0000000702a00000| PB 0x0000000702a00000| Untracked |  0
|  14|0x0000000702c00000, 0x0000000702c00000, 0x0000000702e00000|  0%| F|  |TAMS 0x0000000702c00000| PB 0x0000000702c00000| Untracked |  0
|  15|0x0000000702e00000, 0x0000000702e00000, 0x0000000703000000|  0%| F|  |TAMS 0x0000000702e00000| PB 0x0000000702e00000| Untracked |  0
|  16|0x0000000703000000, 0x0000000703000000, 0x0000000703200000|  0%| F|  |TAMS 0x0000000703000000| PB 0x0000000703000000| Untracked |  0
|  17|0x0000000703200000, 0x0000000703200000, 0x0000000703400000|  0%| F|  |TAMS 0x0000000703200000| PB 0x0000000703200000| Untracked |  0
|  18|0x0000000703400000, 0x0000000703400000, 0x0000000703600000|  0%| F|  |TAMS 0x0000000703400000| PB 0x0000000703400000| Untracked |  0
|  19|0x0000000703600000, 0x0000000703600000, 0x0000000703800000|  0%| F|  |TAMS 0x0000000703600000| PB 0x0000000703600000| Untracked |  0
|  20|0x0000000703800000, 0x0000000703800000, 0x0000000703a00000|  0%| F|  |TAMS 0x0000000703800000| PB 0x0000000703800000| Untracked |  0
|  21|0x0000000703a00000, 0x0000000703a00000, 0x0000000703c00000|  0%| F|  |TAMS 0x0000000703a00000| PB 0x0000000703a00000| Untracked |  0
|  22|0x0000000703c00000, 0x0000000703c00000, 0x0000000703e00000|  0%| F|  |TAMS 0x0000000703c00000| PB 0x0000000703c00000| Untracked |  0
|  23|0x0000000703e00000, 0x0000000703e00000, 0x0000000704000000|  0%| F|  |TAMS 0x0000000703e00000| PB 0x0000000703e00000| Untracked |  0
|  24|0x0000000704000000, 0x0000000704000000, 0x0000000704200000|  0%| F|  |TAMS 0x0000000704000000| PB 0x0000000704000000| Untracked |  0
|  25|0x0000000704200000, 0x0000000704200000, 0x0000000704400000|  0%| F|  |TAMS 0x0000000704200000| PB 0x0000000704200000| Untracked |  0
|  26|0x0000000704400000, 0x0000000704400000, 0x0000000704600000|  0%| F|  |TAMS 0x0000000704400000| PB 0x0000000704400000| Untracked |  0
|  27|0x0000000704600000, 0x0000000704600000, 0x0000000704800000|  0%| F|  |TAMS 0x0000000704600000| PB 0x0000000704600000| Untracked |  0
|  28|0x0000000704800000, 0x0000000704800000, 0x0000000704a00000|  0%| F|  |TAMS 0x0000000704800000| PB 0x0000000704800000| Untracked |  0
|  29|0x0000000704a00000, 0x0000000704a00000, 0x0000000704c00000|  0%| F|  |TAMS 0x0000000704a00000| PB 0x0000000704a00000| Untracked |  0
|  30|0x0000000704c00000, 0x0000000704c00000, 0x0000000704e00000|  0%| F|  |TAMS 0x0000000704c00000| PB 0x0000000704c00000| Untracked |  0
|  31|0x0000000704e00000, 0x0000000704e00000, 0x0000000705000000|  0%| F|  |TAMS 0x0000000704e00000| PB 0x0000000704e00000| Untracked |  0
|  32|0x0000000705000000, 0x0000000705000000, 0x0000000705200000|  0%| F|  |TAMS 0x0000000705000000| PB 0x0000000705000000| Untracked |  0
|  33|0x0000000705200000, 0x0000000705200000, 0x0000000705400000|  0%| F|  |TAMS 0x0000000705200000| PB 0x0000000705200000| Untracked |  0
|  34|0x0000000705400000, 0x0000000705400000, 0x0000000705600000|  0%| F|  |TAMS 0x0000000705400000| PB 0x0000000705400000| Untracked |  0
|  35|0x0000000705600000, 0x0000000705600000, 0x0000000705800000|  0%| F|  |TAMS 0x0000000705600000| PB 0x0000000705600000| Untracked |  0
|  36|0x0000000705800000, 0x0000000705800000, 0x0000000705a00000|  0%| F|  |TAMS 0x0000000705800000| PB 0x0000000705800000| Untracked |  0
|  37|0x0000000705a00000, 0x0000000705a00000, 0x0000000705c00000|  0%| F|  |TAMS 0x0000000705a00000| PB 0x0000000705a00000| Untracked |  0
|  38|0x0000000705c00000, 0x0000000705c00000, 0x0000000705e00000|  0%| F|  |TAMS 0x0000000705c00000| PB 0x0000000705c00000| Untracked |  0
|  39|0x0000000705e00000, 0x0000000705e00000, 0x0000000706000000|  0%| F|  |TAMS 0x0000000705e00000| PB 0x0000000705e00000| Untracked |  0
|  40|0x0000000706000000, 0x0000000706000000, 0x0000000706200000|  0%| F|  |TAMS 0x0000000706000000| PB 0x0000000706000000| Untracked |  0
|  41|0x0000000706200000, 0x0000000706200000, 0x0000000706400000|  0%| F|  |TAMS 0x0000000706200000| PB 0x0000000706200000| Untracked |  0
|  42|0x0000000706400000, 0x0000000706400000, 0x0000000706600000|  0%| F|  |TAMS 0x0000000706400000| PB 0x0000000706400000| Untracked |  0
|  43|0x0000000706600000, 0x0000000706600000, 0x0000000706800000|  0%| F|  |TAMS 0x0000000706600000| PB 0x0000000706600000| Untracked |  0
|  44|0x0000000706800000, 0x0000000706800000, 0x0000000706a00000|  0%| F|  |TAMS 0x0000000706800000| PB 0x0000000706800000| Untracked |  0
|  45|0x0000000706a00000, 0x0000000706a00000, 0x0000000706c00000|  0%| F|  |TAMS 0x0000000706a00000| PB 0x0000000706a00000| Untracked |  0
|  46|0x0000000706c00000, 0x0000000706c00000, 0x0000000706e00000|  0%| F|  |TAMS 0x0000000706c00000| PB 0x0000000706c00000| Untracked |  0
|  47|0x0000000706e00000, 0x0000000706e00000, 0x0000000707000000|  0%| F|  |TAMS 0x0000000706e00000| PB 0x0000000706e00000| Untracked |  0
|  48|0x0000000707000000, 0x0000000707000000, 0x0000000707200000|  0%| F|  |TAMS 0x0000000707000000| PB 0x0000000707000000| Untracked |  0
|  49|0x0000000707200000, 0x0000000707200000, 0x0000000707400000|  0%| F|  |TAMS 0x0000000707200000| PB 0x0000000707200000| Untracked |  0
|  50|0x0000000707400000, 0x0000000707400000, 0x0000000707600000|  0%| F|  |TAMS 0x0000000707400000| PB 0x0000000707400000| Untracked |  0
|  51|0x0000000707600000, 0x0000000707600000, 0x0000000707800000|  0%| F|  |TAMS 0x0000000707600000| PB 0x0000000707600000| Untracked |  0
|  52|0x0000000707800000, 0x0000000707800000, 0x0000000707a00000|  0%| F|  |TAMS 0x0000000707800000| PB 0x0000000707800000| Untracked |  0
|  53|0x0000000707a00000, 0x0000000707a00000, 0x0000000707c00000|  0%| F|  |TAMS 0x0000000707a00000| PB 0x0000000707a00000| Untracked |  0
|  54|0x0000000707c00000, 0x0000000707c00000, 0x0000000707e00000|  0%| F|  |TAMS 0x0000000707c00000| PB 0x0000000707c00000| Untracked |  0
|  55|0x0000000707e00000, 0x0000000707e00000, 0x0000000708000000|  0%| F|  |TAMS 0x0000000707e00000| PB 0x0000000707e00000| Untracked |  0
|  56|0x0000000708000000, 0x0000000708000000, 0x0000000708200000|  0%| F|  |TAMS 0x0000000708000000| PB 0x0000000708000000| Untracked |  0
|  57|0x0000000708200000, 0x0000000708200000, 0x0000000708400000|  0%| F|  |TAMS 0x0000000708200000| PB 0x0000000708200000| Untracked |  0
|  58|0x0000000708400000, 0x0000000708400000, 0x0000000708600000|  0%| F|  |TAMS 0x0000000708400000| PB 0x0000000708400000| Untracked |  0
|  59|0x0000000708600000, 0x0000000708600000, 0x0000000708800000|  0%| F|  |TAMS 0x0000000708600000| PB 0x0000000708600000| Untracked |  0
|  60|0x0000000708800000, 0x0000000708800000, 0x0000000708a00000|  0%| F|  |TAMS 0x0000000708800000| PB 0x0000000708800000| Untracked |  0
|  61|0x0000000708a00000, 0x0000000708a00000, 0x0000000708c00000|  0%| F|  |TAMS 0x0000000708a00000| PB 0x0000000708a00000| Untracked |  0
|  62|0x0000000708c00000, 0x0000000708c00000, 0x0000000708e00000|  0%| F|  |TAMS 0x0000000708c00000| PB 0x0000000708c00000| Untracked |  0
|  63|0x0000000708e00000, 0x0000000708e00000, 0x0000000709000000|  0%| F|  |TAMS 0x0000000708e00000| PB 0x0000000708e00000| Untracked |  0
|  64|0x0000000709000000, 0x0000000709000000, 0x0000000709200000|  0%| F|  |TAMS 0x0000000709000000| PB 0x0000000709000000| Untracked |  0
|  65|0x0000000709200000, 0x0000000709200000, 0x0000000709400000|  0%| F|  |TAMS 0x0000000709200000| PB 0x0000000709200000| Untracked |  0
|  66|0x0000000709400000, 0x0000000709400000, 0x0000000709600000|  0%| F|  |TAMS 0x0000000709400000| PB 0x0000000709400000| Untracked |  0
|  67|0x0000000709600000, 0x0000000709600000, 0x0000000709800000|  0%| F|  |TAMS 0x0000000709600000| PB 0x0000000709600000| Untracked |  0
|  68|0x0000000709800000, 0x0000000709800000, 0x0000000709a00000|  0%| F|  |TAMS 0x0000000709800000| PB 0x0000000709800000| Untracked |  0
|  69|0x0000000709a00000, 0x0000000709a00000, 0x0000000709c00000|  0%| F|  |TAMS 0x0000000709a00000| PB 0x0000000709a00000| Untracked |  0
|  70|0x0000000709c00000, 0x0000000709c00000, 0x0000000709e00000|  0%| F|  |TAMS 0x0000000709c00000| PB 0x0000000709c00000| Untracked |  0
|  71|0x0000000709e00000, 0x0000000709e00000, 0x000000070a000000|  0%| F|  |TAMS 0x0000000709e00000| PB 0x0000000709e00000| Untracked |  0
|  72|0x000000070a000000, 0x000000070a000000, 0x000000070a200000|  0%| F|  |TAMS 0x000000070a000000| PB 0x000000070a000000| Untracked |  0
|  73|0x000000070a200000, 0x000000070a200000, 0x000000070a400000|  0%| F|  |TAMS 0x000000070a200000| PB 0x000000070a200000| Untracked |  0
|  74|0x000000070a400000, 0x000000070a400000, 0x000000070a600000|  0%| F|  |TAMS 0x000000070a400000| PB 0x000000070a400000| Untracked |  0
|  75|0x000000070a600000, 0x000000070a600000, 0x000000070a800000|  0%| F|  |TAMS 0x000000070a600000| PB 0x000000070a600000| Untracked |  0
|  76|0x000000070a800000, 0x000000070a800000, 0x000000070aa00000|  0%| F|  |TAMS 0x000000070a800000| PB 0x000000070a800000| Untracked |  0
|  77|0x000000070aa00000, 0x000000070aa00000, 0x000000070ac00000|  0%| F|  |TAMS 0x000000070aa00000| PB 0x000000070aa00000| Untracked |  0
|  78|0x000000070ac00000, 0x000000070ac00000, 0x000000070ae00000|  0%| F|  |TAMS 0x000000070ac00000| PB 0x000000070ac00000| Untracked |  0
|  79|0x000000070ae00000, 0x000000070ae00000, 0x000000070b000000|  0%| F|  |TAMS 0x000000070ae00000| PB 0x000000070ae00000| Untracked |  0
|  80|0x000000070b000000, 0x000000070b000000, 0x000000070b200000|  0%| F|  |TAMS 0x000000070b000000| PB 0x000000070b000000| Untracked |  0
|  81|0x000000070b200000, 0x000000070b200000, 0x000000070b400000|  0%| F|  |TAMS 0x000000070b200000| PB 0x000000070b200000| Untracked |  0
|  82|0x000000070b400000, 0x000000070b400000, 0x000000070b600000|  0%| F|  |TAMS 0x000000070b400000| PB 0x000000070b400000| Untracked |  0
|  83|0x000000070b600000, 0x000000070b600000, 0x000000070b800000|  0%| F|  |TAMS 0x000000070b600000| PB 0x000000070b600000| Untracked |  0
|  84|0x000000070b800000, 0x000000070b800000, 0x000000070ba00000|  0%| F|  |TAMS 0x000000070b800000| PB 0x000000070b800000| Untracked |  0
|  85|0x000000070ba00000, 0x000000070ba00000, 0x000000070bc00000|  0%| F|  |TAMS 0x000000070ba00000| PB 0x000000070ba00000| Untracked |  0
|  86|0x000000070bc00000, 0x000000070bc00000, 0x000000070be00000|  0%| F|  |TAMS 0x000000070bc00000| PB 0x000000070bc00000| Untracked |  0
|  87|0x000000070be00000, 0x000000070be00000, 0x000000070c000000|  0%| F|  |TAMS 0x000000070be00000| PB 0x000000070be00000| Untracked |  0
|  88|0x000000070c000000, 0x000000070c000000, 0x000000070c200000|  0%| F|  |TAMS 0x000000070c000000| PB 0x000000070c000000| Untracked |  0
|  89|0x000000070c200000, 0x000000070c200000, 0x000000070c400000|  0%| F|  |TAMS 0x000000070c200000| PB 0x000000070c200000| Untracked |  0
|  90|0x000000070c400000, 0x000000070c400000, 0x000000070c600000|  0%| F|  |TAMS 0x000000070c400000| PB 0x000000070c400000| Untracked |  0
|  91|0x000000070c600000, 0x000000070c600000, 0x000000070c800000|  0%| F|  |TAMS 0x000000070c600000| PB 0x000000070c600000| Untracked |  0
|  92|0x000000070c800000, 0x000000070c800000, 0x000000070ca00000|  0%| F|  |TAMS 0x000000070c800000| PB 0x000000070c800000| Untracked |  0
|  93|0x000000070ca00000, 0x000000070ca00000, 0x000000070cc00000|  0%| F|  |TAMS 0x000000070ca00000| PB 0x000000070ca00000| Untracked |  0
|  94|0x000000070cc00000, 0x000000070cc00000, 0x000000070ce00000|  0%| F|  |TAMS 0x000000070cc00000| PB 0x000000070cc00000| Untracked |  0
|  95|0x000000070ce00000, 0x000000070ce00000, 0x000000070d000000|  0%| F|  |TAMS 0x000000070ce00000| PB 0x000000070ce00000| Untracked |  0
|  96|0x000000070d000000, 0x000000070d000000, 0x000000070d200000|  0%| F|  |TAMS 0x000000070d000000| PB 0x000000070d000000| Untracked |  0
|  97|0x000000070d200000, 0x000000070d200000, 0x000000070d400000|  0%| F|  |TAMS 0x000000070d200000| PB 0x000000070d200000| Untracked |  0
|  98|0x000000070d400000, 0x000000070d400000, 0x000000070d600000|  0%| F|  |TAMS 0x000000070d400000| PB 0x000000070d400000| Untracked |  0
|  99|0x000000070d600000, 0x000000070d600000, 0x000000070d800000|  0%| F|  |TAMS 0x000000070d600000| PB 0x000000070d600000| Untracked |  0
| 100|0x000000070d800000, 0x000000070d800000, 0x000000070da00000|  0%| F|  |TAMS 0x000000070d800000| PB 0x000000070d800000| Untracked |  0
| 101|0x000000070da00000, 0x000000070da00000, 0x000000070dc00000|  0%| F|  |TAMS 0x000000070da00000| PB 0x000000070da00000| Untracked |  0
| 102|0x000000070dc00000, 0x000000070dc00000, 0x000000070de00000|  0%| F|  |TAMS 0x000000070dc00000| PB 0x000000070dc00000| Untracked |  0
| 103|0x000000070de00000, 0x000000070de00000, 0x000000070e000000|  0%| F|  |TAMS 0x000000070de00000| PB 0x000000070de00000| Untracked |  0
| 104|0x000000070e000000, 0x000000070e000000, 0x000000070e200000|  0%| F|  |TAMS 0x000000070e000000| PB 0x000000070e000000| Untracked |  0
| 105|0x000000070e200000, 0x000000070e200000, 0x000000070e400000|  0%| F|  |TAMS 0x000000070e200000| PB 0x000000070e200000| Untracked |  0
| 106|0x000000070e400000, 0x000000070e400000, 0x000000070e600000|  0%| F|  |TAMS 0x000000070e400000| PB 0x000000070e400000| Untracked |  0
| 107|0x000000070e600000, 0x000000070e600000, 0x000000070e800000|  0%| F|  |TAMS 0x000000070e600000| PB 0x000000070e600000| Untracked |  0
| 108|0x000000070e800000, 0x000000070e800000, 0x000000070ea00000|  0%| F|  |TAMS 0x000000070e800000| PB 0x000000070e800000| Untracked |  0
| 109|0x000000070ea00000, 0x000000070ea00000, 0x000000070ec00000|  0%| F|  |TAMS 0x000000070ea00000| PB 0x000000070ea00000| Untracked |  0
| 110|0x000000070ec00000, 0x000000070ec00000, 0x000000070ee00000|  0%| F|  |TAMS 0x000000070ec00000| PB 0x000000070ec00000| Untracked |  0
| 111|0x000000070ee00000, 0x000000070ee00000, 0x000000070f000000|  0%| F|  |TAMS 0x000000070ee00000| PB 0x000000070ee00000| Untracked |  0
| 112|0x000000070f000000, 0x000000070f000000, 0x000000070f200000|  0%| F|  |TAMS 0x000000070f000000| PB 0x000000070f000000| Untracked |  0
| 113|0x000000070f200000, 0x000000070f200000, 0x000000070f400000|  0%| F|  |TAMS 0x000000070f200000| PB 0x000000070f200000| Untracked |  0
| 114|0x000000070f400000, 0x000000070f400000, 0x000000070f600000|  0%| F|  |TAMS 0x000000070f400000| PB 0x000000070f400000| Untracked |  0
| 115|0x000000070f600000, 0x000000070f600000, 0x000000070f800000|  0%| F|  |TAMS 0x000000070f600000| PB 0x000000070f600000| Untracked |  0
| 116|0x000000070f800000, 0x000000070f800000, 0x000000070fa00000|  0%| F|  |TAMS 0x000000070f800000| PB 0x000000070f800000| Untracked |  0
| 117|0x000000070fa00000, 0x000000070fa00000, 0x000000070fc00000|  0%| F|  |TAMS 0x000000070fa00000| PB 0x000000070fa00000| Untracked |  0
| 118|0x000000070fc00000, 0x000000070fc00000, 0x000000070fe00000|  0%| F|  |TAMS 0x000000070fc00000| PB 0x000000070fc00000| Untracked |  0
| 119|0x000000070fe00000, 0x000000070fe00000, 0x0000000710000000|  0%| F|  |TAMS 0x000000070fe00000| PB 0x000000070fe00000| Untracked |  0
| 120|0x0000000710000000, 0x0000000710000000, 0x0000000710200000|  0%| F|  |TAMS 0x0000000710000000| PB 0x0000000710000000| Untracked |  0
| 121|0x0000000710200000, 0x0000000710200000, 0x0000000710400000|  0%| F|  |TAMS 0x0000000710200000| PB 0x0000000710200000| Untracked |  0
| 122|0x0000000710400000, 0x0000000710400000, 0x0000000710600000|  0%| F|  |TAMS 0x0000000710400000| PB 0x0000000710400000| Untracked |  0
| 123|0x0000000710600000, 0x0000000710770b40, 0x0000000710800000| 72%| E|  |TAMS 0x0000000710600000| PB 0x0000000710600000| Complete |  0
| 124|0x0000000710800000, 0x0000000710a00000, 0x0000000710a00000|100%| E|CS|TAMS 0x0000000710800000| PB 0x0000000710800000| Complete |  0
| 125|0x0000000710a00000, 0x0000000710c00000, 0x0000000710c00000|100%| E|CS|TAMS 0x0000000710a00000| PB 0x0000000710a00000| Complete |  0
| 126|0x0000000710c00000, 0x0000000710e00000, 0x0000000710e00000|100%| E|CS|TAMS 0x0000000710c00000| PB 0x0000000710c00000| Complete |  0
| 127|0x0000000710e00000, 0x0000000711000000, 0x0000000711000000|100%| E|CS|TAMS 0x0000000710e00000| PB 0x0000000710e00000| Complete |  0

Card table byte_map: [0x000001f87b3d0000,0x000001f87bbd0000] _byte_map_base: 0x000001f877bc8000

Marking Bits: (CMBitMap*) 0x000001f87a628c40
 Bits: [0x000001f87bbd0000, 0x000001f87fb90000)

Polling page: 0x000001f878530000

Metaspace:

Usage:
  Non-class:      5.22 MB used.
      Class:    690.68 KB used.
       Both:      5.89 MB used.

Virtual space:
  Non-class space:       64.00 MB reserved,       5.31 MB (  8%) committed,  1 nodes.
      Class space:        1.00 GB reserved,     768.00 KB ( <1%) committed,  1 nodes.
             Both:        1.06 GB reserved,       6.06 MB ( <1%) committed. 

Chunk freelists:
   Non-Class:  10.39 MB
       Class:  15.25 MB
        Both:  25.65 MB

MaxMetaspaceSize: unlimited
CompressedClassSpaceSize: 1.00 GB
Initial GC threshold: 21.00 MB
Current GC threshold: 21.00 MB
CDS: on
 - commit_granule_bytes: 65536.
 - commit_granule_words: 8192.
 - virtual_space_node_default_size: 8388608.
 - enlarge_chunks_in_place: 1.
 - use_allocation_guard: 0.


Internal statistics:

num_allocs_failed_limit: 0.
num_arena_births: 108.
num_arena_deaths: 0.
num_vsnodes_births: 2.
num_vsnodes_deaths: 0.
num_space_committed: 97.
num_space_uncommitted: 0.
num_chunks_returned_to_freelist: 0.
num_chunks_taken_from_freelist: 126.
num_chunk_merges: 0.
num_chunk_splits: 80.
num_chunks_enlarged: 37.
num_inconsistent_stats: 0.

CodeHeap 'non-profiled nmethods': size=119488Kb used=179Kb max_used=179Kb free=119308Kb
 bounds [0x000001f811710000, 0x000001f811980000, 0x000001f818bc0000]
CodeHeap 'profiled nmethods': size=119424Kb used=1037Kb max_used=1037Kb free=118387Kb
 bounds [0x000001f809bc0000, 0x000001f809e30000, 0x000001f811060000]
CodeHeap 'non-nmethods': size=6848Kb used=2585Kb max_used=2585Kb free=4262Kb
 bounds [0x000001f811060000, 0x000001f8112f0000, 0x000001f811710000]
 total_blobs=1166 nmethods=653 adapters=427
 compilation: enabled
              stopped_count=0, restarted_count=0
 full_count=0

JVMCI Events (12 events):
Event: 0.025 Thread 0x000001f87a5bf940 created new Java JVMCI runtime -1 (0x000001f81b3d1ae0)
Event: 0.040 Thread 0x000001f81b408d80 created new CompileBroker JVMCI runtime 0 (0x000001f81b3d2100)
Event: 0.040 Thread 0x000001f81b408d80 attached to JVMCI runtime 0
Event: 0.042 Thread 0x000001f81b408d80 loaded JVMCI shared library from C:\Users\cotiz\Documents\graalvm-jdk-22.0.2_windows-x64_bin\graalvm-jdk-22.0.2+9.1\bin\jvmcicompiler.dll
Event: 0.046 Thread 0x000001f81b408d80 created JavaVM[1]@0x000001f8809a4280 for JVMCI runtime 0
Event: 0.046 Thread 0x000001f81b408d80 initializing JVMCI runtime 0
Event: 0.046 Thread 0x000001f81b408d80 initializing JavaVM references in JVMCI runtime 0
Event: 0.046 Thread 0x000001f81b408d80 initialized JavaVM references in JVMCI runtime 0
Event: 0.046 Thread 0x000001f81b408d80 initialized JVMCI runtime 0
Event: 0.277 Thread 0x000001f81b408d80 uncaught exception in call_HotSpotJVMCIRuntime_compileMethod [nested exception occurred converting exception to string]
Event: 0.277 Thread 0x000001f81b408d80 JVMCI upcall had an error: uncaught exception in call_HotSpotJVMCIRuntime_compileMethod [nested exception occurred converting exception to string]
Event: 0.277 Thread 0x000001f81b408d80 nested exception occurred converting exception stack to string

Compilation events (20 events):
Event: 0.266 Thread 0x000001f81b409fd0 nmethod 640 0x000001f809cbbb90 code [0x000001f809cbbd40, 0x000001f809cbc100]
Event: 0.266 Thread 0x000001f81b65da10  641       3       java.lang.invoke.LambdaForm$MH/0x000001f81d00d000::invoke (25 bytes)
Event: 0.267 Thread 0x000001f81b65da10 nmethod 641 0x000001f809cbc210 code [0x000001f809cbc3c0, 0x000001f809cbc960]
Event: 0.267 Thread 0x000001f81b65da10  642       3       java.util.LinkedList$ListItr::hasNext (20 bytes)
Event: 0.267 Thread 0x000001f81b409fd0  643       1       java.awt.Color::getRGB (5 bytes)
Event: 0.267 Thread 0x000001f81b409fd0 nmethod 643 0x000001f81173c110 code [0x000001f81173c2a0, 0x000001f81173c368]
Event: 0.267 Thread 0x000001f81b65da10 nmethod 642 0x000001f809cbca90 code [0x000001f809cbcc20, 0x000001f809cbcd90]
Event: 0.267 Thread 0x000001f81b409fd0  644   !   3       sun.awt.AppContext::get (123 bytes)
Event: 0.267 Thread 0x000001f81b653d80 nmethod 637 0x000001f809cbce90 code [0x000001f809cbd1c0, 0x000001f809cbe800]
Event: 0.267 Thread 0x000001f81b409fd0 nmethod 644 0x000001f809cbee90 code [0x000001f809cbf0c0, 0x000001f809cbfcc0]
Event: 0.268 Thread 0x000001f81b409fd0  645       3       java.lang.ref.Reference::<init> (7 bytes)
Event: 0.268 Thread 0x000001f81b409fd0 nmethod 645 0x000001f809cc0010 code [0x000001f809cc01c0, 0x000001f809cc0480]
Event: 0.270 Thread 0x000001f81b409fd0  646       1       java.lang.invoke.DirectMethodHandle::isCrackable (5 bytes)
Event: 0.270 Thread 0x000001f81b65da10  648       3       jdk.internal.misc.CDS::isSharingEnabled (4 bytes)
Event: 0.270 Thread 0x000001f81b409fd0 nmethod 646 0x000001f81173c810 code [0x000001f81173c9a0, 0x000001f81173ca70]
Event: 0.270 Thread 0x000001f81b65da10 nmethod 648 0x000001f809cc0590 code [0x000001f809cc0720, 0x000001f809cc0810]
Event: 0.270 Thread 0x000001f81b65da10  649       3       java.lang.invoke.MethodHandleNatives::refKindHasReceiver (33 bytes)
Event: 0.270 Thread 0x000001f81b653d80  650       3       java.lang.invoke.LambdaFormEditor$TransformKey::packedBytes (30 bytes)
Event: 0.270 Thread 0x000001f81b65da10 nmethod 649 0x000001f809cc0890 code [0x000001f809cc0a20, 0x000001f809cc0b70]
Event: 0.270 Thread 0x000001f81b653d80 nmethod 650 0x000001f809cc0c10 code [0x000001f809cc0da0, 0x000001f809cc0ea8]

GC Heap History (0 events):
No events

Dll operation events (7 events):
Event: 0.008 Loaded shared library C:\Users\cotiz\Documents\graalvm-jdk-22.0.2_windows-x64_bin\graalvm-jdk-22.0.2+9.1\bin\java.dll
Event: 0.037 Loaded shared library C:\Users\cotiz\Documents\graalvm-jdk-22.0.2_windows-x64_bin\graalvm-jdk-22.0.2+9.1\bin\jsvml.dll
Event: 0.042 Loaded shared library C:\Users\cotiz\Documents\graalvm-jdk-22.0.2_windows-x64_bin\graalvm-jdk-22.0.2+9.1\bin\jvmcicompiler.dll
Event: 0.088 Loaded shared library C:\Users\cotiz\Documents\graalvm-jdk-22.0.2_windows-x64_bin\graalvm-jdk-22.0.2+9.1\bin\jimage.dll
Event: 0.103 Loaded shared library C:\Users\cotiz\Documents\graalvm-jdk-22.0.2_windows-x64_bin\graalvm-jdk-22.0.2+9.1\bin\awt.dll
Event: 0.218 Loaded shared library C:\Users\cotiz\Documents\graalvm-jdk-22.0.2_windows-x64_bin\graalvm-jdk-22.0.2+9.1\bin\freetype.dll
Event: 0.219 Loaded shared library C:\Users\cotiz\Documents\graalvm-jdk-22.0.2_windows-x64_bin\graalvm-jdk-22.0.2+9.1\bin\fontmanager.dll

Deoptimization events (12 events):
Event: 0.179 Thread 0x000001f87a5bf940 Uncommon trap: trap_request=0xffffffed fr.pc=0x000001f81172b4f6 relative=0x00000000000022d6
Event: 0.179 Thread 0x000001f87a5bf940 Uncommon trap: reason=null_assert_or_unreached0 action=reinterpret pc=0x000001f81172b4f6 method=java.util.HashMap.putVal(ILjava/lang/Object;Ljava/lang/Object;ZZ)Ljava/lang/Object; @ 29 jvmci
Event: 0.179 Thread 0x000001f87a5bf940 DEOPT PACKING pc=0x000001f81172b4f6 sp=0x000000dfe0bfe530
Event: 0.179 Thread 0x000001f87a5bf940 DEOPT UNPACKING pc=0x000001f8110b4c43 sp=0x000000dfe0bfd9d0 mode 3
Event: 0.267 Thread 0x000001f87a5bf940 Uncommon trap: trap_request=0xffffffed fr.pc=0x000001f81173ae62 relative=0x00000000000005a2
Event: 0.267 Thread 0x000001f87a5bf940 Uncommon trap: reason=null_assert_or_unreached0 action=reinterpret pc=0x000001f81173ae62 method=java.util.HashMap.getNode(Ljava/lang/Object;)Ljava/util/HashMap$Node; @ 0 jvmci
Event: 0.267 Thread 0x000001f87a5bf940 DEOPT PACKING pc=0x000001f81173ae62 sp=0x000000dfe0bfef40
Event: 0.267 Thread 0x000001f87a5bf940 DEOPT UNPACKING pc=0x000001f8110b4c43 sp=0x000000dfe0bfe3c8 mode 3
Event: 0.267 Thread 0x000001f87a5bf940 Uncommon trap: trap_request=0xffffffed fr.pc=0x000001f811735138 relative=0x0000000000000198
Event: 0.267 Thread 0x000001f87a5bf940 Uncommon trap: reason=null_assert_or_unreached0 action=reinterpret pc=0x000001f811735138 method=java.util.HashMap.hash(Ljava/lang/Object;)I @ 0 jvmci
Event: 0.267 Thread 0x000001f87a5bf940 DEOPT PACKING pc=0x000001f811735138 sp=0x000000dfe0bfeeb0
Event: 0.267 Thread 0x000001f87a5bf940 DEOPT UNPACKING pc=0x000001f8110b4c43 sp=0x000000dfe0bfe350 mode 3

Classes loaded (20 events):
Event: 0.269 Loading class java/awt/event/ActionEvent
Event: 0.269 Loading class java/awt/event/ActionEvent done
Event: 0.269 Loading class java/awt/ComponentOrientation
Event: 0.269 Loading class java/awt/ComponentOrientation done
Event: 0.269 Loading class java/awt/Component$3
Event: 0.269 Loading class java/awt/Component$3 done
Event: 0.271 Loading class java/awt/Cursor
Event: 0.271 Loading class java/awt/Cursor done
Event: 0.271 Loading class java/awt/Point
Event: 0.271 Loading class java/awt/Point done
Event: 0.271 Loading class java/awt/Cursor$1
Event: 0.271 Loading class sun/awt/AWTAccessor$CursorAccessor
Event: 0.271 Loading class sun/awt/AWTAccessor$CursorAccessor done
Event: 0.271 Loading class java/awt/Cursor$1 done
Event: 0.271 Loading class java/awt/GraphicsDevice
Event: 0.271 Loading class java/awt/GraphicsDevice done
Event: 0.271 Loading class sun/java2d/d3d/D3DGraphicsDevice
Event: 0.272 Loading class sun/awt/Win32GraphicsDevice
Event: 0.272 Loading class sun/awt/Win32GraphicsDevice done
Event: 0.272 Loading class sun/java2d/d3d/D3DGraphicsDevice done

Classes unloaded (0 events):
No events

Classes redefined (0 events):
No events

Internal exceptions (20 events):
Event: 0.255 Thread 0x000001f87a5bf940 Exception <a 'java/lang/ClassNotFoundException'{0x00000007109b78e8}: TextArea> (0x00000007109b78e8) 
thrown [s\open\src\hotspot\share\classfile\systemDictionary.cpp, line 313]
Event: 0.255 Thread 0x000001f87a5bf940 Exception <a 'java/lang/ClassNotFoundException'{0x00000007109b8208}: TextPane> (0x00000007109b8208) 
thrown [s\open\src\hotspot\share\classfile\systemDictionary.cpp, line 313]
Event: 0.255 Thread 0x000001f87a5bf940 Exception <a 'java/lang/ClassNotFoundException'{0x00000007109b8670}: EditorPane> (0x00000007109b8670) 
thrown [s\open\src\hotspot\share\classfile\systemDictionary.cpp, line 313]
Event: 0.256 Thread 0x000001f87a5bf940 Exception <a 'java/lang/ClassNotFoundException'{0x00000007109b8fc0}: ToolBar> (0x00000007109b8fc0) 
thrown [s\open\src\hotspot\share\classfile\systemDictionary.cpp, line 313]
Event: 0.256 Thread 0x000001f87a5bf940 Exception <a 'java/lang/ClassNotFoundException'{0x00000007109b94b8}: ToolBar> (0x00000007109b94b8) 
thrown [s\open\src\hotspot\share\classfile\systemDictionary.cpp, line 313]
Event: 0.256 Thread 0x000001f87a5bf940 Exception <a 'java/lang/ClassNotFoundException'{0x00000007109b9818}: Button> (0x00000007109b9818) 
thrown [s\open\src\hotspot\share\classfile\systemDictionary.cpp, line 313]
Event: 0.256 Thread 0x000001f87a5bf940 Exception <a 'java/lang/ClassNotFoundException'{0x00000007109b9ce0}: ToolBar> (0x00000007109b9ce0) 
thrown [s\open\src\hotspot\share\classfile\systemDictionary.cpp, line 313]
Event: 0.256 Thread 0x000001f87a5bf940 Exception <a 'java/lang/ClassNotFoundException'{0x00000007109ba050}: ToggleButton> (0x00000007109ba050) 
thrown [s\open\src\hotspot\share\classfile\systemDictionary.cpp, line 313]
Event: 0.256 Thread 0x000001f87a5bf940 Exception <a 'java/lang/ClassNotFoundException'{0x00000007109ba490}: javax/swing/JToolBarSeparator> (0x00000007109ba490) 
thrown [s\open\src\hotspot\share\classfile\systemDictionary.cpp, line 313]
Event: 0.256 Thread 0x000001f87a5bf940 Exception <a 'java/lang/ClassNotFoundException'{0x00000007109ba7a0}: ToolBarSeparator> (0x00000007109ba7a0) 
thrown [s\open\src\hotspot\share\classfile\systemDictionary.cpp, line 313]
Event: 0.256 Thread 0x000001f87a5bf940 Exception <a 'java/lang/ClassNotFoundException'{0x00000007109baca8}: ToolTip> (0x00000007109baca8) 
thrown [s\open\src\hotspot\share\classfile\systemDictionary.cpp, line 313]
Event: 0.257 Thread 0x000001f87a5bf940 Exception <a 'java/lang/ClassNotFoundException'{0x00000007109bb5e8}: Tree> (0x00000007109bb5e8) 
thrown [s\open\src\hotspot\share\classfile\systemDictionary.cpp, line 313]
Event: 0.257 Thread 0x000001f87a5bf940 Exception <a 'java/lang/ClassNotFoundException'{0x00000007109bbae0}: Tree> (0x00000007109bbae0) 
thrown [s\open\src\hotspot\share\classfile\systemDictionary.cpp, line 313]
Event: 0.257 Thread 0x000001f87a5bf940 Exception <a 'java/lang/ClassNotFoundException'{0x00000007109bbe50}: javax/swing/JTreeCell> (0x00000007109bbe50) 
thrown [s\open\src\hotspot\share\classfile\systemDictionary.cpp, line 313]
Event: 0.257 Thread 0x000001f87a5bf940 Exception <a 'java/lang/ClassNotFoundException'{0x00000007109bc158}: TreeCell> (0x00000007109bc158) 
thrown [s\open\src\hotspot\share\classfile\systemDictionary.cpp, line 313]
Event: 0.257 Thread 0x000001f87a5bf940 Exception <a 'java/lang/ClassNotFoundException'{0x00000007109bc900}: RootPane> (0x00000007109bc900) 
thrown [s\open\src\hotspot\share\classfile\systemDictionary.cpp, line 313]
Event: 0.258 Thread 0x000001f87a5bf940 Exception <a 'java/lang/ClassNotFoundException'{0x00000007109bf690}: com/sun/swing/internal/plaf/metal/resources/spi/metalProvider> (0x00000007109bf690) 
thrown [s\open\src\hotspot\share\classfile\systemDictionary.cpp, line 313]
Event: 0.259 Thread 0x000001f87a5bf940 Exception <a 'java/lang/ClassNotFoundException'{0x00000007109c3390}: com/sun/swing/internal/plaf/basic/resources/spi/basicProvider> (0x00000007109c3390) 
thrown [s\open\src\hotspot\share\classfile\systemDictionary.cpp, line 313]
Event: 0.266 Thread 0x000001f87a5bf940 Implicit null exception at 0x000001f81173a91b to 0x000001f81173ae47
Event: 0.267 Thread 0x000001f87a5bf940 Implicit null exception at 0x000001f811734fc2 to 0x000001f81173511d

ZGC Phase Switch (0 events):
No events

VM Operations (4 events):
Event: 0.064 Executing VM operation: HandshakeAllThreads (Deoptimize)
Event: 0.064 Executing VM operation: HandshakeAllThreads (Deoptimize) done
Event: 0.127 Executing VM operation: HandshakeAllThreads (Deoptimize)
Event: 0.127 Executing VM operation: HandshakeAllThreads (Deoptimize) done

Memory protections (0 events):
No events

Nmethod flushes (0 events):
No events

Events (19 events):
Event: 0.023 Thread 0x000001f87a5bf940 Thread added: 0x000001f87a5bf940
Event: 0.035 Thread 0x000001f87a5bf940 Thread added: 0x000001f81b3f6390
Event: 0.035 Thread 0x000001f87a5bf940 Thread added: 0x000001f81b3f9f70
Event: 0.035 Thread 0x000001f87a5bf940 Thread added: 0x000001f81b3fdaa0
Event: 0.035 Thread 0x000001f87a5bf940 Thread added: 0x000001f81b3fe990
Event: 0.036 Thread 0x000001f87a5bf940 Thread added: 0x000001f81b3ffb90
Event: 0.036 Thread 0x000001f87a5bf940 Thread added: 0x000001f81b403c20
Event: 0.036 Thread 0x000001f87a5bf940 Thread added: 0x000001f81b408d80
Event: 0.036 Thread 0x000001f87a5bf940 Thread added: 0x000001f81b409fd0
Event: 0.058 Thread 0x000001f87a5bf940 Thread added: 0x000001f81b5e3b80
Event: 0.064 Thread 0x000001f81b409fd0 Thread added: 0x000001f81b653d80
Event: 0.066 Thread 0x000001f81b653d80 Thread added: 0x000001f81b65da10
Event: 0.076 Thread 0x000001f87a5bf940 Thread added: 0x000001f81b6c3dc0
Event: 0.155 Thread 0x000001f87a5bf940 Thread added: 0x000001f81b8e61e0
Event: 0.156 Thread 0x000001f87a5bf940 Thread added: 0x000001f81b8f0260
Event: 0.156 Thread 0x000001f87a5bf940 Thread added: 0x000001f81b8f1cf0
Event: 0.268 Thread 0x000001f87a5bf940 Thread added: 0x000001f8629fbff0
Event: 0.268 Thread 0x000001f87a5bf940 Thread exited: 0x000001f87a5bf940
Event: 0.268 Thread 0x000001f87a5bf940 Thread added: 0x000001f87a5bf940


Dynamic libraries:
0x00007ff68cf80000 - 0x00007ff68cf90000 	C:\Users\cotiz\Documents\graalvm-jdk-22.0.2_windows-x64_bin\graalvm-jdk-22.0.2+9.1\bin\java.exe
0x00007ffb5ac50000 - 0x00007ffb5ae67000 	C:\Windows\SYSTEM32\ntdll.dll
0x00007ffb59600000 - 0x00007ffb596c4000 	C:\Windows\System32\KERNEL32.DLL
0x00007ffb58030000 - 0x00007ffb583e7000 	C:\Windows\System32\KERNELBASE.dll
0x00007ffb583f0000 - 0x00007ffb58501000 	C:\Windows\System32\ucrtbase.dll
0x00007ffb34f20000 - 0x00007ffb34f37000 	C:\Users\cotiz\Documents\graalvm-jdk-22.0.2_windows-x64_bin\graalvm-jdk-22.0.2+9.1\bin\jli.dll
0x00007ffb238f0000 - 0x00007ffb2390b000 	C:\Users\cotiz\Documents\graalvm-jdk-22.0.2_windows-x64_bin\graalvm-jdk-22.0.2+9.1\bin\VCRUNTIME140.dll
0x00007ffb58980000 - 0x00007ffb58b2f000 	C:\Windows\System32\USER32.dll
0x00007ffb58590000 - 0x00007ffb585b6000 	C:\Windows\System32\win32u.dll
0x00007ffb42480000 - 0x00007ffb42713000 	C:\Windows\WinSxS\amd64_microsoft.windows.common-controls_6595b64144ccf1df_6.0.22621.3672_none_2713b9d173822955\COMCTL32.dll
0x00007ffb597d0000 - 0x00007ffb597f9000 	C:\Windows\System32\GDI32.dll
0x00007ffb59c90000 - 0x00007ffb59d37000 	C:\Windows\System32\msvcrt.dll
0x00007ffb58730000 - 0x00007ffb58848000 	C:\Windows\System32\gdi32full.dll
0x00007ffb57f90000 - 0x00007ffb5802a000 	C:\Windows\System32\msvcp_win.dll
0x00007ffb58b40000 - 0x00007ffb58b71000 	C:\Windows\System32\IMM32.DLL
0x00007ffb55070000 - 0x00007ffb5507c000 	C:\Users\cotiz\Documents\graalvm-jdk-22.0.2_windows-x64_bin\graalvm-jdk-22.0.2+9.1\bin\vcruntime140_1.dll
0x00007ffac8370000 - 0x00007ffac83fe000 	C:\Users\cotiz\Documents\graalvm-jdk-22.0.2_windows-x64_bin\graalvm-jdk-22.0.2+9.1\bin\msvcp140.dll
0x00007ffa7e590000 - 0x00007ffa7f2d9000 	C:\Users\cotiz\Documents\graalvm-jdk-22.0.2_windows-x64_bin\graalvm-jdk-22.0.2+9.1\bin\server\jvm.dll
0x00007ffb5a910000 - 0x00007ffb5a9c2000 	C:\Windows\System32\ADVAPI32.dll
0x00007ffb5aae0000 - 0x00007ffb5ab88000 	C:\Windows\System32\sechost.dll
0x00007ffb57f60000 - 0x00007ffb57f88000 	C:\Windows\System32\bcrypt.dll
0x00007ffb59d40000 - 0x00007ffb59e54000 	C:\Windows\System32\RPCRT4.dll
0x00007ffb5ab90000 - 0x00007ffb5ac01000 	C:\Windows\System32\WS2_32.dll
0x00007ffb56e10000 - 0x00007ffb56e5d000 	C:\Windows\SYSTEM32\POWRPROF.dll
0x00007ffb4f180000 - 0x00007ffb4f1b4000 	C:\Windows\SYSTEM32\WINMM.dll
0x00007ffb52070000 - 0x00007ffb5207a000 	C:\Windows\SYSTEM32\VERSION.dll
0x00007ffb56df0000 - 0x00007ffb56e03000 	C:\Windows\SYSTEM32\UMPDC.dll
0x00007ffb570a0000 - 0x00007ffb570b8000 	C:\Windows\SYSTEM32\kernel.appcore.dll
0x00007ffb474a0000 - 0x00007ffb474aa000 	C:\Users\cotiz\Documents\graalvm-jdk-22.0.2_windows-x64_bin\graalvm-jdk-22.0.2+9.1\bin\jimage.dll
0x00007ffb4e200000 - 0x00007ffb4e432000 	C:\Windows\SYSTEM32\DBGHELP.DLL
0x00007ffb5a580000 - 0x00007ffb5a90e000 	C:\Windows\System32\combase.dll
0x00007ffb5a0e0000 - 0x00007ffb5a1b7000 	C:\Windows\System32\OLEAUT32.dll
0x00007ffb379c0000 - 0x00007ffb379f2000 	C:\Windows\SYSTEM32\dbgcore.DLL
0x00007ffb58510000 - 0x00007ffb5858b000 	C:\Windows\System32\bcryptPrimitives.dll
0x00007ffb211b0000 - 0x00007ffb211ce000 	C:\Users\cotiz\Documents\graalvm-jdk-22.0.2_windows-x64_bin\graalvm-jdk-22.0.2+9.1\bin\java.dll
0x00007ffb58d90000 - 0x00007ffb595f9000 	C:\Windows\System32\SHELL32.dll
0x00007ffb58be0000 - 0x00007ffb58d85000 	C:\Windows\System32\ole32.dll
0x00007ffb55ed0000 - 0x00007ffb567cf000 	C:\Windows\SYSTEM32\windows.storage.dll
0x00007ffb55d90000 - 0x00007ffb55ecf000 	C:\Windows\SYSTEM32\wintypes.dll
0x00007ffb5a9e0000 - 0x00007ffb5aad9000 	C:\Windows\System32\SHCORE.dll
0x00007ffb59770000 - 0x00007ffb597ce000 	C:\Windows\System32\shlwapi.dll
0x00007ffb57e90000 - 0x00007ffb57eb7000 	C:\Windows\SYSTEM32\profapi.dll
0x00007ffac8290000 - 0x00007ffac8367000 	C:\Users\cotiz\Documents\graalvm-jdk-22.0.2_windows-x64_bin\graalvm-jdk-22.0.2+9.1\bin\jsvml.dll
0x00007ffa7b5b0000 - 0x00007ffa7e588000 	C:\Users\cotiz\Documents\graalvm-jdk-22.0.2_windows-x64_bin\graalvm-jdk-22.0.2+9.1\bin\jvmcicompiler.dll
0x00007ffb58b30000 - 0x00007ffb58b38000 	C:\Windows\System32\PSAPI.DLL
0x00007ffb585c0000 - 0x00007ffb58726000 	C:\Windows\System32\CRYPT32.dll
0x00007ffb57600000 - 0x00007ffb57628000 	C:\Windows\SYSTEM32\USERENV.dll
0x00007ffb57900000 - 0x00007ffb5792d000 	C:\Windows\SYSTEM32\ncrypt.dll
0x00007ffb56a30000 - 0x00007ffb56a5d000 	C:\Windows\SYSTEM32\IPHLPAPI.DLL
0x00007ffb57510000 - 0x00007ffb57579000 	C:\Windows\SYSTEM32\MSWSOCK.dll
0x00007ffb578c0000 - 0x00007ffb578f7000 	C:\Windows\SYSTEM32\NTASN1.dll
0x00007ffa7b420000 - 0x00007ffa7b5ae000 	C:\Users\cotiz\Documents\graalvm-jdk-22.0.2_windows-x64_bin\graalvm-jdk-22.0.2+9.1\bin\awt.dll
0x00007ffb54a90000 - 0x00007ffb54b27000 	C:\Windows\SYSTEM32\apphelp.dll
0x00007ffb55470000 - 0x00007ffb55521000 	C:\Windows\system32\uxtheme.dll
0x00007ffb5a1e0000 - 0x00007ffb5a340000 	C:\Windows\System32\MSCTF.dll
0x00007ffb55900000 - 0x00007ffb5592b000 	C:\Windows\system32\DWMAPI.DLL
0x00007ffac8200000 - 0x00007ffac8287000 	C:\Users\cotiz\Documents\graalvm-jdk-22.0.2_windows-x64_bin\graalvm-jdk-22.0.2+9.1\bin\freetype.dll
0x00007ffa7b340000 - 0x00007ffa7b417000 	C:\Users\cotiz\Documents\graalvm-jdk-22.0.2_windows-x64_bin\graalvm-jdk-22.0.2+9.1\bin\fontmanager.dll
0x00007ffae9dd0000 - 0x00007ffae9ed0000 	C:\Windows\system32\opengl32.dll
0x00007ffb551b0000 - 0x00007ffb551dd000 	C:\Windows\SYSTEM32\GLU32.dll
0x00007ffb555c0000 - 0x00007ffb555f7000 	C:\Windows\SYSTEM32\dxcore.dll
0x00007ffb57c00000 - 0x00007ffb57c12000 	C:\Windows\SYSTEM32\msasn1.dll
0x00007ffb51e10000 - 0x00007ffb51e42000 	C:\Windows\SYSTEM32\cryptnet.dll
0x00007ffb57760000 - 0x00007ffb5776c000 	C:\Windows\SYSTEM32\cryptbase.dll
0x00007ffb58910000 - 0x00007ffb5897c000 	C:\Windows\System32\wintrust.dll
0x00007ffb5a1c0000 - 0x00007ffb5a1df000 	C:\Windows\System32\imagehlp.dll
0x00007ffb57770000 - 0x00007ffb5778b000 	C:\Windows\SYSTEM32\CRYPTSP.dll
0x00007ffb57000000 - 0x00007ffb57035000 	C:\Windows\system32\rsaenh.dll

dbghelp: loaded successfully - version: 4.0.5 - missing functions: none
symbol engine: initialized successfully - sym options: 0x614 - pdb path: .;C:\Users\cotiz\Documents\graalvm-jdk-22.0.2_windows-x64_bin\graalvm-jdk-22.0.2+9.1\bin;C:\Windows\SYSTEM32;C:\Windows\WinSxS\amd64_microsoft.windows.common-controls_6595b64144ccf1df_6.0.22621.3672_none_2713b9d173822955;C:\Users\cotiz\Documents\graalvm-jdk-22.0.2_windows-x64_bin\graalvm-jdk-22.0.2+9.1\bin\server;C:\Windows\System32\DriverStore\FileRepository\nv_dispig.inf_amd64_0afec3f2050014a0

VM Arguments:
jvm_args: -XX:ThreadPriorityPolicy=1 -XX:+UnlockExperimentalVMOptions -XX:+EnableJVMCIProduct -XX:-UnlockExperimentalVMOptions 
java_command: org.itson.battleshippresentation.view.StrategyView
java_class_path (initial): C:\Users\cotiz\Documents\battleship-java\BattleshipPresentation\target\classes;C:\Users\cotiz\Documents\battleship-java\BattleshipDomain\target\classes
Launcher Type: SUN_STANDARD

[Global flags]
     intx CICompilerCount                          = 4                                         {product} {ergonomic}
     uint ConcGCThreads                            = 3                                         {product} {ergonomic}
     bool EnableJVMCIProduct                       = true                                {JVMCI product} {jimage}
     uint G1ConcRefinementThreads                  = 10                                        {product} {ergonomic}
   size_t G1HeapRegionSize                         = 2097152                                   {product} {ergonomic}
   size_t InitialHeapSize                          = 268435456                                 {product} {ergonomic}
   size_t MarkStackSize                            = 4194304                                   {product} {ergonomic}
   size_t MaxHeapSize                              = 4278190080                                {product} {ergonomic}
   size_t MaxNewSize                               = 2566914048                                {product} {ergonomic}
   size_t MinHeapDeltaBytes                        = 2097152                                   {product} {ergonomic}
   size_t MinHeapSize                              = 8388608                                   {product} {ergonomic}
    uintx NonNMethodCodeHeapSize                   = 6979620                                {pd product} {ergonomic}
    uintx NonProfiledCodeHeapSize                  = 122339310                              {pd product} {ergonomic}
    uintx ProfiledCodeHeapSize                     = 122339310                              {pd product} {ergonomic}
    uintx ReservedCodeCacheSize                    = 251658240                              {pd product} {ergonomic}
     bool SegmentedCodeCache                       = true                                      {product} {ergonomic}
   size_t SoftMaxHeapSize                          = 4278190080                             {manageable} {ergonomic}
      int ThreadPriorityPolicy                     = 1                                         {product} {jimage}
     bool UseCompressedOops                        = true                           {product lp64_product} {ergonomic}
     bool UseG1GC                                  = true                                      {product} {ergonomic}
     bool UseLargePagesIndividualAllocation        = false                                  {pd product} {ergonomic}

Logging:
Log output configuration:
 #0: stdout all=warning uptime,level,tags foldmultilines=false
 #1: stderr all=off uptime,level,tags foldmultilines=false

Environment Variables:
JAVA_HOME=C:\Users\cotiz\Documents\graalvm-jdk-22.0.2_windows-x64_bin\graalvm-jdk-22.0.2+9.1
PATH=C:\Program Files\Common Files\Oracle\Java\javapath;C:\Program Files (x86)\Common Files\Oracle\Java\java8path;C:\Program Files (x86)\Common Files\Oracle\Java\javapath;C:\Windows\system32;C:\Windows;C:\Windows\System32\Wbem;C:\Windows\System32\WindowsPowerShell\v1.0\;C:\Windows\System32\OpenSSH\;C:\Program Files\NVIDIA Corporation\NVIDIA NvDLISR;C:\Program Files (x86)\NVIDIA Corporation\PhysX\Common;C:\Program Files\Git\cmd;C:\Users\cotiz\AppData\Local\Programs\Python\Launcher\;C:\Users\cotiz\AppData\Local\Microsoft\WindowsApps;D:\Curso de programacion java;C:\Users\cotiz\AppData\Local\Programs\Microsoft VS Code\bin
USERNAME=cotiz
OS=Windows_NT
PROCESSOR_IDENTIFIER=AMD64 Family 23 Model 8 Stepping 2, AuthenticAMD
TMP=C:\Users\cotiz\AppData\Local\Temp
TEMP=C:\Users\cotiz\AppData\Local\Temp




Periodic native trim disabled

---------------  S Y S T E M  ---------------

OS:
 Windows 11 , 64 bit Build 22621 (10.0.22621.3958)
OS uptime: 1 days 2:42 hours

CPU: total 12 (initial active 12) (12 cores per cpu, 2 threads per core) family 23 model 8 stepping 2 microcode 0x0, cx8, cmov, fxsr, ht, mmx, 3dnowpref, sse, sse2, sse3, ssse3, sse4a, sse4.1, sse4.2, popcnt, lzcnt, tsc, tscinvbit, avx, avx2, aes, clmul, bmi1, bmi2, adx, sha, fma, vzeroupper, clflush, clflushopt, rdtscp, f16c
Processor Information for all 12 processors :
  Max Mhz: 3400, Current Mhz: 3400, Mhz Limit: 3400

Memory: 4k page, system-wide physical 16315M (4455M free)
TotalPageFile size 25566M (AvailPageFile size 5M)
current process WorkingSet (physical memory assigned to process): 103M, peak: 103M
current process commit charge ("private bytes"): 385M, peak: 385M

vm_info: Java HotSpot(TM) 64-Bit Server VM (22.0.2+9-jvmci-b01) for windows-amd64 JRE (22.0.2+9-jvmci-b01), built on 2024-06-05T21:30:56Z by "OCIWIN18Buildbot" with MS VC++ 17.6 (VS2022)

END.
